u_loss 	 	 f_loss 	 	 sum_loss 
5.5817e-01 	 1.6179e-02 	 5.7435e-01 
5.5790e-01 	 1.5905e-02 	 5.7380e-01 
5.5751e-01 	 1.5527e-02 	 5.7304e-01 
5.5706e-01 	 1.5074e-02 	 5.7213e-01 
5.5654e-01 	 1.4566e-02 	 5.7111e-01 
5.5598e-01 	 1.4013e-02 	 5.7000e-01 
5.5539e-01 	 1.3427e-02 	 5.6882e-01 
5.5477e-01 	 1.2815e-02 	 5.6759e-01 
5.5413e-01 	 1.2184e-02 	 5.6632e-01 
5.5348e-01 	 1.1540e-02 	 5.6502e-01 
5.5282e-01 	 1.0888e-02 	 5.6371e-01 
5.5216e-01 	 1.0233e-02 	 5.6239e-01 
5.5150e-01 	 9.5797e-03 	 5.6108e-01 
5.5084e-01 	 8.9311e-03 	 5.5977e-01 
5.5019e-01 	 8.2911e-03 	 5.5848e-01 
5.4956e-01 	 7.6628e-03 	 5.5722e-01 
5.4893e-01 	 7.0491e-03 	 5.5598e-01 
5.4833e-01 	 6.4525e-03 	 5.5478e-01 
5.4774e-01 	 5.8754e-03 	 5.5362e-01 
5.4718e-01 	 5.3198e-03 	 5.5250e-01 
5.4664e-01 	 4.7875e-03 	 5.5143e-01 
5.4612e-01 	 4.2801e-03 	 5.5040e-01 
5.4563e-01 	 3.7990e-03 	 5.4943e-01 
5.4517e-01 	 3.3453e-03 	 5.4852e-01 
5.4474e-01 	 2.9201e-03 	 5.4766e-01 
5.4433e-01 	 2.5240e-03 	 5.4686e-01 
5.4396e-01 	 2.1577e-03 	 5.4612e-01 
5.4362e-01 	 1.8217e-03 	 5.4544e-01 
5.4330e-01 	 1.5161e-03 	 5.4482e-01 
5.4302e-01 	 1.2411e-03 	 5.4426e-01 
5.4277e-01 	 9.9663e-04 	 5.4376e-01 
5.4255e-01 	 7.8253e-04 	 5.4333e-01 
5.4236e-01 	 5.9849e-04 	 5.4295e-01 
5.4220e-01 	 4.4406e-04 	 5.4264e-01 
5.4206e-01 	 3.1869e-04 	 5.4238e-01 
5.4196e-01 	 2.2172e-04 	 5.4218e-01 
5.4189e-01 	 1.5241e-04 	 5.4204e-01 
5.4184e-01 	 1.0989e-04 	 5.4195e-01 
5.4182e-01 	 9.3230e-05 	 5.4191e-01 
5.4182e-01 	 1.0143e-04 	 5.4192e-01 
5.4185e-01 	 1.3340e-04 	 5.4198e-01 
5.4190e-01 	 1.8802e-04 	 5.4208e-01 
5.4197e-01 	 2.6409e-04 	 5.4223e-01 
5.4206e-01 	 3.6038e-04 	 5.4242e-01 
5.4217e-01 	 4.7562e-04 	 5.4265e-01 
5.4230e-01 	 6.0850e-04 	 5.4291e-01 
5.4245e-01 	 7.5771e-04 	 5.4321e-01 
5.4261e-01 	 9.2188e-04 	 5.4353e-01 
5.4278e-01 	 1.0997e-03 	 5.4388e-01 
5.4297e-01 	 1.2898e-03 	 5.4426e-01 
5.4317e-01 	 1.4907e-03 	 5.4466e-01 
5.4338e-01 	 1.7013e-03 	 5.4508e-01 
5.4360e-01 	 1.9200e-03 	 5.4552e-01 
5.4382e-01 	 2.1457e-03 	 5.4597e-01 
5.4405e-01 	 2.3770e-03 	 5.4643e-01 
5.4429e-01 	 2.6126e-03 	 5.4690e-01 
5.4452e-01 	 2.8513e-03 	 5.4738e-01 
5.4477e-01 	 3.0919e-03 	 5.4786e-01 
5.4501e-01 	 3.3332e-03 	 5.4834e-01 
5.4525e-01 	 3.5741e-03 	 5.4882e-01 
5.4549e-01 	 3.8136e-03 	 5.4930e-01 
5.4572e-01 	 4.0505e-03 	 5.4977e-01 
5.4596e-01 	 4.2839e-03 	 5.5024e-01 
5.4619e-01 	 4.5128e-03 	 5.5070e-01 
5.4641e-01 	 4.7365e-03 	 5.5115e-01 
5.4663e-01 	 4.9539e-03 	 5.5158e-01 
5.4684e-01 	 5.1644e-03 	 5.5201e-01 
5.4705e-01 	 5.3672e-03 	 5.5241e-01 
5.4724e-01 	 5.5616e-03 	 5.5280e-01 
5.4743e-01 	 5.7470e-03 	 5.5318e-01 
5.4761e-01 	 5.9229e-03 	 5.5353e-01 
5.4778e-01 	 6.0887e-03 	 5.5386e-01 
5.4793e-01 	 6.2440e-03 	 5.5418e-01 
5.4808e-01 	 6.3884e-03 	 5.5447e-01 
5.4821e-01 	 6.5215e-03 	 5.5474e-01 
5.4834e-01 	 6.6430e-03 	 5.5498e-01 
5.4845e-01 	 6.7527e-03 	 5.5520e-01 
5.4855e-01 	 6.8504e-03 	 5.5540e-01 
5.4864e-01 	 6.9358e-03 	 5.5557e-01 
5.4871e-01 	 7.0090e-03 	 5.5572e-01 
5.4878e-01 	 7.0697e-03 	 5.5585e-01 
5.4883e-01 	 7.1182e-03 	 5.5595e-01 
5.4887e-01 	 7.1542e-03 	 5.5602e-01 
5.4889e-01 	 7.1779e-03 	 5.5607e-01 
5.4891e-01 	 7.1895e-03 	 5.5610e-01 
5.4891e-01 	 7.1890e-03 	 5.5610e-01 
5.4890e-01 	 7.1766e-03 	 5.5608e-01 
5.4888e-01 	 7.1526e-03 	 5.5603e-01 
5.4885e-01 	 7.1171e-03 	 5.5597e-01 
5.4880e-01 	 7.0704e-03 	 5.5588e-01 
5.4875e-01 	 7.0129e-03 	 5.5576e-01 
5.4869e-01 	 6.9448e-03 	 5.5563e-01 
5.4861e-01 	 6.8666e-03 	 5.5548e-01 
5.4852e-01 	 6.7785e-03 	 5.5530e-01 
5.4843e-01 	 6.6811e-03 	 5.5511e-01 
5.4833e-01 	 6.5746e-03 	 5.5490e-01 
5.4821e-01 	 6.4596e-03 	 5.5467e-01 
5.4809e-01 	 6.3364e-03 	 5.5443e-01 
5.4797e-01 	 6.2056e-03 	 5.5417e-01 
5.4783e-01 	 6.0676e-03 	 5.5390e-01 
5.4769e-01 	 5.9229e-03 	 5.5361e-01 
5.4754e-01 	 5.7720e-03 	 5.5331e-01 
5.4739e-01 	 5.6154e-03 	 5.5300e-01 
5.4723e-01 	 5.4537e-03 	 5.5268e-01 
5.4707e-01 	 5.2873e-03 	 5.5235e-01 
5.4690e-01 	 5.1167e-03 	 5.5202e-01 
5.4673e-01 	 4.9426e-03 	 5.5167e-01 
5.4655e-01 	 4.7654e-03 	 5.5132e-01 
5.4638e-01 	 4.5856e-03 	 5.5096e-01 
5.4620e-01 	 4.4037e-03 	 5.5060e-01 
5.4602e-01 	 4.2203e-03 	 5.5024e-01 
5.4583e-01 	 4.0360e-03 	 5.4987e-01 
5.4565e-01 	 3.8511e-03 	 5.4950e-01 
5.4547e-01 	 3.6662e-03 	 5.4913e-01 
5.4529e-01 	 3.4818e-03 	 5.4877e-01 
5.4510e-01 	 3.2984e-03 	 5.4840e-01 
5.4493e-01 	 3.1164e-03 	 5.4804e-01 
5.4475e-01 	 2.9364e-03 	 5.4768e-01 
5.4457e-01 	 2.7587e-03 	 5.4733e-01 
5.4440e-01 	 2.5837e-03 	 5.4698e-01 
5.4423e-01 	 2.4120e-03 	 5.4664e-01 
5.4406e-01 	 2.2440e-03 	 5.4631e-01 
5.4390e-01 	 2.0799e-03 	 5.4598e-01 
5.4374e-01 	 1.9202e-03 	 5.4566e-01 
5.4359e-01 	 1.7652e-03 	 5.4536e-01 
5.4344e-01 	 1.6154e-03 	 5.4506e-01 
5.4330e-01 	 1.4709e-03 	 5.4477e-01 
5.4316e-01 	 1.3322e-03 	 5.4449e-01 
5.4303e-01 	 1.1994e-03 	 5.4423e-01 
5.4291e-01 	 1.0728e-03 	 5.4398e-01 
5.4279e-01 	 9.5280e-04 	 5.4374e-01 
5.4267e-01 	 8.3948e-04 	 5.4351e-01 
5.4257e-01 	 7.3306e-04 	 5.4330e-01 
5.4247e-01 	 6.3375e-04 	 5.4311e-01 
5.4238e-01 	 5.4168e-04 	 5.4292e-01 
5.4230e-01 	 4.5700e-04 	 5.4275e-01 
5.4222e-01 	 3.7984e-04 	 5.4260e-01 
5.4215e-01 	 3.1028e-04 	 5.4246e-01 
5.4209e-01 	 2.4841e-04 	 5.4234e-01 
5.4204e-01 	 1.9427e-04 	 5.4223e-01 
5.4199e-01 	 1.4790e-04 	 5.4214e-01 
5.4195e-01 	 1.0931e-04 	 5.4206e-01 
5.4192e-01 	 7.8501e-05 	 5.4200e-01 
5.4190e-01 	 5.5440e-05 	 5.4196e-01 
5.4189e-01 	 4.0084e-05 	 5.4193e-01 
5.4188e-01 	 3.2367e-05 	 5.4191e-01 
5.4188e-01 	 3.2205e-05 	 5.4191e-01 
5.4189e-01 	 3.9496e-05 	 5.4193e-01 
5.4190e-01 	 5.4123e-05 	 5.4196e-01 
5.4193e-01 	 7.5948e-05 	 5.4200e-01 
5.4195e-01 	 1.0482e-04 	 5.4206e-01 
5.4199e-01 	 1.4057e-04 	 5.4213e-01 
5.4203e-01 	 1.8301e-04 	 5.4222e-01 
5.4208e-01 	 2.3196e-04 	 5.4231e-01 
5.4214e-01 	 2.8718e-04 	 5.4243e-01 
5.4220e-01 	 3.4848e-04 	 5.4255e-01 
5.4227e-01 	 4.1559e-04 	 5.4268e-01 
5.4234e-01 	 4.8829e-04 	 5.4283e-01 
5.4242e-01 	 5.6632e-04 	 5.4298e-01 
5.4250e-01 	 6.4939e-04 	 5.4315e-01 
5.4259e-01 	 7.3725e-04 	 5.4333e-01 
5.4268e-01 	 8.2960e-04 	 5.4351e-01 
5.4278e-01 	 9.2616e-04 	 5.4370e-01 
5.4288e-01 	 1.0266e-03 	 5.4390e-01 
5.4298e-01 	 1.1307e-03 	 5.4411e-01 
5.4309e-01 	 1.2381e-03 	 5.4433e-01 
5.4320e-01 	 1.3484e-03 	 5.4455e-01 
5.4331e-01 	 1.4615e-03 	 5.4477e-01 
5.4342e-01 	 1.5768e-03 	 5.4500e-01 
5.4354e-01 	 1.6943e-03 	 5.4524e-01 
5.4366e-01 	 1.8134e-03 	 5.4547e-01 
5.4378e-01 	 1.9340e-03 	 5.4571e-01 
5.4390e-01 	 2.0556e-03 	 5.4596e-01 
5.4402e-01 	 2.1780e-03 	 5.4620e-01 
5.4414e-01 	 2.3009e-03 	 5.4645e-01 
5.4427e-01 	 2.4240e-03 	 5.4669e-01 
5.4439e-01 	 2.5469e-03 	 5.4694e-01 
5.4451e-01 	 2.6693e-03 	 5.4718e-01 
5.4463e-01 	 2.7910e-03 	 5.4742e-01 
5.4475e-01 	 2.9117e-03 	 5.4766e-01 
5.4487e-01 	 3.0311e-03 	 5.4790e-01 
5.4499e-01 	 3.1489e-03 	 5.4813e-01 
5.4510e-01 	 3.2648e-03 	 5.4837e-01 
5.4521e-01 	 3.3786e-03 	 5.4859e-01 
5.4532e-01 	 3.4901e-03 	 5.4881e-01 
5.4543e-01 	 3.5989e-03 	 5.4903e-01 
5.4554e-01 	 3.7049e-03 	 5.4924e-01 
5.4564e-01 	 3.8079e-03 	 5.4945e-01 
5.4574e-01 	 3.9075e-03 	 5.4964e-01 
5.4583e-01 	 4.0037e-03 	 5.4983e-01 
5.4592e-01 	 4.0963e-03 	 5.5002e-01 
5.4601e-01 	 4.1850e-03 	 5.5019e-01 
5.4609e-01 	 4.2696e-03 	 5.5036e-01 
5.4617e-01 	 4.3501e-03 	 5.5052e-01 
5.4625e-01 	 4.4263e-03 	 5.5067e-01 
5.4632e-01 	 4.4980e-03 	 5.5081e-01 
5.4638e-01 	 4.5651e-03 	 5.5095e-01 
5.4644e-01 	 4.6276e-03 	 5.5107e-01 
5.4650e-01 	 4.6852e-03 	 5.5118e-01 
5.4655e-01 	 4.7379e-03 	 5.5129e-01 
5.4660e-01 	 4.7857e-03 	 5.5138e-01 
5.4664e-01 	 4.8285e-03 	 5.5147e-01 
5.4667e-01 	 4.8662e-03 	 5.5154e-01 
5.4670e-01 	 4.8987e-03 	 5.5160e-01 
5.4673e-01 	 4.9261e-03 	 5.5166e-01 
5.4675e-01 	 4.9483e-03 	 5.5170e-01 
5.4677e-01 	 4.9653e-03 	 5.5173e-01 
5.4678e-01 	 4.9772e-03 	 5.5175e-01 
5.4678e-01 	 4.9839e-03 	 5.5176e-01 
5.4678e-01 	 4.9854e-03 	 5.5177e-01 
5.4677e-01 	 4.9818e-03 	 5.5176e-01 
5.4676e-01 	 4.9731e-03 	 5.5174e-01 
5.4675e-01 	 4.9595e-03 	 5.5171e-01 
5.4673e-01 	 4.9408e-03 	 5.5167e-01 
5.4670e-01 	 4.9173e-03 	 5.5162e-01 
5.4667e-01 	 4.8890e-03 	 5.5156e-01 
5.4664e-01 	 4.8560e-03 	 5.5149e-01 
5.4660e-01 	 4.8184e-03 	 5.5142e-01 
5.4655e-01 	 4.7763e-03 	 5.5133e-01 
5.4651e-01 	 4.7298e-03 	 5.5124e-01 
5.4645e-01 	 4.6790e-03 	 5.5113e-01 
5.4640e-01 	 4.6241e-03 	 5.5102e-01 
5.4634e-01 	 4.5652e-03 	 5.5090e-01 
5.4627e-01 	 4.5024e-03 	 5.5077e-01 
5.4620e-01 	 4.4359e-03 	 5.5064e-01 
5.4613e-01 	 4.3659e-03 	 5.5050e-01 
5.4606e-01 	 4.2925e-03 	 5.5035e-01 
5.4598e-01 	 4.2158e-03 	 5.5019e-01 
5.4590e-01 	 4.1361e-03 	 5.5003e-01 
5.4581e-01 	 4.0535e-03 	 5.4987e-01 
5.4573e-01 	 3.9682e-03 	 5.4969e-01 
5.4564e-01 	 3.8803e-03 	 5.4952e-01 
5.4554e-01 	 3.7901e-03 	 5.4933e-01 
5.4545e-01 	 3.6977e-03 	 5.4915e-01 
5.4535e-01 	 3.6033e-03 	 5.4896e-01 
5.4526e-01 	 3.5071e-03 	 5.4876e-01 
5.4516e-01 	 3.4093e-03 	 5.4857e-01 
5.4506e-01 	 3.3102e-03 	 5.4837e-01 
5.4496e-01 	 3.2097e-03 	 5.4816e-01 
5.4485e-01 	 3.1083e-03 	 5.4796e-01 
5.4475e-01 	 3.0060e-03 	 5.4775e-01 
5.4464e-01 	 2.9031e-03 	 5.4755e-01 
5.4454e-01 	 2.7998e-03 	 5.4734e-01 
5.4443e-01 	 2.6961e-03 	 5.4713e-01 
5.4433e-01 	 2.5924e-03 	 5.4692e-01 
5.4423e-01 	 2.4889e-03 	 5.4671e-01 
5.4412e-01 	 2.3856e-03 	 5.4651e-01 
5.4402e-01 	 2.2828e-03 	 5.4630e-01 
5.4391e-01 	 2.1806e-03 	 5.4609e-01 
5.4381e-01 	 2.0793e-03 	 5.4589e-01 
5.4371e-01 	 1.9791e-03 	 5.4569e-01 
5.4361e-01 	 1.8800e-03 	 5.4549e-01 
5.4351e-01 	 1.7822e-03 	 5.4529e-01 
5.4342e-01 	 1.6859e-03 	 5.4510e-01 
5.4332e-01 	 1.5914e-03 	 5.4491e-01 
5.4323e-01 	 1.4986e-03 	 5.4473e-01 
5.4314e-01 	 1.4078e-03 	 5.4454e-01 
5.4305e-01 	 1.3191e-03 	 5.4437e-01 
5.4296e-01 	 1.2327e-03 	 5.4419e-01 
5.4287e-01 	 1.1487e-03 	 5.4402e-01 
5.4279e-01 	 1.0672e-03 	 5.4386e-01 
5.4271e-01 	 9.8826e-04 	 5.4370e-01 
5.4264e-01 	 9.1211e-04 	 5.4355e-01 
5.4256e-01 	 8.3882e-04 	 5.4340e-01 
5.4249e-01 	 7.6848e-04 	 5.4326e-01 
5.4243e-01 	 7.0121e-04 	 5.4313e-01 
5.4236e-01 	 6.3708e-04 	 5.4300e-01 
5.4230e-01 	 5.7618e-04 	 5.4288e-01 
5.4224e-01 	 5.1860e-04 	 5.4276e-01 
5.4219e-01 	 4.6439e-04 	 5.4265e-01 
5.4214e-01 	 4.1362e-04 	 5.4255e-01 
5.4209e-01 	 3.6636e-04 	 5.4246e-01 
5.4205e-01 	 3.2264e-04 	 5.4237e-01 
5.4201e-01 	 2.8252e-04 	 5.4229e-01 
5.4197e-01 	 2.4604e-04 	 5.4222e-01 
5.4194e-01 	 2.1321e-04 	 5.4215e-01 
5.4191e-01 	 1.8407e-04 	 5.4210e-01 
5.4189e-01 	 1.5862e-04 	 5.4205e-01 
5.4187e-01 	 1.3689e-04 	 5.4200e-01 
5.4185e-01 	 1.1888e-04 	 5.4197e-01 
5.4184e-01 	 1.0457e-04 	 5.4194e-01 
5.4183e-01 	 9.3963e-05 	 5.4192e-01 
5.4182e-01 	 8.7041e-05 	 5.4191e-01 
5.4182e-01 	 8.3781e-05 	 5.4190e-01 
5.4182e-01 	 8.4152e-05 	 5.4190e-01 
5.4183e-01 	 8.8121e-05 	 5.4191e-01 
5.4183e-01 	 9.5648e-05 	 5.4193e-01 
5.4185e-01 	 1.0668e-04 	 5.4195e-01 
5.4186e-01 	 1.2118e-04 	 5.4198e-01 
5.4188e-01 	 1.3907e-04 	 5.4202e-01 
5.4190e-01 	 1.6030e-04 	 5.4206e-01 
5.4193e-01 	 1.8480e-04 	 5.4212e-01 
5.4196e-01 	 2.1249e-04 	 5.4217e-01 
5.4199e-01 	 2.4330e-04 	 5.4224e-01 
5.4203e-01 	 2.7714e-04 	 5.4230e-01 
5.4207e-01 	 3.1393e-04 	 5.4238e-01 
5.4211e-01 	 3.5358e-04 	 5.4246e-01 
5.4215e-01 	 3.9598e-04 	 5.4255e-01 
5.4220e-01 	 4.4104e-04 	 5.4264e-01 
5.4225e-01 	 4.8866e-04 	 5.4274e-01 
5.4230e-01 	 5.3873e-04 	 5.4284e-01 
5.4235e-01 	 5.9115e-04 	 5.4294e-01 
5.4241e-01 	 6.4579e-04 	 5.4306e-01 
5.4247e-01 	 7.0255e-04 	 5.4317e-01 
5.4253e-01 	 7.6131e-04 	 5.4329e-01 
5.4259e-01 	 8.2194e-04 	 5.4341e-01 
5.4265e-01 	 8.8433e-04 	 5.4354e-01 
5.4272e-01 	 9.4835e-04 	 5.4367e-01 
5.4279e-01 	 1.0139e-03 	 5.4380e-01 
5.4286e-01 	 1.0808e-03 	 5.4394e-01 
5.4293e-01 	 1.1489e-03 	 5.4408e-01 
5.4300e-01 	 1.2182e-03 	 5.4422e-01 
5.4307e-01 	 1.2885e-03 	 5.4436e-01 
5.4314e-01 	 1.3597e-03 	 5.4450e-01 
5.4322e-01 	 1.4316e-03 	 5.4465e-01 
5.4329e-01 	 1.5041e-03 	 5.4480e-01 
5.4337e-01 	 1.5771e-03 	 5.4494e-01 
5.4344e-01 	 1.6504e-03 	 5.4509e-01 
5.4352e-01 	 1.7240e-03 	 5.4524e-01 
5.4359e-01 	 1.7976e-03 	 5.4539e-01 
5.4367e-01 	 1.8712e-03 	 5.4554e-01 
5.4374e-01 	 1.9447e-03 	 5.4569e-01 
5.4382e-01 	 2.0179e-03 	 5.4584e-01 
5.4389e-01 	 2.0907e-03 	 5.4598e-01 
5.4397e-01 	 2.1630e-03 	 5.4613e-01 
5.4404e-01 	 2.2347e-03 	 5.4627e-01 
5.4411e-01 	 2.3056e-03 	 5.4642e-01 
5.4418e-01 	 2.3756e-03 	 5.4656e-01 
5.4425e-01 	 2.4447e-03 	 5.4670e-01 
5.4432e-01 	 2.5126e-03 	 5.4684e-01 
5.4439e-01 	 2.5794e-03 	 5.4697e-01 
5.4446e-01 	 2.6449e-03 	 5.4710e-01 
5.4453e-01 	 2.7090e-03 	 5.4723e-01 
5.4459e-01 	 2.7717e-03 	 5.4736e-01 
5.4465e-01 	 2.8327e-03 	 5.4748e-01 
5.4471e-01 	 2.8921e-03 	 5.4760e-01 
5.4477e-01 	 2.9497e-03 	 5.4772e-01 
5.4483e-01 	 3.0055e-03 	 5.4783e-01 
5.4488e-01 	 3.0594e-03 	 5.4794e-01 
5.4494e-01 	 3.1113e-03 	 5.4805e-01 
5.4499e-01 	 3.1611e-03 	 5.4815e-01 
5.4504e-01 	 3.2088e-03 	 5.4825e-01 
5.4508e-01 	 3.2543e-03 	 5.4834e-01 
5.4513e-01 	 3.2975e-03 	 5.4843e-01 
5.4517e-01 	 3.3384e-03 	 5.4851e-01 
5.4521e-01 	 3.3770e-03 	 5.4859e-01 
5.4525e-01 	 3.4132e-03 	 5.4866e-01 
5.4528e-01 	 3.4469e-03 	 5.4873e-01 
5.4531e-01 	 3.4781e-03 	 5.4879e-01 
5.4534e-01 	 3.5068e-03 	 5.4885e-01 
5.4537e-01 	 3.5330e-03 	 5.4890e-01 
5.4539e-01 	 3.5565e-03 	 5.4895e-01 
5.4541e-01 	 3.5775e-03 	 5.4899e-01 
5.4543e-01 	 3.5958e-03 	 5.4903e-01 
5.4545e-01 	 3.6115e-03 	 5.4906e-01 
5.4546e-01 	 3.6245e-03 	 5.4909e-01 
5.4547e-01 	 3.6349e-03 	 5.4911e-01 
5.4548e-01 	 3.6426e-03 	 5.4912e-01 
5.4549e-01 	 3.6476e-03 	 5.4914e-01 
5.4549e-01 	 3.6500e-03 	 5.4914e-01 
5.4549e-01 	 3.6498e-03 	 5.4914e-01 
5.4549e-01 	 3.6469e-03 	 5.4913e-01 
5.4548e-01 	 3.6414e-03 	 5.4912e-01 
5.4547e-01 	 3.6333e-03 	 5.4911e-01 
5.4546e-01 	 3.6226e-03 	 5.4909e-01 
5.4545e-01 	 3.6094e-03 	 5.4906e-01 
5.4543e-01 	 3.5937e-03 	 5.4903e-01 
5.4542e-01 	 3.5755e-03 	 5.4899e-01 
5.4539e-01 	 3.5548e-03 	 5.4895e-01 
5.4537e-01 	 3.5318e-03 	 5.4890e-01 
5.4535e-01 	 3.5064e-03 	 5.4885e-01 
5.4532e-01 	 3.4786e-03 	 5.4880e-01 
5.4529e-01 	 3.4487e-03 	 5.4874e-01 
5.4525e-01 	 3.4165e-03 	 5.4867e-01 
5.4522e-01 	 3.3821e-03 	 5.4860e-01 
5.4518e-01 	 3.3457e-03 	 5.4853e-01 
5.4514e-01 	 3.3072e-03 	 5.4845e-01 
5.4510e-01 	 3.2668e-03 	 5.4837e-01 
5.4506e-01 	 3.2244e-03 	 5.4828e-01 
5.4501e-01 	 3.1802e-03 	 5.4819e-01 
5.4497e-01 	 3.1342e-03 	 5.4810e-01 
5.4492e-01 	 3.0866e-03 	 5.4800e-01 
5.4487e-01 	 3.0373e-03 	 5.4791e-01 
5.4482e-01 	 2.9865e-03 	 5.4780e-01 
5.4476e-01 	 2.9342e-03 	 5.4770e-01 
5.4471e-01 	 2.8805e-03 	 5.4759e-01 
5.4465e-01 	 2.8254e-03 	 5.4748e-01 
5.4459e-01 	 2.7692e-03 	 5.4736e-01 
5.4454e-01 	 2.7118e-03 	 5.4725e-01 
5.4448e-01 	 2.6533e-03 	 5.4713e-01 
5.4442e-01 	 2.5938e-03 	 5.4701e-01 
5.4435e-01 	 2.5334e-03 	 5.4689e-01 
5.4429e-01 	 2.4723e-03 	 5.4676e-01 
5.4423e-01 	 2.4103e-03 	 5.4664e-01 
5.4416e-01 	 2.3478e-03 	 5.4651e-01 
5.4410e-01 	 2.2847e-03 	 5.4639e-01 
5.4404e-01 	 2.2211e-03 	 5.4626e-01 
5.4397e-01 	 2.1571e-03 	 5.4613e-01 
5.4390e-01 	 2.0928e-03 	 5.4600e-01 
5.4384e-01 	 2.0283e-03 	 5.4587e-01 
5.4377e-01 	 1.9637e-03 	 5.4574e-01 
5.4371e-01 	 1.8990e-03 	 5.4561e-01 
5.4364e-01 	 1.8344e-03 	 5.4547e-01 
5.4357e-01 	 1.7700e-03 	 5.4534e-01 
5.4351e-01 	 1.7057e-03 	 5.4521e-01 
5.4344e-01 	 1.6417e-03 	 5.4508e-01 
5.4338e-01 	 1.5781e-03 	 5.4496e-01 
5.4331e-01 	 1.5150e-03 	 5.4483e-01 
5.4325e-01 	 1.4524e-03 	 5.4470e-01 
5.4319e-01 	 1.3904e-03 	 5.4458e-01 
5.4312e-01 	 1.3291e-03 	 5.4445e-01 
5.4306e-01 	 1.2686e-03 	 5.4433e-01 
5.4300e-01 	 1.2090e-03 	 5.4421e-01 
5.4294e-01 	 1.1502e-03 	 5.4409e-01 
5.4288e-01 	 1.0924e-03 	 5.4397e-01 
5.4282e-01 	 1.0357e-03 	 5.4386e-01 
5.4276e-01 	 9.8018e-04 	 5.4374e-01 
5.4271e-01 	 9.2579e-04 	 5.4363e-01 
5.4265e-01 	 8.7267e-04 	 5.4353e-01 
5.4260e-01 	 8.2085e-04 	 5.4342e-01 
5.4255e-01 	 7.7042e-04 	 5.4332e-01 
5.4250e-01 	 7.2141e-04 	 5.4322e-01 
5.4245e-01 	 6.7389e-04 	 5.4312e-01 
5.4240e-01 	 6.2792e-04 	 5.4303e-01 
5.4236e-01 	 5.8353e-04 	 5.4294e-01 
5.4231e-01 	 5.4078e-04 	 5.4285e-01 
5.4227e-01 	 4.9971e-04 	 5.4277e-01 
5.4223e-01 	 4.6037e-04 	 5.4269e-01 
5.4219e-01 	 4.2279e-04 	 5.4261e-01 
5.4215e-01 	 3.8701e-04 	 5.4254e-01 
5.4212e-01 	 3.5307e-04 	 5.4247e-01 
5.4208e-01 	 3.2100e-04 	 5.4240e-01 
5.4205e-01 	 2.9082e-04 	 5.4234e-01 
5.4202e-01 	 2.6258e-04 	 5.4229e-01 
5.4200e-01 	 2.3628e-04 	 5.4223e-01 
5.4197e-01 	 2.1195e-04 	 5.4218e-01 
5.4195e-01 	 1.8962e-04 	 5.4214e-01 
5.4192e-01 	 1.6928e-04 	 5.4209e-01 
5.4191e-01 	 1.5097e-04 	 5.4206e-01 
5.4189e-01 	 1.3469e-04 	 5.4202e-01 
5.4187e-01 	 1.2044e-04 	 5.4199e-01 
5.4186e-01 	 1.0823e-04 	 5.4197e-01 
5.4185e-01 	 9.8066e-05 	 5.4195e-01 
5.4184e-01 	 8.9945e-05 	 5.4193e-01 
5.4183e-01 	 8.3863e-05 	 5.4192e-01 
5.4183e-01 	 7.9815e-05 	 5.4191e-01 
5.4182e-01 	 7.7793e-05 	 5.4190e-01 
5.4182e-01 	 7.7784e-05 	 5.4190e-01 
5.4182e-01 	 7.9776e-05 	 5.4190e-01 
5.4183e-01 	 8.3752e-05 	 5.4191e-01 
5.4183e-01 	 8.9693e-05 	 5.4192e-01 
5.4184e-01 	 9.7579e-05 	 5.4194e-01 
5.4185e-01 	 1.0739e-04 	 5.4196e-01 
5.4186e-01 	 1.1909e-04 	 5.4198e-01 
5.4187e-01 	 1.3265e-04 	 5.4201e-01 
5.4189e-01 	 1.4806e-04 	 5.4204e-01 
5.4190e-01 	 1.6527e-04 	 5.4207e-01 
5.4192e-01 	 1.8424e-04 	 5.4211e-01 
5.4194e-01 	 2.0495e-04 	 5.4215e-01 
5.4196e-01 	 2.2735e-04 	 5.4219e-01 
5.4199e-01 	 2.5140e-04 	 5.4224e-01 
5.4201e-01 	 2.7706e-04 	 5.4229e-01 
5.4204e-01 	 3.0429e-04 	 5.4234e-01 
5.4207e-01 	 3.3303e-04 	 5.4240e-01 
5.4210e-01 	 3.6324e-04 	 5.4246e-01 
5.4213e-01 	 3.9488e-04 	 5.4252e-01 
5.4216e-01 	 4.2788e-04 	 5.4259e-01 
5.4220e-01 	 4.6220e-04 	 5.4266e-01 
5.4223e-01 	 4.9779e-04 	 5.4273e-01 
5.4227e-01 	 5.3458e-04 	 5.4280e-01 
5.4231e-01 	 5.7253e-04 	 5.4288e-01 
5.4235e-01 	 6.1157e-04 	 5.4296e-01 
5.4239e-01 	 6.5164e-04 	 5.4304e-01 
5.4243e-01 	 6.9270e-04 	 5.4312e-01 
5.4247e-01 	 7.3467e-04 	 5.4320e-01 
5.4251e-01 	 7.7750e-04 	 5.4329e-01 
5.4256e-01 	 8.2112e-04 	 5.4338e-01 
5.4260e-01 	 8.6547e-04 	 5.4347e-01 
5.4265e-01 	 9.1049e-04 	 5.4356e-01 
5.4269e-01 	 9.5612e-04 	 5.4365e-01 
5.4274e-01 	 1.0023e-03 	 5.4374e-01 
5.4278e-01 	 1.0489e-03 	 5.4383e-01 
5.4283e-01 	 1.0960e-03 	 5.4393e-01 
5.4288e-01 	 1.1434e-03 	 5.4402e-01 
5.4293e-01 	 1.1911e-03 	 5.4412e-01 
5.4298e-01 	 1.2390e-03 	 5.4422e-01 
5.4302e-01 	 1.2871e-03 	 5.4431e-01 
5.4307e-01 	 1.3353e-03 	 5.4441e-01 
5.4312e-01 	 1.3835e-03 	 5.4451e-01 
5.4317e-01 	 1.4317e-03 	 5.4460e-01 
5.4322e-01 	 1.4798e-03 	 5.4470e-01 
5.4327e-01 	 1.5277e-03 	 5.4480e-01 
5.4332e-01 	 1.5754e-03 	 5.4489e-01 
5.4336e-01 	 1.6228e-03 	 5.4499e-01 
5.4341e-01 	 1.6699e-03 	 5.4508e-01 
5.4346e-01 	 1.7166e-03 	 5.4518e-01 
5.4351e-01 	 1.7629e-03 	 5.4527e-01 
5.4355e-01 	 1.8086e-03 	 5.4536e-01 
5.4360e-01 	 1.8538e-03 	 5.4545e-01 
5.4364e-01 	 1.8983e-03 	 5.4554e-01 
5.4369e-01 	 1.9422e-03 	 5.4563e-01 
5.4373e-01 	 1.9853e-03 	 5.4572e-01 
5.4378e-01 	 2.0277e-03 	 5.4580e-01 
5.4382e-01 	 2.0692e-03 	 5.4589e-01 
5.4386e-01 	 2.1098e-03 	 5.4597e-01 
5.4390e-01 	 2.1495e-03 	 5.4605e-01 
5.4394e-01 	 2.1883e-03 	 5.4613e-01 
5.4398e-01 	 2.2260e-03 	 5.4620e-01 
5.4402e-01 	 2.2627e-03 	 5.4628e-01 
5.4405e-01 	 2.2982e-03 	 5.4635e-01 
5.4409e-01 	 2.3326e-03 	 5.4642e-01 
5.4412e-01 	 2.3659e-03 	 5.4649e-01 
5.4415e-01 	 2.3979e-03 	 5.4655e-01 
5.4419e-01 	 2.4287e-03 	 5.4661e-01 
5.4422e-01 	 2.4582e-03 	 5.4667e-01 
5.4425e-01 	 2.4863e-03 	 5.4673e-01 
5.4427e-01 	 2.5132e-03 	 5.4679e-01 
5.4430e-01 	 2.5386e-03 	 5.4684e-01 
5.4432e-01 	 2.5627e-03 	 5.4689e-01 
5.4435e-01 	 2.5853e-03 	 5.4693e-01 
5.4437e-01 	 2.6065e-03 	 5.4698e-01 
5.4439e-01 	 2.6262e-03 	 5.4702e-01 
5.4441e-01 	 2.6445e-03 	 5.4705e-01 
5.4443e-01 	 2.6612e-03 	 5.4709e-01 
5.4444e-01 	 2.6765e-03 	 5.4712e-01 
5.4446e-01 	 2.6902e-03 	 5.4715e-01 
5.4447e-01 	 2.7024e-03 	 5.4717e-01 
5.4448e-01 	 2.7130e-03 	 5.4720e-01 
5.4449e-01 	 2.7221e-03 	 5.4722e-01 
5.4450e-01 	 2.7296e-03 	 5.4723e-01 
5.4451e-01 	 2.7355e-03 	 5.4725e-01 
5.4451e-01 	 2.7399e-03 	 5.4725e-01 
5.4452e-01 	 2.7428e-03 	 5.4726e-01 
5.4452e-01 	 2.7440e-03 	 5.4726e-01 
5.4452e-01 	 2.7438e-03 	 5.4727e-01 
5.4452e-01 	 2.7419e-03 	 5.4726e-01 
5.4452e-01 	 2.7386e-03 	 5.4726e-01 
5.4451e-01 	 2.7336e-03 	 5.4725e-01 
5.4451e-01 	 2.7272e-03 	 5.4724e-01 
5.4450e-01 	 2.7193e-03 	 5.4722e-01 
5.4449e-01 	 2.7098e-03 	 5.4720e-01 
5.4448e-01 	 2.6989e-03 	 5.4718e-01 
5.4447e-01 	 2.6865e-03 	 5.4716e-01 
5.4446e-01 	 2.6727e-03 	 5.4713e-01 
5.4445e-01 	 2.6575e-03 	 5.4710e-01 
5.4443e-01 	 2.6408e-03 	 5.4707e-01 
5.4441e-01 	 2.6228e-03 	 5.4704e-01 
5.4439e-01 	 2.6034e-03 	 5.4700e-01 
5.4437e-01 	 2.5827e-03 	 5.4696e-01 
5.4435e-01 	 2.5607e-03 	 5.4691e-01 
5.4433e-01 	 2.5375e-03 	 5.4687e-01 
5.4431e-01 	 2.5130e-03 	 5.4682e-01 
5.4428e-01 	 2.4872e-03 	 5.4677e-01 
5.4426e-01 	 2.4603e-03 	 5.4672e-01 
5.4423e-01 	 2.4323e-03 	 5.4666e-01 
5.4420e-01 	 2.4032e-03 	 5.4660e-01 
5.4417e-01 	 2.3730e-03 	 5.4654e-01 
5.4414e-01 	 2.3417e-03 	 5.4648e-01 
5.4411e-01 	 2.3095e-03 	 5.4642e-01 
5.4408e-01 	 2.2763e-03 	 5.4635e-01 
5.4404e-01 	 2.2422e-03 	 5.4629e-01 
5.4401e-01 	 2.2072e-03 	 5.4622e-01 
5.4398e-01 	 2.1713e-03 	 5.4615e-01 
5.4394e-01 	 2.1347e-03 	 5.4607e-01 
5.4390e-01 	 2.0973e-03 	 5.4600e-01 
5.4387e-01 	 2.0593e-03 	 5.4592e-01 
5.4383e-01 	 2.0205e-03 	 5.4585e-01 
5.4379e-01 	 1.9811e-03 	 5.4577e-01 
5.4375e-01 	 1.9412e-03 	 5.4569e-01 
5.4371e-01 	 1.9007e-03 	 5.4561e-01 
5.4367e-01 	 1.8597e-03 	 5.4553e-01 
5.4363e-01 	 1.8183e-03 	 5.4545e-01 
5.4359e-01 	 1.7764e-03 	 5.4536e-01 
5.4355e-01 	 1.7342e-03 	 5.4528e-01 
5.4350e-01 	 1.6918e-03 	 5.4520e-01 
5.4346e-01 	 1.6490e-03 	 5.4511e-01 
5.4342e-01 	 1.6060e-03 	 5.4503e-01 
5.4338e-01 	 1.5629e-03 	 5.4494e-01 
5.4333e-01 	 1.5196e-03 	 5.4485e-01 
5.4329e-01 	 1.4763e-03 	 5.4477e-01 
5.4325e-01 	 1.4329e-03 	 5.4468e-01 
5.4321e-01 	 1.3896e-03 	 5.4460e-01 
5.4316e-01 	 1.3463e-03 	 5.4451e-01 
5.4312e-01 	 1.3031e-03 	 5.4442e-01 
5.4308e-01 	 1.2600e-03 	 5.4434e-01 
5.4303e-01 	 1.2171e-03 	 5.4425e-01 
5.4299e-01 	 1.1745e-03 	 5.4417e-01 
5.4295e-01 	 1.1321e-03 	 5.4408e-01 
5.4291e-01 	 1.0901e-03 	 5.4400e-01 
5.4287e-01 	 1.0484e-03 	 5.4392e-01 
5.4283e-01 	 1.0071e-03 	 5.4383e-01 
5.4279e-01 	 9.6627e-04 	 5.4375e-01 
5.4275e-01 	 9.2591e-04 	 5.4367e-01 
5.4271e-01 	 8.8606e-04 	 5.4359e-01 
5.4267e-01 	 8.4678e-04 	 5.4351e-01 
5.4263e-01 	 8.0808e-04 	 5.4344e-01 
5.4259e-01 	 7.7002e-04 	 5.4336e-01 
5.4255e-01 	 7.3263e-04 	 5.4329e-01 
5.4252e-01 	 6.9594e-04 	 5.4321e-01 
5.4248e-01 	 6.5998e-04 	 5.4314e-01 
5.4245e-01 	 6.2479e-04 	 5.4307e-01 
5.4241e-01 	 5.9040e-04 	 5.4300e-01 
5.4238e-01 	 5.5685e-04 	 5.4294e-01 
5.4235e-01 	 5.2415e-04 	 5.4287e-01 
5.4232e-01 	 4.9234e-04 	 5.4281e-01 
5.4228e-01 	 4.6145e-04 	 5.4275e-01 
5.4225e-01 	 4.3150e-04 	 5.4269e-01 
5.4223e-01 	 4.0253e-04 	 5.4263e-01 
5.4220e-01 	 3.7454e-04 	 5.4257e-01 
5.4217e-01 	 3.4757e-04 	 5.4252e-01 
5.4214e-01 	 3.2164e-04 	 5.4247e-01 
5.4212e-01 	 2.9676e-04 	 5.4242e-01 
5.4210e-01 	 2.7297e-04 	 5.4237e-01 
5.4207e-01 	 2.5027e-04 	 5.4232e-01 
5.4205e-01 	 2.2868e-04 	 5.4228e-01 
5.4203e-01 	 2.0821e-04 	 5.4224e-01 
5.4201e-01 	 1.8889e-04 	 5.4220e-01 
5.4199e-01 	 1.7073e-04 	 5.4216e-01 
5.4198e-01 	 1.5373e-04 	 5.4213e-01 
5.4196e-01 	 1.3790e-04 	 5.4210e-01 
5.4195e-01 	 1.2327e-04 	 5.4207e-01 
5.4193e-01 	 1.0983e-04 	 5.4204e-01 
5.4192e-01 	 9.7583e-05 	 5.4202e-01 
5.4191e-01 	 8.6547e-05 	 5.4199e-01 
5.4190e-01 	 7.6720e-05 	 5.4197e-01 
5.4189e-01 	 6.8106e-05 	 5.4196e-01 
5.4188e-01 	 6.0705e-05 	 5.4194e-01 
5.4188e-01 	 5.4519e-05 	 5.4193e-01 
5.4187e-01 	 4.9546e-05 	 5.4192e-01 
5.4187e-01 	 4.5783e-05 	 5.4191e-01 
5.4186e-01 	 4.3228e-05 	 5.4191e-01 
5.4186e-01 	 4.1874e-05 	 5.4190e-01 
5.4186e-01 	 4.1717e-05 	 5.4190e-01 
5.4186e-01 	 4.2750e-05 	 5.4190e-01 
5.4186e-01 	 4.4963e-05 	 5.4191e-01 
5.4187e-01 	 4.8347e-05 	 5.4191e-01 
5.4187e-01 	 5.2892e-05 	 5.4192e-01 
5.4188e-01 	 5.8586e-05 	 5.4193e-01 
5.4188e-01 	 6.5416e-05 	 5.4195e-01 
5.4189e-01 	 7.3368e-05 	 5.4196e-01 
5.4190e-01 	 8.2426e-05 	 5.4198e-01 
5.4191e-01 	 9.2576e-05 	 5.4200e-01 
5.4192e-01 	 1.0380e-04 	 5.4202e-01 
5.4193e-01 	 1.1608e-04 	 5.4205e-01 
5.4194e-01 	 1.2939e-04 	 5.4207e-01 
5.4196e-01 	 1.4372e-04 	 5.4210e-01 
5.4197e-01 	 1.5905e-04 	 5.4213e-01 
5.4199e-01 	 1.7535e-04 	 5.4216e-01 
5.4200e-01 	 1.9260e-04 	 5.4220e-01 
5.4202e-01 	 2.1078e-04 	 5.4223e-01 
5.4204e-01 	 2.2987e-04 	 5.4227e-01 
5.4206e-01 	 2.4983e-04 	 5.4231e-01 
5.4208e-01 	 2.7064e-04 	 5.4235e-01 
5.4210e-01 	 2.9228e-04 	 5.4239e-01 
5.4212e-01 	 3.1472e-04 	 5.4244e-01 
5.4214e-01 	 3.3792e-04 	 5.4248e-01 
5.4217e-01 	 3.6188e-04 	 5.4253e-01 
5.4219e-01 	 3.8654e-04 	 5.4258e-01 
5.4222e-01 	 4.1189e-04 	 5.4263e-01 
5.4224e-01 	 4.3789e-04 	 5.4268e-01 
5.4227e-01 	 4.6451e-04 	 5.4273e-01 
5.4229e-01 	 4.9173e-04 	 5.4279e-01 
5.4232e-01 	 5.1951e-04 	 5.4284e-01 
5.4235e-01 	 5.4782e-04 	 5.4290e-01 
5.4238e-01 	 5.7662e-04 	 5.4295e-01 
5.4240e-01 	 6.0589e-04 	 5.4301e-01 
5.4243e-01 	 6.3559e-04 	 5.4307e-01 
5.4246e-01 	 6.6569e-04 	 5.4313e-01 
5.4249e-01 	 6.9616e-04 	 5.4319e-01 
5.4252e-01 	 7.2696e-04 	 5.4325e-01 
5.4255e-01 	 7.5806e-04 	 5.4331e-01 
5.4258e-01 	 7.8943e-04 	 5.4337e-01 
5.4261e-01 	 8.2103e-04 	 5.4343e-01 
5.4264e-01 	 8.5283e-04 	 5.4350e-01 
5.4268e-01 	 8.8479e-04 	 5.4356e-01 
5.4271e-01 	 9.1688e-04 	 5.4362e-01 
5.4274e-01 	 9.4908e-04 	 5.4369e-01 
5.4277e-01 	 9.8134e-04 	 5.4375e-01 
5.4280e-01 	 1.0136e-03 	 5.4381e-01 
5.4283e-01 	 1.0459e-03 	 5.4388e-01 
5.4286e-01 	 1.0782e-03 	 5.4394e-01 
5.4290e-01 	 1.1104e-03 	 5.4401e-01 
5.4293e-01 	 1.1425e-03 	 5.4407e-01 
5.4296e-01 	 1.1744e-03 	 5.4413e-01 
5.4299e-01 	 1.2062e-03 	 5.4419e-01 
5.4302e-01 	 1.2378e-03 	 5.4426e-01 
5.4305e-01 	 1.2692e-03 	 5.4432e-01 
5.4308e-01 	 1.3003e-03 	 5.4438e-01 
5.4311e-01 	 1.3312e-03 	 5.4444e-01 
5.4314e-01 	 1.3617e-03 	 5.4450e-01 
5.4317e-01 	 1.3919e-03 	 5.4456e-01 
5.4320e-01 	 1.4217e-03 	 5.4462e-01 
5.4323e-01 	 1.4511e-03 	 5.4468e-01 
5.4325e-01 	 1.4801e-03 	 5.4473e-01 
5.4328e-01 	 1.5086e-03 	 5.4479e-01 
5.4331e-01 	 1.5367e-03 	 5.4484e-01 
5.4333e-01 	 1.5642e-03 	 5.4490e-01 
5.4336e-01 	 1.5912e-03 	 5.4495e-01 
5.4339e-01 	 1.6177e-03 	 5.4500e-01 
5.4341e-01 	 1.6435e-03 	 5.4505e-01 
5.4344e-01 	 1.6688e-03 	 5.4510e-01 
5.4346e-01 	 1.6934e-03 	 5.4515e-01 
5.4348e-01 	 1.7174e-03 	 5.4520e-01 
5.4350e-01 	 1.7407e-03 	 5.4525e-01 
5.4353e-01 	 1.7634e-03 	 5.4529e-01 
5.4355e-01 	 1.7853e-03 	 5.4533e-01 
5.4357e-01 	 1.8065e-03 	 5.4537e-01 
5.4359e-01 	 1.8269e-03 	 5.4541e-01 
5.4361e-01 	 1.8466e-03 	 5.4545e-01 
5.4362e-01 	 1.8655e-03 	 5.4549e-01 
5.4364e-01 	 1.8836e-03 	 5.4553e-01 
5.4366e-01 	 1.9009e-03 	 5.4556e-01 
5.4367e-01 	 1.9174e-03 	 5.4559e-01 
5.4369e-01 	 1.9331e-03 	 5.4562e-01 
5.4370e-01 	 1.9479e-03 	 5.4565e-01 
5.4372e-01 	 1.9618e-03 	 5.4568e-01 
5.4373e-01 	 1.9749e-03 	 5.4570e-01 
5.4374e-01 	 1.9871e-03 	 5.4573e-01 
5.4375e-01 	 1.9984e-03 	 5.4575e-01 
5.4376e-01 	 2.0088e-03 	 5.4577e-01 
5.4377e-01 	 2.0183e-03 	 5.4579e-01 
5.4378e-01 	 2.0270e-03 	 5.4580e-01 
5.4378e-01 	 2.0347e-03 	 5.4582e-01 
5.4379e-01 	 2.0414e-03 	 5.4583e-01 
5.4379e-01 	 2.0473e-03 	 5.4584e-01 
5.4380e-01 	 2.0522e-03 	 5.4585e-01 
5.4380e-01 	 2.0563e-03 	 5.4586e-01 
5.4380e-01 	 2.0594e-03 	 5.4586e-01 
5.4381e-01 	 2.0615e-03 	 5.4587e-01 
5.4381e-01 	 2.0628e-03 	 5.4587e-01 
5.4381e-01 	 2.0631e-03 	 5.4587e-01 
5.4380e-01 	 2.0625e-03 	 5.4587e-01 
5.4380e-01 	 2.0610e-03 	 5.4586e-01 
5.4380e-01 	 2.0586e-03 	 5.4586e-01 
5.4379e-01 	 2.0552e-03 	 5.4585e-01 
5.4379e-01 	 2.0510e-03 	 5.4584e-01 
5.4378e-01 	 2.0459e-03 	 5.4583e-01 
5.4378e-01 	 2.0399e-03 	 5.4582e-01 
5.4377e-01 	 2.0330e-03 	 5.4580e-01 
5.4376e-01 	 2.0252e-03 	 5.4579e-01 
5.4375e-01 	 2.0166e-03 	 5.4577e-01 
5.4374e-01 	 2.0072e-03 	 5.4575e-01 
5.4373e-01 	 1.9969e-03 	 5.4573e-01 
5.4372e-01 	 1.9857e-03 	 5.4571e-01 
5.4371e-01 	 1.9738e-03 	 5.4568e-01 
5.4369e-01 	 1.9611e-03 	 5.4566e-01 
5.4368e-01 	 1.9475e-03 	 5.4563e-01 
5.4367e-01 	 1.9332e-03 	 5.4560e-01 
5.4365e-01 	 1.9182e-03 	 5.4557e-01 
5.4363e-01 	 1.9024e-03 	 5.4554e-01 
5.4362e-01 	 1.8858e-03 	 5.4550e-01 
5.4360e-01 	 1.8686e-03 	 5.4547e-01 
5.4358e-01 	 1.8507e-03 	 5.4543e-01 
5.4356e-01 	 1.8321e-03 	 5.4539e-01 
5.4354e-01 	 1.8128e-03 	 5.4536e-01 
5.4352e-01 	 1.7929e-03 	 5.4532e-01 
5.4350e-01 	 1.7724e-03 	 5.4527e-01 
5.4348e-01 	 1.7513e-03 	 5.4523e-01 
5.4346e-01 	 1.7296e-03 	 5.4519e-01 
5.4344e-01 	 1.7074e-03 	 5.4514e-01 
5.4341e-01 	 1.6846e-03 	 5.4510e-01 
5.4339e-01 	 1.6613e-03 	 5.4505e-01 
5.4337e-01 	 1.6376e-03 	 5.4500e-01 
5.4334e-01 	 1.6133e-03 	 5.4496e-01 
5.4332e-01 	 1.5886e-03 	 5.4491e-01 
5.4329e-01 	 1.5635e-03 	 5.4486e-01 
5.4327e-01 	 1.5379e-03 	 5.4480e-01 
5.4324e-01 	 1.5120e-03 	 5.4475e-01 
5.4321e-01 	 1.4858e-03 	 5.4470e-01 
5.4319e-01 	 1.4592e-03 	 5.4465e-01 
5.4316e-01 	 1.4322e-03 	 5.4459e-01 
5.4313e-01 	 1.4050e-03 	 5.4454e-01 
5.4311e-01 	 1.3776e-03 	 5.4448e-01 
5.4308e-01 	 1.3499e-03 	 5.4443e-01 
5.4305e-01 	 1.3220e-03 	 5.4437e-01 
5.4302e-01 	 1.2939e-03 	 5.4432e-01 
5.4299e-01 	 1.2656e-03 	 5.4426e-01 
5.4297e-01 	 1.2372e-03 	 5.4420e-01 
5.4294e-01 	 1.2087e-03 	 5.4415e-01 
5.4291e-01 	 1.1801e-03 	 5.4409e-01 
5.4288e-01 	 1.1514e-03 	 5.4403e-01 
5.4285e-01 	 1.1227e-03 	 5.4398e-01 
5.4282e-01 	 1.0939e-03 	 5.4392e-01 
5.4280e-01 	 1.0652e-03 	 5.4386e-01 
5.4277e-01 	 1.0365e-03 	 5.4380e-01 
5.4274e-01 	 1.0078e-03 	 5.4375e-01 
5.4271e-01 	 9.7920e-04 	 5.4369e-01 
5.4268e-01 	 9.5071e-04 	 5.4363e-01 
5.4265e-01 	 9.2235e-04 	 5.4358e-01 
5.4263e-01 	 8.9413e-04 	 5.4352e-01 
5.4260e-01 	 8.6607e-04 	 5.4346e-01 
5.4257e-01 	 8.3821e-04 	 5.4341e-01 
5.4254e-01 	 8.1056e-04 	 5.4335e-01 
5.4252e-01 	 7.8315e-04 	 5.4330e-01 
5.4249e-01 	 7.5599e-04 	 5.4325e-01 
5.4246e-01 	 7.2910e-04 	 5.4319e-01 
5.4244e-01 	 7.0252e-04 	 5.4314e-01 
5.4241e-01 	 6.7625e-04 	 5.4309e-01 
5.4239e-01 	 6.5033e-04 	 5.4304e-01 
5.4236e-01 	 6.2476e-04 	 5.4299e-01 
5.4234e-01 	 5.9957e-04 	 5.4294e-01 
5.4231e-01 	 5.7478e-04 	 5.4289e-01 
5.4229e-01 	 5.5041e-04 	 5.4284e-01 
5.4227e-01 	 5.2647e-04 	 5.4279e-01 
5.4224e-01 	 5.0298e-04 	 5.4275e-01 
5.4222e-01 	 4.7996e-04 	 5.4270e-01 
5.4220e-01 	 4.5743e-04 	 5.4266e-01 
5.4218e-01 	 4.3540e-04 	 5.4261e-01 
5.4216e-01 	 4.1389e-04 	 5.4257e-01 
5.4214e-01 	 3.9291e-04 	 5.4253e-01 
5.4212e-01 	 3.7248e-04 	 5.4249e-01 
5.4210e-01 	 3.5261e-04 	 5.4245e-01 
5.4208e-01 	 3.3332e-04 	 5.4241e-01 
5.4206e-01 	 3.1462e-04 	 5.4238e-01 
5.4204e-01 	 2.9652e-04 	 5.4234e-01 
5.4203e-01 	 2.7903e-04 	 5.4231e-01 
5.4201e-01 	 2.6216e-04 	 5.4227e-01 
5.4200e-01 	 2.4593e-04 	 5.4224e-01 
5.4198e-01 	 2.3035e-04 	 5.4221e-01 
5.4197e-01 	 2.1542e-04 	 5.4218e-01 
5.4195e-01 	 2.0115e-04 	 5.4216e-01 
5.4194e-01 	 1.8756e-04 	 5.4213e-01 
5.4193e-01 	 1.7465e-04 	 5.4210e-01 
5.4192e-01 	 1.6242e-04 	 5.4208e-01 
5.4191e-01 	 1.5089e-04 	 5.4206e-01 
5.4190e-01 	 1.4006e-04 	 5.4204e-01 
5.4189e-01 	 1.2993e-04 	 5.4202e-01 
5.4188e-01 	 1.2051e-04 	 5.4200e-01 
5.4187e-01 	 1.1181e-04 	 5.4198e-01 
5.4186e-01 	 1.0382e-04 	 5.4197e-01 
5.4186e-01 	 9.6553e-05 	 5.4195e-01 
5.4185e-01 	 9.0006e-05 	 5.4194e-01 
5.4185e-01 	 8.4183e-05 	 5.4193e-01 
5.4184e-01 	 7.9085e-05 	 5.4192e-01 
5.4184e-01 	 7.4711e-05 	 5.4191e-01 
5.4184e-01 	 7.1060e-05 	 5.4191e-01 
5.4184e-01 	 6.8133e-05 	 5.4190e-01 
5.4183e-01 	 6.5927e-05 	 5.4190e-01 
5.4183e-01 	 6.4441e-05 	 5.4190e-01 
5.4183e-01 	 6.3672e-05 	 5.4190e-01 
5.4184e-01 	 6.3615e-05 	 5.4190e-01 
5.4184e-01 	 6.4268e-05 	 5.4190e-01 
5.4184e-01 	 6.5626e-05 	 5.4190e-01 
5.4184e-01 	 6.7683e-05 	 5.4191e-01 
5.4185e-01 	 7.0435e-05 	 5.4192e-01 
5.4185e-01 	 7.3874e-05 	 5.4192e-01 
5.4186e-01 	 7.7994e-05 	 5.4193e-01 
5.4186e-01 	 8.2788e-05 	 5.4194e-01 
5.4187e-01 	 8.8247e-05 	 5.4196e-01 
5.4187e-01 	 9.4365e-05 	 5.4197e-01 
5.4188e-01 	 1.0113e-04 	 5.4198e-01 
5.4189e-01 	 1.0854e-04 	 5.4200e-01 
5.4190e-01 	 1.1657e-04 	 5.4202e-01 
5.4191e-01 	 1.2522e-04 	 5.4203e-01 
5.4192e-01 	 1.3448e-04 	 5.4205e-01 
5.4193e-01 	 1.4434e-04 	 5.4208e-01 
5.4194e-01 	 1.5478e-04 	 5.4210e-01 
5.4195e-01 	 1.6580e-04 	 5.4212e-01 
5.4197e-01 	 1.7738e-04 	 5.4214e-01 
5.4198e-01 	 1.8950e-04 	 5.4217e-01 
5.4199e-01 	 2.0216e-04 	 5.4220e-01 
5.4201e-01 	 2.1533e-04 	 5.4222e-01 
5.4202e-01 	 2.2902e-04 	 5.4225e-01 
5.4204e-01 	 2.4319e-04 	 5.4228e-01 
5.4205e-01 	 2.5784e-04 	 5.4231e-01 
5.4207e-01 	 2.7295e-04 	 5.4234e-01 
5.4209e-01 	 2.8851e-04 	 5.4237e-01 
5.4210e-01 	 3.0450e-04 	 5.4241e-01 
5.4212e-01 	 3.2090e-04 	 5.4244e-01 
5.4214e-01 	 3.3770e-04 	 5.4247e-01 
5.4216e-01 	 3.5489e-04 	 5.4251e-01 
5.4217e-01 	 3.7243e-04 	 5.4255e-01 
5.4219e-01 	 3.9033e-04 	 5.4258e-01 
5.4221e-01 	 4.0855e-04 	 5.4262e-01 
5.4223e-01 	 4.2708e-04 	 5.4266e-01 
5.4225e-01 	 4.4592e-04 	 5.4270e-01 
5.4227e-01 	 4.6502e-04 	 5.4274e-01 
5.4229e-01 	 4.8439e-04 	 5.4277e-01 
5.4231e-01 	 5.0400e-04 	 5.4281e-01 
5.4233e-01 	 5.2383e-04 	 5.4286e-01 
5.4235e-01 	 5.4387e-04 	 5.4290e-01 
5.4237e-01 	 5.6410e-04 	 5.4294e-01 
5.4239e-01 	 5.8449e-04 	 5.4298e-01 
5.4242e-01 	 6.0503e-04 	 5.4302e-01 
5.4244e-01 	 6.2570e-04 	 5.4306e-01 
5.4246e-01 	 6.4649e-04 	 5.4311e-01 
5.4248e-01 	 6.6737e-04 	 5.4315e-01 
5.4250e-01 	 6.8833e-04 	 5.4319e-01 
5.4252e-01 	 7.0935e-04 	 5.4323e-01 
5.4255e-01 	 7.3040e-04 	 5.4328e-01 
5.4257e-01 	 7.5148e-04 	 5.4332e-01 
5.4259e-01 	 7.7256e-04 	 5.4336e-01 
5.4261e-01 	 7.9362e-04 	 5.4340e-01 
5.4263e-01 	 8.1465e-04 	 5.4345e-01 
5.4265e-01 	 8.3563e-04 	 5.4349e-01 
5.4267e-01 	 8.5654e-04 	 5.4353e-01 
5.4270e-01 	 8.7736e-04 	 5.4357e-01 
5.4272e-01 	 8.9808e-04 	 5.4362e-01 
5.4274e-01 	 9.1868e-04 	 5.4366e-01 
5.4276e-01 	 9.3914e-04 	 5.4370e-01 
5.4278e-01 	 9.5944e-04 	 5.4374e-01 
5.4280e-01 	 9.7957e-04 	 5.4378e-01 
5.4282e-01 	 9.9952e-04 	 5.4382e-01 
5.4284e-01 	 1.0193e-03 	 5.4386e-01 
5.4286e-01 	 1.0388e-03 	 5.4390e-01 
5.4288e-01 	 1.0581e-03 	 5.4394e-01 
5.4290e-01 	 1.0771e-03 	 5.4398e-01 
5.4292e-01 	 1.0958e-03 	 5.4402e-01 
5.4294e-01 	 1.1143e-03 	 5.4405e-01 
5.4296e-01 	 1.1325e-03 	 5.4409e-01 
5.4297e-01 	 1.1504e-03 	 5.4413e-01 
5.4299e-01 	 1.1679e-03 	 5.4416e-01 
5.4301e-01 	 1.1851e-03 	 5.4420e-01 
5.4303e-01 	 1.2020e-03 	 5.4423e-01 
5.4304e-01 	 1.2185e-03 	 5.4426e-01 
5.4306e-01 	 1.2346e-03 	 5.4429e-01 
5.4308e-01 	 1.2503e-03 	 5.4433e-01 
5.4309e-01 	 1.2656e-03 	 5.4436e-01 
5.4311e-01 	 1.2806e-03 	 5.4439e-01 
5.4312e-01 	 1.2951e-03 	 5.4442e-01 
5.4314e-01 	 1.3091e-03 	 5.4444e-01 
5.4315e-01 	 1.3227e-03 	 5.4447e-01 
5.4316e-01 	 1.3359e-03 	 5.4450e-01 
5.4317e-01 	 1.3486e-03 	 5.4452e-01 
5.4319e-01 	 1.3608e-03 	 5.4455e-01 
5.4320e-01 	 1.3725e-03 	 5.4457e-01 
5.4321e-01 	 1.3838e-03 	 5.4459e-01 
5.4322e-01 	 1.3945e-03 	 5.4462e-01 
5.4323e-01 	 1.4048e-03 	 5.4464e-01 
5.4324e-01 	 1.4145e-03 	 5.4466e-01 
5.4325e-01 	 1.4238e-03 	 5.4467e-01 
5.4326e-01 	 1.4325e-03 	 5.4469e-01 
5.4327e-01 	 1.4406e-03 	 5.4471e-01 
5.4327e-01 	 1.4483e-03 	 5.4472e-01 
5.4328e-01 	 1.4554e-03 	 5.4474e-01 
5.4329e-01 	 1.4619e-03 	 5.4475e-01 
5.4329e-01 	 1.4679e-03 	 5.4476e-01 
5.4330e-01 	 1.4734e-03 	 5.4477e-01 
5.4330e-01 	 1.4783e-03 	 5.4478e-01 
5.4331e-01 	 1.4827e-03 	 5.4479e-01 
5.4331e-01 	 1.4865e-03 	 5.4480e-01 
5.4331e-01 	 1.4897e-03 	 5.4480e-01 
5.4332e-01 	 1.4924e-03 	 5.4481e-01 
5.4332e-01 	 1.4945e-03 	 5.4481e-01 
5.4332e-01 	 1.4961e-03 	 5.4481e-01 
5.4332e-01 	 1.4971e-03 	 5.4482e-01 
5.4332e-01 	 1.4975e-03 	 5.4482e-01 
5.4332e-01 	 1.4974e-03 	 5.4482e-01 
5.4332e-01 	 1.4968e-03 	 5.4481e-01 
5.4332e-01 	 1.4955e-03 	 5.4481e-01 
5.4331e-01 	 1.4938e-03 	 5.4481e-01 
5.4331e-01 	 1.4915e-03 	 5.4480e-01 
5.4331e-01 	 1.4886e-03 	 5.4480e-01 
5.4330e-01 	 1.4852e-03 	 5.4479e-01 
5.4330e-01 	 1.4813e-03 	 5.4478e-01 
5.4329e-01 	 1.4768e-03 	 5.4477e-01 
5.4329e-01 	 1.4718e-03 	 5.4476e-01 
5.4328e-01 	 1.4663e-03 	 5.4475e-01 
5.4328e-01 	 1.4602e-03 	 5.4474e-01 
5.4327e-01 	 1.4537e-03 	 5.4472e-01 
5.4326e-01 	 1.4466e-03 	 5.4471e-01 
5.4325e-01 	 1.4391e-03 	 5.4469e-01 
5.4324e-01 	 1.4311e-03 	 5.4468e-01 
5.4324e-01 	 1.4226e-03 	 5.4466e-01 
5.4323e-01 	 1.4136e-03 	 5.4464e-01 
5.4322e-01 	 1.4041e-03 	 5.4462e-01 
5.4320e-01 	 1.3942e-03 	 5.4460e-01 
5.4319e-01 	 1.3838e-03 	 5.4458e-01 
5.4318e-01 	 1.3730e-03 	 5.4456e-01 
5.4317e-01 	 1.3618e-03 	 5.4453e-01 
5.4316e-01 	 1.3501e-03 	 5.4451e-01 
5.4314e-01 	 1.3381e-03 	 5.4448e-01 
5.4313e-01 	 1.3256e-03 	 5.4446e-01 
5.4312e-01 	 1.3128e-03 	 5.4443e-01 
5.4310e-01 	 1.2995e-03 	 5.4440e-01 
5.4309e-01 	 1.2859e-03 	 5.4438e-01 
5.4307e-01 	 1.2720e-03 	 5.4435e-01 
5.4306e-01 	 1.2577e-03 	 5.4432e-01 
5.4304e-01 	 1.2430e-03 	 5.4429e-01 
5.4303e-01 	 1.2281e-03 	 5.4426e-01 
5.4301e-01 	 1.2128e-03 	 5.4423e-01 
5.4300e-01 	 1.1972e-03 	 5.4419e-01 
5.4298e-01 	 1.1814e-03 	 5.4416e-01 
5.4296e-01 	 1.1652e-03 	 5.4413e-01 
5.4295e-01 	 1.1488e-03 	 5.4409e-01 
5.4293e-01 	 1.1322e-03 	 5.4406e-01 
5.4291e-01 	 1.1153e-03 	 5.4403e-01 
5.4289e-01 	 1.0982e-03 	 5.4399e-01 
5.4287e-01 	 1.0809e-03 	 5.4395e-01 
5.4286e-01 	 1.0634e-03 	 5.4392e-01 
5.4284e-01 	 1.0457e-03 	 5.4388e-01 
5.4282e-01 	 1.0279e-03 	 5.4385e-01 
5.4280e-01 	 1.0099e-03 	 5.4381e-01 
5.4278e-01 	 9.9173e-04 	 5.4377e-01 
5.4276e-01 	 9.7345e-04 	 5.4373e-01 
5.4274e-01 	 9.5506e-04 	 5.4370e-01 
5.4272e-01 	 9.3657e-04 	 5.4366e-01 
5.4270e-01 	 9.1798e-04 	 5.4362e-01 
5.4268e-01 	 8.9932e-04 	 5.4358e-01 
5.4266e-01 	 8.8061e-04 	 5.4354e-01 
5.4264e-01 	 8.6184e-04 	 5.4351e-01 
5.4262e-01 	 8.4304e-04 	 5.4347e-01 
5.4260e-01 	 8.2423e-04 	 5.4343e-01 
5.4258e-01 	 8.0540e-04 	 5.4339e-01 
5.4256e-01 	 7.8659e-04 	 5.4335e-01 
5.4255e-01 	 7.6779e-04 	 5.4331e-01 
5.4253e-01 	 7.4903e-04 	 5.4327e-01 
5.4251e-01 	 7.3031e-04 	 5.4324e-01 
5.4249e-01 	 7.1165e-04 	 5.4320e-01 
5.4247e-01 	 6.9307e-04 	 5.4316e-01 
5.4245e-01 	 6.7458e-04 	 5.4312e-01 
5.4243e-01 	 6.5618e-04 	 5.4308e-01 
5.4241e-01 	 6.3789e-04 	 5.4305e-01 
5.4239e-01 	 6.1972e-04 	 5.4301e-01 
5.4237e-01 	 6.0170e-04 	 5.4297e-01 
5.4235e-01 	 5.8382e-04 	 5.4294e-01 
5.4233e-01 	 5.6610e-04 	 5.4290e-01 
5.4232e-01 	 5.4855e-04 	 5.4286e-01 
5.4230e-01 	 5.3119e-04 	 5.4283e-01 
5.4228e-01 	 5.1402e-04 	 5.4279e-01 
5.4226e-01 	 4.9706e-04 	 5.4276e-01 
5.4224e-01 	 4.8032e-04 	 5.4272e-01 
5.4223e-01 	 4.6380e-04 	 5.4269e-01 
5.4221e-01 	 4.4752e-04 	 5.4266e-01 
5.4219e-01 	 4.3150e-04 	 5.4262e-01 
5.4218e-01 	 4.1573e-04 	 5.4259e-01 
5.4216e-01 	 4.0023e-04 	 5.4256e-01 
5.4214e-01 	 3.8501e-04 	 5.4253e-01 
5.4213e-01 	 3.7008e-04 	 5.4250e-01 
5.4211e-01 	 3.5544e-04 	 5.4247e-01 
5.4210e-01 	 3.4112e-04 	 5.4244e-01 
5.4208e-01 	 3.2711e-04 	 5.4241e-01 
5.4207e-01 	 3.1342e-04 	 5.4238e-01 
5.4205e-01 	 3.0006e-04 	 5.4235e-01 
5.4204e-01 	 2.8705e-04 	 5.4233e-01 
5.4203e-01 	 2.7438e-04 	 5.4230e-01 
5.4201e-01 	 2.6207e-04 	 5.4228e-01 
5.4200e-01 	 2.5011e-04 	 5.4225e-01 
5.4199e-01 	 2.3853e-04 	 5.4223e-01 
5.4198e-01 	 2.2732e-04 	 5.4220e-01 
5.4197e-01 	 2.1650e-04 	 5.4218e-01 
5.4195e-01 	 2.0605e-04 	 5.4216e-01 
5.4194e-01 	 1.9601e-04 	 5.4214e-01 
5.4193e-01 	 1.8635e-04 	 5.4212e-01 
5.4192e-01 	 1.7711e-04 	 5.4210e-01 
5.4191e-01 	 1.6826e-04 	 5.4208e-01 
5.4191e-01 	 1.5983e-04 	 5.4207e-01 
5.4190e-01 	 1.5181e-04 	 5.4205e-01 
5.4189e-01 	 1.4422e-04 	 5.4203e-01 
5.4188e-01 	 1.3704e-04 	 5.4202e-01 
5.4187e-01 	 1.3029e-04 	 5.4200e-01 
5.4187e-01 	 1.2396e-04 	 5.4199e-01 
5.4186e-01 	 1.1807e-04 	 5.4198e-01 
5.4185e-01 	 1.1261e-04 	 5.4197e-01 
5.4185e-01 	 1.0758e-04 	 5.4196e-01 
5.4184e-01 	 1.0299e-04 	 5.4195e-01 
5.4184e-01 	 9.8828e-05 	 5.4194e-01 
5.4184e-01 	 9.5106e-05 	 5.4193e-01 
5.4183e-01 	 9.1822e-05 	 5.4192e-01 
5.4183e-01 	 8.8975e-05 	 5.4192e-01 
5.4183e-01 	 8.6565e-05 	 5.4191e-01 
5.4182e-01 	 8.4592e-05 	 5.4191e-01 
5.4182e-01 	 8.3054e-05 	 5.4191e-01 
5.4182e-01 	 8.1951e-05 	 5.4190e-01 
5.4182e-01 	 8.1282e-05 	 5.4190e-01 
5.4182e-01 	 8.1043e-05 	 5.4190e-01 
5.4182e-01 	 8.1234e-05 	 5.4190e-01 
5.4182e-01 	 8.1852e-05 	 5.4190e-01 
5.4182e-01 	 8.2895e-05 	 5.4190e-01 
5.4182e-01 	 8.4358e-05 	 5.4191e-01 
5.4182e-01 	 8.6241e-05 	 5.4191e-01 
5.4183e-01 	 8.8538e-05 	 5.4191e-01 
5.4183e-01 	 9.1246e-05 	 5.4192e-01 
5.4183e-01 	 9.4362e-05 	 5.4193e-01 
5.4183e-01 	 9.7880e-05 	 5.4193e-01 
5.4184e-01 	 1.0180e-04 	 5.4194e-01 
5.4184e-01 	 1.0611e-04 	 5.4195e-01 
5.4185e-01 	 1.1080e-04 	 5.4196e-01 
5.4185e-01 	 1.1589e-04 	 5.4197e-01 
5.4186e-01 	 1.2134e-04 	 5.4198e-01 
5.4186e-01 	 1.2717e-04 	 5.4199e-01 
5.4187e-01 	 1.3337e-04 	 5.4200e-01 
5.4188e-01 	 1.3992e-04 	 5.4202e-01 
5.4188e-01 	 1.4683e-04 	 5.4203e-01 
5.4189e-01 	 1.5409e-04 	 5.4204e-01 
5.4190e-01 	 1.6168e-04 	 5.4206e-01 
5.4191e-01 	 1.6960e-04 	 5.4208e-01 
5.4191e-01 	 1.7785e-04 	 5.4209e-01 
5.4192e-01 	 1.8642e-04 	 5.4211e-01 
5.4193e-01 	 1.9529e-04 	 5.4213e-01 
5.4194e-01 	 2.0447e-04 	 5.4215e-01 
5.4195e-01 	 2.1394e-04 	 5.4216e-01 
5.4196e-01 	 2.2370e-04 	 5.4218e-01 
5.4197e-01 	 2.3373e-04 	 5.4220e-01 
5.4198e-01 	 2.4403e-04 	 5.4223e-01 
5.4199e-01 	 2.5459e-04 	 5.4225e-01 
5.4200e-01 	 2.6540e-04 	 5.4227e-01 
5.4201e-01 	 2.7645e-04 	 5.4229e-01 
5.4203e-01 	 2.8774e-04 	 5.4231e-01 
5.4204e-01 	 2.9924e-04 	 5.4234e-01 
5.4205e-01 	 3.1096e-04 	 5.4236e-01 
5.4206e-01 	 3.2289e-04 	 5.4239e-01 
5.4207e-01 	 3.3501e-04 	 5.4241e-01 
5.4209e-01 	 3.4732e-04 	 5.4243e-01 
5.4210e-01 	 3.5980e-04 	 5.4246e-01 
5.4211e-01 	 3.7244e-04 	 5.4249e-01 
5.4213e-01 	 3.8525e-04 	 5.4251e-01 
5.4214e-01 	 3.9820e-04 	 5.4254e-01 
5.4215e-01 	 4.1128e-04 	 5.4256e-01 
5.4217e-01 	 4.2449e-04 	 5.4259e-01 
5.4218e-01 	 4.3782e-04 	 5.4262e-01 
5.4219e-01 	 4.5125e-04 	 5.4265e-01 
5.4221e-01 	 4.6478e-04 	 5.4267e-01 
5.4222e-01 	 4.7839e-04 	 5.4270e-01 
5.4224e-01 	 4.9207e-04 	 5.4273e-01 
5.4225e-01 	 5.0583e-04 	 5.4276e-01 
5.4227e-01 	 5.1963e-04 	 5.4278e-01 
5.4228e-01 	 5.3349e-04 	 5.4281e-01 
5.4229e-01 	 5.4737e-04 	 5.4284e-01 
5.4231e-01 	 5.6128e-04 	 5.4287e-01 
5.4232e-01 	 5.7520e-04 	 5.4290e-01 
5.4234e-01 	 5.8913e-04 	 5.4293e-01 
5.4235e-01 	 6.0305e-04 	 5.4295e-01 
5.4237e-01 	 6.1696e-04 	 5.4298e-01 
5.4238e-01 	 6.3084e-04 	 5.4301e-01 
5.4240e-01 	 6.4469e-04 	 5.4304e-01 
5.4241e-01 	 6.5848e-04 	 5.4307e-01 
5.4242e-01 	 6.7223e-04 	 5.4310e-01 
5.4244e-01 	 6.8591e-04 	 5.4312e-01 
5.4245e-01 	 6.9951e-04 	 5.4315e-01 
5.4247e-01 	 7.1303e-04 	 5.4318e-01 
5.4248e-01 	 7.2646e-04 	 5.4321e-01 
5.4249e-01 	 7.3978e-04 	 5.4323e-01 
5.4251e-01 	 7.5299e-04 	 5.4326e-01 
5.4252e-01 	 7.6608e-04 	 5.4329e-01 
5.4254e-01 	 7.7905e-04 	 5.4331e-01 
5.4255e-01 	 7.9187e-04 	 5.4334e-01 
5.4256e-01 	 8.0455e-04 	 5.4337e-01 
5.4258e-01 	 8.1707e-04 	 5.4339e-01 
5.4259e-01 	 8.2942e-04 	 5.4342e-01 
5.4260e-01 	 8.4161e-04 	 5.4344e-01 
5.4261e-01 	 8.5361e-04 	 5.4347e-01 
5.4263e-01 	 8.6543e-04 	 5.4349e-01 
5.4264e-01 	 8.7705e-04 	 5.4352e-01 
5.4265e-01 	 8.8846e-04 	 5.4354e-01 
5.4266e-01 	 8.9967e-04 	 5.4356e-01 
5.4267e-01 	 9.1066e-04 	 5.4359e-01 
5.4269e-01 	 9.2142e-04 	 5.4361e-01 
5.4270e-01 	 9.3195e-04 	 5.4363e-01 
5.4271e-01 	 9.4224e-04 	 5.4365e-01 
5.4272e-01 	 9.5228e-04 	 5.4367e-01 
5.4273e-01 	 9.6208e-04 	 5.4369e-01 
5.4274e-01 	 9.7161e-04 	 5.4371e-01 
5.4275e-01 	 9.8089e-04 	 5.4373e-01 
5.4276e-01 	 9.8989e-04 	 5.4375e-01 
5.4277e-01 	 9.9862e-04 	 5.4377e-01 
5.4278e-01 	 1.0071e-03 	 5.4379e-01 
5.4279e-01 	 1.0152e-03 	 5.4380e-01 
5.4280e-01 	 1.0231e-03 	 5.4382e-01 
5.4280e-01 	 1.0307e-03 	 5.4383e-01 
5.4281e-01 	 1.0379e-03 	 5.4385e-01 
5.4282e-01 	 1.0449e-03 	 5.4386e-01 
5.4283e-01 	 1.0516e-03 	 5.4388e-01 
5.4283e-01 	 1.0579e-03 	 5.4389e-01 
5.4284e-01 	 1.0640e-03 	 5.4390e-01 
5.4285e-01 	 1.0697e-03 	 5.4392e-01 
5.4285e-01 	 1.0751e-03 	 5.4393e-01 
5.4286e-01 	 1.0802e-03 	 5.4394e-01 
5.4286e-01 	 1.0849e-03 	 5.4395e-01 
5.4287e-01 	 1.0893e-03 	 5.4396e-01 
5.4287e-01 	 1.0934e-03 	 5.4397e-01 
5.4288e-01 	 1.0972e-03 	 5.4398e-01 
5.4288e-01 	 1.1006e-03 	 5.4398e-01 
5.4289e-01 	 1.1036e-03 	 5.4399e-01 
5.4289e-01 	 1.1064e-03 	 5.4400e-01 
5.4289e-01 	 1.1088e-03 	 5.4400e-01 
5.4290e-01 	 1.1108e-03 	 5.4401e-01 
5.4290e-01 	 1.1126e-03 	 5.4401e-01 
5.4290e-01 	 1.1139e-03 	 5.4401e-01 
5.4290e-01 	 1.1150e-03 	 5.4402e-01 
5.4290e-01 	 1.1156e-03 	 5.4402e-01 
5.4290e-01 	 1.1160e-03 	 5.4402e-01 
5.4290e-01 	 1.1160e-03 	 5.4402e-01 
5.4290e-01 	 1.1157e-03 	 5.4402e-01 
5.4290e-01 	 1.1150e-03 	 5.4402e-01 
5.4290e-01 	 1.1140e-03 	 5.4402e-01 
5.4290e-01 	 1.1126e-03 	 5.4402e-01 
5.4290e-01 	 1.1109e-03 	 5.4401e-01 
5.4290e-01 	 1.1089e-03 	 5.4401e-01 
5.4290e-01 	 1.1066e-03 	 5.4401e-01 
5.4290e-01 	 1.1039e-03 	 5.4400e-01 
5.4289e-01 	 1.1009e-03 	 5.4400e-01 
5.4289e-01 	 1.0976e-03 	 5.4399e-01 
5.4289e-01 	 1.0939e-03 	 5.4398e-01 
5.4288e-01 	 1.0899e-03 	 5.4397e-01 
5.4288e-01 	 1.0856e-03 	 5.4397e-01 
5.4288e-01 	 1.0810e-03 	 5.4396e-01 
5.4287e-01 	 1.0761e-03 	 5.4395e-01 
5.4287e-01 	 1.0709e-03 	 5.4394e-01 
5.4286e-01 	 1.0654e-03 	 5.4393e-01 
5.4286e-01 	 1.0596e-03 	 5.4392e-01 
5.4285e-01 	 1.0535e-03 	 5.4390e-01 
5.4285e-01 	 1.0471e-03 	 5.4389e-01 
5.4284e-01 	 1.0404e-03 	 5.4388e-01 
5.4283e-01 	 1.0334e-03 	 5.4387e-01 
5.4283e-01 	 1.0262e-03 	 5.4385e-01 
5.4282e-01 	 1.0187e-03 	 5.4384e-01 
5.4281e-01 	 1.0109e-03 	 5.4382e-01 
5.4280e-01 	 1.0029e-03 	 5.4381e-01 
5.4280e-01 	 9.9462e-04 	 5.4379e-01 
5.4279e-01 	 9.8610e-04 	 5.4377e-01 
5.4278e-01 	 9.7733e-04 	 5.4376e-01 
5.4277e-01 	 9.6833e-04 	 5.4374e-01 
5.4276e-01 	 9.5910e-04 	 5.4372e-01 
5.4275e-01 	 9.4964e-04 	 5.4370e-01 
5.4274e-01 	 9.3997e-04 	 5.4368e-01 
5.4273e-01 	 9.3009e-04 	 5.4366e-01 
5.4272e-01 	 9.2000e-04 	 5.4364e-01 
5.4271e-01 	 9.0972e-04 	 5.4362e-01 
5.4270e-01 	 8.9924e-04 	 5.4360e-01 
5.4269e-01 	 8.8859e-04 	 5.4358e-01 
5.4268e-01 	 8.7775e-04 	 5.4356e-01 
5.4267e-01 	 8.6675e-04 	 5.4354e-01 
5.4266e-01 	 8.5558e-04 	 5.4352e-01 
5.4265e-01 	 8.4426e-04 	 5.4349e-01 
5.4264e-01 	 8.3279e-04 	 5.4347e-01 
5.4263e-01 	 8.2118e-04 	 5.4345e-01 
5.4261e-01 	 8.0943e-04 	 5.4342e-01 
5.4260e-01 	 7.9756e-04 	 5.4340e-01 
5.4259e-01 	 7.8557e-04 	 5.4338e-01 
5.4258e-01 	 7.7347e-04 	 5.4335e-01 
5.4257e-01 	 7.6126e-04 	 5.4333e-01 
5.4255e-01 	 7.4896e-04 	 5.4330e-01 
5.4254e-01 	 7.3657e-04 	 5.4328e-01 
5.4253e-01 	 7.2410e-04 	 5.4325e-01 
5.4252e-01 	 7.1156e-04 	 5.4323e-01 
5.4250e-01 	 6.9895e-04 	 5.4320e-01 
5.4249e-01 	 6.8628e-04 	 5.4318e-01 
5.4248e-01 	 6.7356e-04 	 5.4315e-01 
5.4247e-01 	 6.6080e-04 	 5.4313e-01 
5.4245e-01 	 6.4801e-04 	 5.4310e-01 
5.4244e-01 	 6.3519e-04 	 5.4308e-01 
5.4243e-01 	 6.2235e-04 	 5.4305e-01 
5.4241e-01 	 6.0950e-04 	 5.4302e-01 
5.4240e-01 	 5.9664e-04 	 5.4300e-01 
5.4239e-01 	 5.8379e-04 	 5.4297e-01 
5.4238e-01 	 5.7095e-04 	 5.4295e-01 
5.4236e-01 	 5.5813e-04 	 5.4292e-01 
5.4235e-01 	 5.4534e-04 	 5.4290e-01 
5.4234e-01 	 5.3258e-04 	 5.4287e-01 
5.4232e-01 	 5.1986e-04 	 5.4284e-01 
5.4231e-01 	 5.0719e-04 	 5.4282e-01 
5.4230e-01 	 4.9458e-04 	 5.4279e-01 
5.4229e-01 	 4.8203e-04 	 5.4277e-01 
5.4227e-01 	 4.6955e-04 	 5.4274e-01 
5.4226e-01 	 4.5716e-04 	 5.4272e-01 
5.4225e-01 	 4.4484e-04 	 5.4269e-01 
5.4224e-01 	 4.3262e-04 	 5.4267e-01 
5.4222e-01 	 4.2049e-04 	 5.4264e-01 
5.4221e-01 	 4.0848e-04 	 5.4262e-01 
5.4220e-01 	 3.9657e-04 	 5.4260e-01 
5.4219e-01 	 3.8479e-04 	 5.4257e-01 
5.4218e-01 	 3.7313e-04 	 5.4255e-01 
5.4216e-01 	 3.6160e-04 	 5.4253e-01 
5.4215e-01 	 3.5021e-04 	 5.4250e-01 
5.4214e-01 	 3.3897e-04 	 5.4248e-01 
5.4213e-01 	 3.2787e-04 	 5.4246e-01 
5.4212e-01 	 3.1694e-04 	 5.4243e-01 
5.4211e-01 	 3.0616e-04 	 5.4241e-01 
5.4210e-01 	 2.9556e-04 	 5.4239e-01 
5.4209e-01 	 2.8513e-04 	 5.4237e-01 
5.4207e-01 	 2.7488e-04 	 5.4235e-01 
5.4206e-01 	 2.6481e-04 	 5.4233e-01 
5.4205e-01 	 2.5494e-04 	 5.4231e-01 
5.4204e-01 	 2.4526e-04 	 5.4229e-01 
5.4203e-01 	 2.3578e-04 	 5.4227e-01 
5.4202e-01 	 2.2651e-04 	 5.4225e-01 
5.4202e-01 	 2.1744e-04 	 5.4223e-01 
5.4201e-01 	 2.0860e-04 	 5.4221e-01 
5.4200e-01 	 1.9997e-04 	 5.4220e-01 
5.4199e-01 	 1.9156e-04 	 5.4218e-01 
5.4198e-01 	 1.8338e-04 	 5.4216e-01 
5.4197e-01 	 1.7543e-04 	 5.4215e-01 
5.4196e-01 	 1.6772e-04 	 5.4213e-01 
5.4196e-01 	 1.6025e-04 	 5.4212e-01 
5.4195e-01 	 1.5302e-04 	 5.4210e-01 
5.4194e-01 	 1.4603e-04 	 5.4209e-01 
5.4193e-01 	 1.3930e-04 	 5.4207e-01 
5.4193e-01 	 1.3281e-04 	 5.4206e-01 
5.4192e-01 	 1.2659e-04 	 5.4205e-01 
5.4191e-01 	 1.2061e-04 	 5.4203e-01 
5.4191e-01 	 1.1490e-04 	 5.4202e-01 
5.4190e-01 	 1.0945e-04 	 5.4201e-01 
5.4190e-01 	 1.0427e-04 	 5.4200e-01 
5.4189e-01 	 9.9348e-05 	 5.4199e-01 
5.4188e-01 	 9.4697e-05 	 5.4198e-01 
5.4188e-01 	 9.0316e-05 	 5.4197e-01 
5.4188e-01 	 8.6207e-05 	 5.4196e-01 
5.4187e-01 	 8.2370e-05 	 5.4195e-01 
5.4187e-01 	 7.8808e-05 	 5.4195e-01 
5.4186e-01 	 7.5520e-05 	 5.4194e-01 
5.4186e-01 	 7.2507e-05 	 5.4193e-01 
5.4186e-01 	 6.9772e-05 	 5.4193e-01 
5.4185e-01 	 6.7313e-05 	 5.4192e-01 
5.4185e-01 	 6.5131e-05 	 5.4192e-01 
5.4185e-01 	 6.3226e-05 	 5.4191e-01 
5.4185e-01 	 6.1599e-05 	 5.4191e-01 
5.4184e-01 	 6.0249e-05 	 5.4191e-01 
5.4184e-01 	 5.9175e-05 	 5.4190e-01 
5.4184e-01 	 5.8377e-05 	 5.4190e-01 
5.4184e-01 	 5.7855e-05 	 5.4190e-01 
5.4184e-01 	 5.7608e-05 	 5.4190e-01 
5.4184e-01 	 5.7634e-05 	 5.4190e-01 
5.4184e-01 	 5.7932e-05 	 5.4190e-01 
5.4184e-01 	 5.8501e-05 	 5.4190e-01 
5.4184e-01 	 5.9340e-05 	 5.4190e-01 
5.4184e-01 	 6.0447e-05 	 5.4190e-01 
5.4184e-01 	 6.1820e-05 	 5.4190e-01 
5.4184e-01 	 6.3456e-05 	 5.4191e-01 
5.4184e-01 	 6.5354e-05 	 5.4191e-01 
5.4185e-01 	 6.7513e-05 	 5.4191e-01 
5.4185e-01 	 6.9928e-05 	 5.4192e-01 
5.4185e-01 	 7.2598e-05 	 5.4192e-01 
5.4185e-01 	 7.5520e-05 	 5.4193e-01 
5.4186e-01 	 7.8691e-05 	 5.4193e-01 
5.4186e-01 	 8.2108e-05 	 5.4194e-01 
5.4186e-01 	 8.5768e-05 	 5.4195e-01 
5.4186e-01 	 8.9668e-05 	 5.4195e-01 
5.4187e-01 	 9.3804e-05 	 5.4196e-01 
5.4187e-01 	 9.8172e-05 	 5.4197e-01 
5.4188e-01 	 1.0277e-04 	 5.4198e-01 
5.4188e-01 	 1.0759e-04 	 5.4199e-01 
5.4189e-01 	 1.1264e-04 	 5.4200e-01 
5.4189e-01 	 1.1790e-04 	 5.4201e-01 
5.4190e-01 	 1.2337e-04 	 5.4202e-01 
5.4190e-01 	 1.2906e-04 	 5.4203e-01 
5.4191e-01 	 1.3495e-04 	 5.4204e-01 
5.4191e-01 	 1.4103e-04 	 5.4205e-01 
5.4192e-01 	 1.4732e-04 	 5.4206e-01 
5.4192e-01 	 1.5379e-04 	 5.4208e-01 
5.4193e-01 	 1.6045e-04 	 5.4209e-01 
5.4194e-01 	 1.6730e-04 	 5.4210e-01 
5.4194e-01 	 1.7432e-04 	 5.4212e-01 
5.4195e-01 	 1.8150e-04 	 5.4213e-01 
5.4196e-01 	 1.8886e-04 	 5.4215e-01 
5.4196e-01 	 1.9638e-04 	 5.4216e-01 
5.4197e-01 	 2.0405e-04 	 5.4218e-01 
5.4198e-01 	 2.1187e-04 	 5.4219e-01 
5.4199e-01 	 2.1984e-04 	 5.4221e-01 
5.4199e-01 	 2.2795e-04 	 5.4222e-01 
5.4200e-01 	 2.3619e-04 	 5.4224e-01 
5.4201e-01 	 2.4456e-04 	 5.4225e-01 
5.4202e-01 	 2.5305e-04 	 5.4227e-01 
5.4203e-01 	 2.6165e-04 	 5.4229e-01 
5.4203e-01 	 2.7037e-04 	 5.4230e-01 
5.4204e-01 	 2.7920e-04 	 5.4232e-01 
5.4205e-01 	 2.8812e-04 	 5.4234e-01 
5.4206e-01 	 2.9714e-04 	 5.4236e-01 
5.4207e-01 	 3.0624e-04 	 5.4238e-01 
5.4208e-01 	 3.1543e-04 	 5.4239e-01 
5.4209e-01 	 3.2469e-04 	 5.4241e-01 
5.4210e-01 	 3.3402e-04 	 5.4243e-01 
5.4210e-01 	 3.4341e-04 	 5.4245e-01 
5.4211e-01 	 3.5286e-04 	 5.4247e-01 
5.4212e-01 	 3.6237e-04 	 5.4249e-01 
5.4213e-01 	 3.7192e-04 	 5.4250e-01 
5.4214e-01 	 3.8150e-04 	 5.4252e-01 
5.4215e-01 	 3.9112e-04 	 5.4254e-01 
5.4216e-01 	 4.0077e-04 	 5.4256e-01 
5.4217e-01 	 4.1044e-04 	 5.4258e-01 
5.4218e-01 	 4.2012e-04 	 5.4260e-01 
5.4219e-01 	 4.2982e-04 	 5.4262e-01 
5.4220e-01 	 4.3951e-04 	 5.4264e-01 
5.4221e-01 	 4.4920e-04 	 5.4266e-01 
5.4222e-01 	 4.5889e-04 	 5.4268e-01 
5.4223e-01 	 4.6856e-04 	 5.4270e-01 
5.4224e-01 	 4.7820e-04 	 5.4271e-01 
5.4225e-01 	 4.8782e-04 	 5.4273e-01 
5.4225e-01 	 4.9741e-04 	 5.4275e-01 
5.4226e-01 	 5.0696e-04 	 5.4277e-01 
5.4227e-01 	 5.1647e-04 	 5.4279e-01 
5.4228e-01 	 5.2592e-04 	 5.4281e-01 
5.4229e-01 	 5.3532e-04 	 5.4283e-01 
5.4230e-01 	 5.4466e-04 	 5.4285e-01 
5.4231e-01 	 5.5393e-04 	 5.4286e-01 
5.4232e-01 	 5.6313e-04 	 5.4288e-01 
5.4233e-01 	 5.7225e-04 	 5.4290e-01 
5.4234e-01 	 5.8129e-04 	 5.4292e-01 
5.4235e-01 	 5.9024e-04 	 5.4294e-01 
5.4236e-01 	 5.9910e-04 	 5.4295e-01 
5.4236e-01 	 6.0786e-04 	 5.4297e-01 
5.4237e-01 	 6.1651e-04 	 5.4299e-01 
5.4238e-01 	 6.2506e-04 	 5.4301e-01 
5.4239e-01 	 6.3349e-04 	 5.4302e-01 
5.4240e-01 	 6.4180e-04 	 5.4304e-01 
5.4241e-01 	 6.4999e-04 	 5.4306e-01 
5.4241e-01 	 6.5805e-04 	 5.4307e-01 
5.4242e-01 	 6.6598e-04 	 5.4309e-01 
5.4243e-01 	 6.7378e-04 	 5.4310e-01 
5.4244e-01 	 6.8143e-04 	 5.4312e-01 
5.4244e-01 	 6.8894e-04 	 5.4313e-01 
5.4245e-01 	 6.9629e-04 	 5.4315e-01 
5.4246e-01 	 7.0349e-04 	 5.4316e-01 
5.4247e-01 	 7.1054e-04 	 5.4318e-01 
5.4247e-01 	 7.1742e-04 	 5.4319e-01 
5.4248e-01 	 7.2414e-04 	 5.4320e-01 
5.4249e-01 	 7.3069e-04 	 5.4322e-01 
5.4249e-01 	 7.3707e-04 	 5.4323e-01 
5.4250e-01 	 7.4327e-04 	 5.4324e-01 
5.4250e-01 	 7.4929e-04 	 5.4325e-01 
5.4251e-01 	 7.5513e-04 	 5.4327e-01 
5.4252e-01 	 7.6078e-04 	 5.4328e-01 
5.4252e-01 	 7.6625e-04 	 5.4329e-01 
5.4253e-01 	 7.7152e-04 	 5.4330e-01 
5.4253e-01 	 7.7660e-04 	 5.4331e-01 
5.4254e-01 	 7.8149e-04 	 5.4332e-01 
5.4254e-01 	 7.8617e-04 	 5.4333e-01 
5.4255e-01 	 7.9066e-04 	 5.4334e-01 
5.4255e-01 	 7.9494e-04 	 5.4335e-01 
5.4255e-01 	 7.9901e-04 	 5.4335e-01 
5.4256e-01 	 8.0288e-04 	 5.4336e-01 
5.4256e-01 	 8.0654e-04 	 5.4337e-01 
5.4257e-01 	 8.0999e-04 	 5.4338e-01 
5.4257e-01 	 8.1322e-04 	 5.4338e-01 
5.4257e-01 	 8.1624e-04 	 5.4339e-01 
5.4258e-01 	 8.1905e-04 	 5.4339e-01 
5.4258e-01 	 8.2164e-04 	 5.4340e-01 
5.4258e-01 	 8.2401e-04 	 5.4340e-01 
5.4258e-01 	 8.2616e-04 	 5.4341e-01 
5.4259e-01 	 8.2810e-04 	 5.4341e-01 
5.4259e-01 	 8.2981e-04 	 5.4342e-01 
5.4259e-01 	 8.3131e-04 	 5.4342e-01 
5.4259e-01 	 8.3258e-04 	 5.4342e-01 
5.4259e-01 	 8.3363e-04 	 5.4343e-01 
5.4259e-01 	 8.3446e-04 	 5.4343e-01 
5.4259e-01 	 8.3507e-04 	 5.4343e-01 
5.4259e-01 	 8.3546e-04 	 5.4343e-01 
5.4259e-01 	 8.3562e-04 	 5.4343e-01 
5.4259e-01 	 8.3557e-04 	 5.4343e-01 
5.4259e-01 	 8.3529e-04 	 5.4343e-01 
5.4259e-01 	 8.3480e-04 	 5.4343e-01 
5.4259e-01 	 8.3408e-04 	 5.4343e-01 
5.4259e-01 	 8.3315e-04 	 5.4343e-01 
5.4259e-01 	 8.3200e-04 	 5.4342e-01 
5.4259e-01 	 8.3064e-04 	 5.4342e-01 
5.4259e-01 	 8.2905e-04 	 5.4342e-01 
5.4259e-01 	 8.2726e-04 	 5.4342e-01 
5.4259e-01 	 8.2526e-04 	 5.4341e-01 
5.4258e-01 	 8.2304e-04 	 5.4341e-01 
5.4258e-01 	 8.2061e-04 	 5.4340e-01 
5.4258e-01 	 8.1798e-04 	 5.4340e-01 
5.4258e-01 	 8.1514e-04 	 5.4339e-01 
5.4257e-01 	 8.1210e-04 	 5.4339e-01 
5.4257e-01 	 8.0886e-04 	 5.4338e-01 
5.4257e-01 	 8.0541e-04 	 5.4337e-01 
5.4257e-01 	 8.0177e-04 	 5.4337e-01 
5.4256e-01 	 7.9794e-04 	 5.4336e-01 
5.4256e-01 	 7.9391e-04 	 5.4335e-01 
5.4255e-01 	 7.8970e-04 	 5.4334e-01 
5.4255e-01 	 7.8530e-04 	 5.4334e-01 
5.4255e-01 	 7.8071e-04 	 5.4333e-01 
5.4254e-01 	 7.7594e-04 	 5.4332e-01 
5.4254e-01 	 7.7100e-04 	 5.4331e-01 
5.4253e-01 	 7.6588e-04 	 5.4330e-01 
5.4253e-01 	 7.6058e-04 	 5.4329e-01 
5.4252e-01 	 7.5512e-04 	 5.4328e-01 
5.4252e-01 	 7.4950e-04 	 5.4327e-01 
5.4251e-01 	 7.4371e-04 	 5.4325e-01 
5.4251e-01 	 7.3776e-04 	 5.4324e-01 
5.4250e-01 	 7.3166e-04 	 5.4323e-01 
5.4249e-01 	 7.2541e-04 	 5.4322e-01 
5.4249e-01 	 7.1901e-04 	 5.4321e-01 
5.4248e-01 	 7.1246e-04 	 5.4319e-01 
5.4248e-01 	 7.0578e-04 	 5.4318e-01 
5.4247e-01 	 6.9896e-04 	 5.4317e-01 
5.4246e-01 	 6.9201e-04 	 5.4315e-01 
5.4246e-01 	 6.8493e-04 	 5.4314e-01 
5.4245e-01 	 6.7772e-04 	 5.4313e-01 
5.4244e-01 	 6.7040e-04 	 5.4311e-01 
5.4243e-01 	 6.6296e-04 	 5.4310e-01 
5.4243e-01 	 6.5541e-04 	 5.4308e-01 
5.4242e-01 	 6.4775e-04 	 5.4307e-01 
5.4241e-01 	 6.3999e-04 	 5.4305e-01 
5.4241e-01 	 6.3213e-04 	 5.4304e-01 
5.4240e-01 	 6.2417e-04 	 5.4302e-01 
5.4239e-01 	 6.1613e-04 	 5.4301e-01 
5.4238e-01 	 6.0800e-04 	 5.4299e-01 
5.4237e-01 	 5.9978e-04 	 5.4297e-01 
5.4237e-01 	 5.9150e-04 	 5.4296e-01 
5.4236e-01 	 5.8314e-04 	 5.4294e-01 
5.4235e-01 	 5.7471e-04 	 5.4292e-01 
5.4234e-01 	 5.6622e-04 	 5.4291e-01 
5.4233e-01 	 5.5767e-04 	 5.4289e-01 
5.4233e-01 	 5.4907e-04 	 5.4287e-01 
5.4232e-01 	 5.4042e-04 	 5.4286e-01 
5.4231e-01 	 5.3173e-04 	 5.4284e-01 
5.4230e-01 	 5.2299e-04 	 5.4282e-01 
5.4229e-01 	 5.1422e-04 	 5.4281e-01 
5.4228e-01 	 5.0542e-04 	 5.4279e-01 
5.4228e-01 	 4.9660e-04 	 5.4277e-01 
5.4227e-01 	 4.8775e-04 	 5.4275e-01 
5.4226e-01 	 4.7889e-04 	 5.4274e-01 
5.4225e-01 	 4.7001e-04 	 5.4272e-01 
5.4224e-01 	 4.6113e-04 	 5.4270e-01 
5.4223e-01 	 4.5225e-04 	 5.4269e-01 
5.4222e-01 	 4.4337e-04 	 5.4267e-01 
5.4222e-01 	 4.3449e-04 	 5.4265e-01 
5.4221e-01 	 4.2563e-04 	 5.4263e-01 
5.4220e-01 	 4.1678e-04 	 5.4262e-01 
5.4219e-01 	 4.0795e-04 	 5.4260e-01 
5.4218e-01 	 3.9915e-04 	 5.4258e-01 
5.4217e-01 	 3.9037e-04 	 5.4256e-01 
5.4217e-01 	 3.8163e-04 	 5.4255e-01 
5.4216e-01 	 3.7293e-04 	 5.4253e-01 
5.4215e-01 	 3.6427e-04 	 5.4251e-01 
5.4214e-01 	 3.5565e-04 	 5.4250e-01 
5.4213e-01 	 3.4709e-04 	 5.4248e-01 
5.4212e-01 	 3.3858e-04 	 5.4246e-01 
5.4212e-01 	 3.3013e-04 	 5.4245e-01 
5.4211e-01 	 3.2175e-04 	 5.4243e-01 
5.4210e-01 	 3.1343e-04 	 5.4241e-01 
5.4209e-01 	 3.0518e-04 	 5.4240e-01 
5.4208e-01 	 2.9701e-04 	 5.4238e-01 
5.4208e-01 	 2.8892e-04 	 5.4237e-01 
5.4207e-01 	 2.8091e-04 	 5.4235e-01 
5.4206e-01 	 2.7299e-04 	 5.4233e-01 
5.4205e-01 	 2.6515e-04 	 5.4232e-01 
5.4205e-01 	 2.5742e-04 	 5.4230e-01 
5.4204e-01 	 2.4978e-04 	 5.4229e-01 
5.4203e-01 	 2.4224e-04 	 5.4227e-01 
5.4202e-01 	 2.3481e-04 	 5.4226e-01 
5.4202e-01 	 2.2749e-04 	 5.4225e-01 
5.4201e-01 	 2.2028e-04 	 5.4223e-01 
5.4200e-01 	 2.1318e-04 	 5.4222e-01 
5.4200e-01 	 2.0620e-04 	 5.4220e-01 
5.4199e-01 	 1.9934e-04 	 5.4219e-01 
5.4198e-01 	 1.9261e-04 	 5.4218e-01 
5.4198e-01 	 1.8601e-04 	 5.4216e-01 
5.4197e-01 	 1.7953e-04 	 5.4215e-01 
5.4197e-01 	 1.7319e-04 	 5.4214e-01 
5.4196e-01 	 1.6699e-04 	 5.4213e-01 
5.4195e-01 	 1.6092e-04 	 5.4211e-01 
5.4195e-01 	 1.5499e-04 	 5.4210e-01 
5.4194e-01 	 1.4921e-04 	 5.4209e-01 
5.4194e-01 	 1.4357e-04 	 5.4208e-01 
5.4193e-01 	 1.3809e-04 	 5.4207e-01 
5.4193e-01 	 1.3275e-04 	 5.4206e-01 
5.4192e-01 	 1.2756e-04 	 5.4205e-01 
5.4192e-01 	 1.2253e-04 	 5.4204e-01 
5.4191e-01 	 1.1766e-04 	 5.4203e-01 
5.4191e-01 	 1.1295e-04 	 5.4202e-01 
5.4190e-01 	 1.0839e-04 	 5.4201e-01 
5.4190e-01 	 1.0400e-04 	 5.4200e-01 
5.4190e-01 	 9.9770e-05 	 5.4200e-01 
5.4189e-01 	 9.5705e-05 	 5.4199e-01 
5.4189e-01 	 9.1807e-05 	 5.4198e-01 
5.4188e-01 	 8.8077e-05 	 5.4197e-01 
5.4188e-01 	 8.4516e-05 	 5.4197e-01 
5.4188e-01 	 8.1125e-05 	 5.4196e-01 
5.4187e-01 	 7.7905e-05 	 5.4195e-01 
5.4187e-01 	 7.4857e-05 	 5.4195e-01 
5.4187e-01 	 7.1981e-05 	 5.4194e-01 
5.4187e-01 	 6.9280e-05 	 5.4194e-01 
5.4186e-01 	 6.6753e-05 	 5.4193e-01 
5.4186e-01 	 6.4400e-05 	 5.4193e-01 
5.4186e-01 	 6.2224e-05 	 5.4192e-01 
5.4186e-01 	 6.0222e-05 	 5.4192e-01 
5.4186e-01 	 5.8397e-05 	 5.4191e-01 
5.4185e-01 	 5.6748e-05 	 5.4191e-01 
5.4185e-01 	 5.5275e-05 	 5.4191e-01 
5.4185e-01 	 5.3978e-05 	 5.4191e-01 
5.4185e-01 	 5.2857e-05 	 5.4190e-01 
5.4185e-01 	 5.1913e-05 	 5.4190e-01 
5.4185e-01 	 5.1143e-05 	 5.4190e-01 
5.4185e-01 	 5.0550e-05 	 5.4190e-01 
5.4185e-01 	 5.0131e-05 	 5.4190e-01 
5.4185e-01 	 4.9887e-05 	 5.4190e-01 
5.4185e-01 	 4.9816e-05 	 5.4190e-01 
5.4185e-01 	 4.9918e-05 	 5.4190e-01 
5.4185e-01 	 5.0193e-05 	 5.4190e-01 
5.4185e-01 	 5.0638e-05 	 5.4190e-01 
5.4185e-01 	 5.1254e-05 	 5.4190e-01 
5.4185e-01 	 5.2040e-05 	 5.4190e-01 
5.4185e-01 	 5.2993e-05 	 5.4191e-01 
5.4185e-01 	 5.4113e-05 	 5.4191e-01 
5.4185e-01 	 5.5399e-05 	 5.4191e-01 
5.4186e-01 	 5.6848e-05 	 5.4191e-01 
5.4186e-01 	 5.8461e-05 	 5.4192e-01 
5.4186e-01 	 6.0234e-05 	 5.4192e-01 
5.4186e-01 	 6.2167e-05 	 5.4192e-01 
5.4186e-01 	 6.4257e-05 	 5.4193e-01 
5.4187e-01 	 6.6503e-05 	 5.4193e-01 
5.4187e-01 	 6.8904e-05 	 5.4194e-01 
5.4187e-01 	 7.1457e-05 	 5.4194e-01 
5.4187e-01 	 7.4159e-05 	 5.4195e-01 
5.4188e-01 	 7.7010e-05 	 5.4195e-01 
5.4188e-01 	 8.0007e-05 	 5.4196e-01 
5.4188e-01 	 8.3148e-05 	 5.4196e-01 
5.4188e-01 	 8.6430e-05 	 5.4197e-01 
5.4189e-01 	 8.9851e-05 	 5.4198e-01 
5.4189e-01 	 9.3408e-05 	 5.4199e-01 
5.4190e-01 	 9.7100e-05 	 5.4199e-01 
5.4190e-01 	 1.0092e-04 	 5.4200e-01 
5.4190e-01 	 1.0488e-04 	 5.4201e-01 
5.4191e-01 	 1.0896e-04 	 5.4202e-01 
5.4191e-01 	 1.1316e-04 	 5.4202e-01 
5.4192e-01 	 1.1748e-04 	 5.4203e-01 
5.4192e-01 	 1.2192e-04 	 5.4204e-01 
5.4192e-01 	 1.2648e-04 	 5.4205e-01 
5.4193e-01 	 1.3115e-04 	 5.4206e-01 
5.4193e-01 	 1.3593e-04 	 5.4207e-01 
5.4194e-01 	 1.4082e-04 	 5.4208e-01 
5.4194e-01 	 1.4581e-04 	 5.4209e-01 
5.4195e-01 	 1.5090e-04 	 5.4210e-01 
5.4195e-01 	 1.5608e-04 	 5.4211e-01 
5.4196e-01 	 1.6137e-04 	 5.4212e-01 
5.4196e-01 	 1.6674e-04 	 5.4213e-01 
5.4197e-01 	 1.7220e-04 	 5.4214e-01 
5.4197e-01 	 1.7774e-04 	 5.4215e-01 
5.4198e-01 	 1.8337e-04 	 5.4216e-01 
5.4198e-01 	 1.8907e-04 	 5.4217e-01 
5.4199e-01 	 1.9485e-04 	 5.4218e-01 
5.4200e-01 	 2.0070e-04 	 5.4220e-01 
5.4200e-01 	 2.0661e-04 	 5.4221e-01 
5.4201e-01 	 2.1260e-04 	 5.4222e-01 
5.4201e-01 	 2.1864e-04 	 5.4223e-01 
5.4202e-01 	 2.2474e-04 	 5.4224e-01 
5.4202e-01 	 2.3089e-04 	 5.4226e-01 
5.4203e-01 	 2.3710e-04 	 5.4227e-01 
5.4204e-01 	 2.4335e-04 	 5.4228e-01 
5.4204e-01 	 2.4964e-04 	 5.4229e-01 
5.4205e-01 	 2.5597e-04 	 5.4230e-01 
5.4205e-01 	 2.6235e-04 	 5.4232e-01 
5.4206e-01 	 2.6875e-04 	 5.4233e-01 
5.4207e-01 	 2.7518e-04 	 5.4234e-01 
5.4207e-01 	 2.8164e-04 	 5.4235e-01 
5.4208e-01 	 2.8812e-04 	 5.4237e-01 
5.4209e-01 	 2.9462e-04 	 5.4238e-01 
5.4209e-01 	 3.0114e-04 	 5.4239e-01 
5.4210e-01 	 3.0766e-04 	 5.4241e-01 
5.4210e-01 	 3.1420e-04 	 5.4242e-01 
5.4211e-01 	 3.2074e-04 	 5.4243e-01 
5.4212e-01 	 3.2728e-04 	 5.4244e-01 
5.4212e-01 	 3.3382e-04 	 5.4246e-01 
5.4213e-01 	 3.4035e-04 	 5.4247e-01 
5.4213e-01 	 3.4688e-04 	 5.4248e-01 
5.4214e-01 	 3.5339e-04 	 5.4249e-01 
5.4215e-01 	 3.5988e-04 	 5.4251e-01 
5.4215e-01 	 3.6636e-04 	 5.4252e-01 
5.4216e-01 	 3.7281e-04 	 5.4253e-01 
5.4217e-01 	 3.7924e-04 	 5.4254e-01 
5.4217e-01 	 3.8563e-04 	 5.4256e-01 
5.4218e-01 	 3.9200e-04 	 5.4257e-01 
5.4218e-01 	 3.9833e-04 	 5.4258e-01 
5.4219e-01 	 4.0462e-04 	 5.4259e-01 
5.4219e-01 	 4.1086e-04 	 5.4261e-01 
5.4220e-01 	 4.1706e-04 	 5.4262e-01 
5.4221e-01 	 4.2322e-04 	 5.4263e-01 
5.4221e-01 	 4.2932e-04 	 5.4264e-01 
5.4222e-01 	 4.3536e-04 	 5.4265e-01 
5.4222e-01 	 4.4135e-04 	 5.4266e-01 
5.4223e-01 	 4.4728e-04 	 5.4268e-01 
5.4223e-01 	 4.5314e-04 	 5.4269e-01 
5.4224e-01 	 4.5893e-04 	 5.4270e-01 
5.4225e-01 	 4.6466e-04 	 5.4271e-01 
5.4225e-01 	 4.7031e-04 	 5.4272e-01 
5.4226e-01 	 4.7589e-04 	 5.4273e-01 
5.4226e-01 	 4.8139e-04 	 5.4274e-01 
5.4227e-01 	 4.8681e-04 	 5.4275e-01 
5.4227e-01 	 4.9215e-04 	 5.4276e-01 
5.4228e-01 	 4.9740e-04 	 5.4277e-01 
5.4228e-01 	 5.0256e-04 	 5.4278e-01 
5.4228e-01 	 5.0763e-04 	 5.4279e-01 
5.4229e-01 	 5.1261e-04 	 5.4280e-01 
5.4229e-01 	 5.1750e-04 	 5.4281e-01 
5.4230e-01 	 5.2228e-04 	 5.4282e-01 
5.4230e-01 	 5.2697e-04 	 5.4283e-01 
5.4231e-01 	 5.3155e-04 	 5.4284e-01 
5.4231e-01 	 5.3603e-04 	 5.4285e-01 
5.4231e-01 	 5.4040e-04 	 5.4286e-01 
5.4232e-01 	 5.4467e-04 	 5.4286e-01 
5.4232e-01 	 5.4882e-04 	 5.4287e-01 
5.4233e-01 	 5.5286e-04 	 5.4288e-01 
5.4233e-01 	 5.5679e-04 	 5.4289e-01 
5.4233e-01 	 5.6061e-04 	 5.4289e-01 
5.4234e-01 	 5.6430e-04 	 5.4290e-01 
5.4234e-01 	 5.6788e-04 	 5.4291e-01 
5.4234e-01 	 5.7133e-04 	 5.4291e-01 
5.4235e-01 	 5.7467e-04 	 5.4292e-01 
5.4235e-01 	 5.7788e-04 	 5.4293e-01 
5.4235e-01 	 5.8096e-04 	 5.4293e-01 
5.4235e-01 	 5.8392e-04 	 5.4294e-01 
5.4236e-01 	 5.8676e-04 	 5.4294e-01 
5.4236e-01 	 5.8946e-04 	 5.4295e-01 
5.4236e-01 	 5.9203e-04 	 5.4295e-01 
5.4236e-01 	 5.9448e-04 	 5.4296e-01 
5.4236e-01 	 5.9679e-04 	 5.4296e-01 
5.4237e-01 	 5.9897e-04 	 5.4296e-01 
5.4237e-01 	 6.0102e-04 	 5.4297e-01 
5.4237e-01 	 6.0293e-04 	 5.4297e-01 
5.4237e-01 	 6.0471e-04 	 5.4297e-01 
5.4237e-01 	 6.0635e-04 	 5.4298e-01 
5.4237e-01 	 6.0786e-04 	 5.4298e-01 
5.4237e-01 	 6.0923e-04 	 5.4298e-01 
5.4237e-01 	 6.1046e-04 	 5.4298e-01 
5.4238e-01 	 6.1156e-04 	 5.4299e-01 
5.4238e-01 	 6.1252e-04 	 5.4299e-01 
5.4238e-01 	 6.1334e-04 	 5.4299e-01 
5.4238e-01 	 6.1403e-04 	 5.4299e-01 
5.4238e-01 	 6.1458e-04 	 5.4299e-01 
5.4238e-01 	 6.1499e-04 	 5.4299e-01 
5.4238e-01 	 6.1526e-04 	 5.4299e-01 
5.4238e-01 	 6.1540e-04 	 5.4299e-01 
5.4238e-01 	 6.1540e-04 	 5.4299e-01 
5.4238e-01 	 6.1526e-04 	 5.4299e-01 
5.4237e-01 	 6.1499e-04 	 5.4299e-01 
5.4237e-01 	 6.1458e-04 	 5.4299e-01 
5.4237e-01 	 6.1403e-04 	 5.4299e-01 
5.4237e-01 	 6.1335e-04 	 5.4299e-01 
5.4237e-01 	 6.1254e-04 	 5.4298e-01 
5.4237e-01 	 6.1159e-04 	 5.4298e-01 
5.4237e-01 	 6.1051e-04 	 5.4298e-01 
5.4237e-01 	 6.0929e-04 	 5.4298e-01 
5.4237e-01 	 6.0795e-04 	 5.4297e-01 
5.4236e-01 	 6.0647e-04 	 5.4297e-01 
5.4236e-01 	 6.0487e-04 	 5.4297e-01 
5.4236e-01 	 6.0313e-04 	 5.4296e-01 
5.4236e-01 	 6.0127e-04 	 5.4296e-01 
5.4235e-01 	 5.9928e-04 	 5.4295e-01 
5.4235e-01 	 5.9717e-04 	 5.4295e-01 
5.4235e-01 	 5.9494e-04 	 5.4294e-01 
5.4235e-01 	 5.9258e-04 	 5.4294e-01 
5.4234e-01 	 5.9010e-04 	 5.4293e-01 
5.4234e-01 	 5.8750e-04 	 5.4293e-01 
5.4234e-01 	 5.8479e-04 	 5.4292e-01 
5.4234e-01 	 5.8195e-04 	 5.4292e-01 
5.4233e-01 	 5.7900e-04 	 5.4291e-01 
5.4233e-01 	 5.7594e-04 	 5.4291e-01 
5.4233e-01 	 5.7277e-04 	 5.4290e-01 
5.4232e-01 	 5.6949e-04 	 5.4289e-01 
5.4232e-01 	 5.6610e-04 	 5.4288e-01 
5.4231e-01 	 5.6260e-04 	 5.4288e-01 
5.4231e-01 	 5.5900e-04 	 5.4287e-01 
5.4231e-01 	 5.5530e-04 	 5.4286e-01 
5.4230e-01 	 5.5150e-04 	 5.4285e-01 
5.4230e-01 	 5.4760e-04 	 5.4285e-01 
5.4229e-01 	 5.4360e-04 	 5.4284e-01 
5.4229e-01 	 5.3951e-04 	 5.4283e-01 
5.4229e-01 	 5.3532e-04 	 5.4282e-01 
5.4228e-01 	 5.3105e-04 	 5.4281e-01 
5.4228e-01 	 5.2669e-04 	 5.4280e-01 
5.4227e-01 	 5.2224e-04 	 5.4279e-01 
5.4227e-01 	 5.1771e-04 	 5.4279e-01 
5.4226e-01 	 5.1310e-04 	 5.4278e-01 
5.4226e-01 	 5.0841e-04 	 5.4277e-01 
5.4225e-01 	 5.0364e-04 	 5.4276e-01 
5.4225e-01 	 4.9880e-04 	 5.4275e-01 
5.4224e-01 	 4.9389e-04 	 5.4274e-01 
5.4224e-01 	 4.8890e-04 	 5.4273e-01 
5.4223e-01 	 4.8386e-04 	 5.4272e-01 
5.4223e-01 	 4.7875e-04 	 5.4271e-01 
5.4222e-01 	 4.7357e-04 	 5.4270e-01 
5.4222e-01 	 4.6834e-04 	 5.4269e-01 
5.4221e-01 	 4.6305e-04 	 5.4268e-01 
5.4221e-01 	 4.5771e-04 	 5.4266e-01 
5.4220e-01 	 4.5231e-04 	 5.4265e-01 
5.4220e-01 	 4.4687e-04 	 5.4264e-01 
5.4219e-01 	 4.4138e-04 	 5.4263e-01 
5.4218e-01 	 4.3585e-04 	 5.4262e-01 
5.4218e-01 	 4.3028e-04 	 5.4261e-01 
5.4217e-01 	 4.2467e-04 	 5.4260e-01 
5.4217e-01 	 4.1902e-04 	 5.4259e-01 
5.4216e-01 	 4.1334e-04 	 5.4258e-01 
5.4216e-01 	 4.0763e-04 	 5.4256e-01 
5.4215e-01 	 4.0190e-04 	 5.4255e-01 
5.4214e-01 	 3.9614e-04 	 5.4254e-01 
5.4214e-01 	 3.9035e-04 	 5.4253e-01 
5.4213e-01 	 3.8455e-04 	 5.4252e-01 
5.4213e-01 	 3.7873e-04 	 5.4251e-01 
5.4212e-01 	 3.7290e-04 	 5.4249e-01 
5.4212e-01 	 3.6706e-04 	 5.4248e-01 
5.4211e-01 	 3.6120e-04 	 5.4247e-01 
5.4210e-01 	 3.5535e-04 	 5.4246e-01 
5.4210e-01 	 3.4948e-04 	 5.4245e-01 
5.4209e-01 	 3.4362e-04 	 5.4244e-01 
5.4209e-01 	 3.3776e-04 	 5.4242e-01 
5.4208e-01 	 3.3191e-04 	 5.4241e-01 
5.4208e-01 	 3.2606e-04 	 5.4240e-01 
5.4207e-01 	 3.2022e-04 	 5.4239e-01 
5.4206e-01 	 3.1440e-04 	 5.4238e-01 
5.4206e-01 	 3.0859e-04 	 5.4237e-01 
5.4205e-01 	 3.0280e-04 	 5.4236e-01 
5.4205e-01 	 2.9703e-04 	 5.4234e-01 
5.4204e-01 	 2.9128e-04 	 5.4233e-01 
5.4204e-01 	 2.8556e-04 	 5.4232e-01 
5.4203e-01 	 2.7986e-04 	 5.4231e-01 
5.4202e-01 	 2.7420e-04 	 5.4230e-01 
5.4202e-01 	 2.6857e-04 	 5.4229e-01 
5.4201e-01 	 2.6297e-04 	 5.4228e-01 
5.4201e-01 	 2.5742e-04 	 5.4227e-01 
5.4200e-01 	 2.5190e-04 	 5.4225e-01 
5.4200e-01 	 2.4643e-04 	 5.4224e-01 
5.4199e-01 	 2.4100e-04 	 5.4223e-01 
5.4199e-01 	 2.3561e-04 	 5.4222e-01 
5.4198e-01 	 2.3028e-04 	 5.4221e-01 
5.4198e-01 	 2.2500e-04 	 5.4220e-01 
5.4197e-01 	 2.1977e-04 	 5.4219e-01 
5.4197e-01 	 2.1460e-04 	 5.4218e-01 
5.4196e-01 	 2.0949e-04 	 5.4217e-01 
5.4196e-01 	 2.0444e-04 	 5.4216e-01 
5.4195e-01 	 1.9945e-04 	 5.4215e-01 
5.4195e-01 	 1.9452e-04 	 5.4214e-01 
5.4194e-01 	 1.8966e-04 	 5.4213e-01 
5.4194e-01 	 1.8487e-04 	 5.4212e-01 
5.4193e-01 	 1.8015e-04 	 5.4211e-01 
5.4193e-01 	 1.7551e-04 	 5.4211e-01 
5.4193e-01 	 1.7093e-04 	 5.4210e-01 
5.4192e-01 	 1.6644e-04 	 5.4209e-01 
5.4192e-01 	 1.6202e-04 	 5.4208e-01 
5.4191e-01 	 1.5768e-04 	 5.4207e-01 
5.4191e-01 	 1.5342e-04 	 5.4206e-01 
5.4191e-01 	 1.4924e-04 	 5.4205e-01 
5.4190e-01 	 1.4515e-04 	 5.4205e-01 
5.4190e-01 	 1.4114e-04 	 5.4204e-01 
5.4189e-01 	 1.3722e-04 	 5.4203e-01 
5.4189e-01 	 1.3339e-04 	 5.4202e-01 
5.4189e-01 	 1.2965e-04 	 5.4202e-01 
5.4188e-01 	 1.2600e-04 	 5.4201e-01 
5.4188e-01 	 1.2245e-04 	 5.4200e-01 
5.4188e-01 	 1.1899e-04 	 5.4200e-01 
5.4188e-01 	 1.1562e-04 	 5.4199e-01 
5.4187e-01 	 1.1235e-04 	 5.4198e-01 
5.4187e-01 	 1.0918e-04 	 5.4198e-01 
5.4187e-01 	 1.0610e-04 	 5.4197e-01 
5.4186e-01 	 1.0313e-04 	 5.4197e-01 
5.4186e-01 	 1.0025e-04 	 5.4196e-01 
5.4186e-01 	 9.7482e-05 	 5.4196e-01 
5.4186e-01 	 9.4812e-05 	 5.4195e-01 
5.4185e-01 	 9.2245e-05 	 5.4195e-01 
5.4185e-01 	 8.9782e-05 	 5.4194e-01 
5.4185e-01 	 8.7424e-05 	 5.4194e-01 
5.4185e-01 	 8.5171e-05 	 5.4193e-01 
5.4185e-01 	 8.3023e-05 	 5.4193e-01 
5.4185e-01 	 8.0983e-05 	 5.4193e-01 
5.4184e-01 	 7.9049e-05 	 5.4192e-01 
5.4184e-01 	 7.7222e-05 	 5.4192e-01 
5.4184e-01 	 7.5503e-05 	 5.4192e-01 
5.4184e-01 	 7.3892e-05 	 5.4191e-01 
5.4184e-01 	 7.2390e-05 	 5.4191e-01 
5.4184e-01 	 7.0996e-05 	 5.4191e-01 
5.4184e-01 	 6.9711e-05 	 5.4191e-01 
5.4184e-01 	 6.8534e-05 	 5.4190e-01 
5.4184e-01 	 6.7467e-05 	 5.4190e-01 
5.4183e-01 	 6.6508e-05 	 5.4190e-01 
5.4183e-01 	 6.5659e-05 	 5.4190e-01 
5.4183e-01 	 6.4919e-05 	 5.4190e-01 
5.4183e-01 	 6.4287e-05 	 5.4190e-01 
5.4183e-01 	 6.3764e-05 	 5.4190e-01 
5.4183e-01 	 6.3349e-05 	 5.4190e-01 
5.4183e-01 	 6.3042e-05 	 5.4190e-01 
5.4183e-01 	 6.2843e-05 	 5.4190e-01 
5.4183e-01 	 6.2751e-05 	 5.4190e-01 
5.4184e-01 	 6.2767e-05 	 5.4190e-01 
5.4184e-01 	 6.2888e-05 	 5.4190e-01 
5.4184e-01 	 6.3116e-05 	 5.4190e-01 
5.4184e-01 	 6.3449e-05 	 5.4190e-01 
5.4184e-01 	 6.3887e-05 	 5.4190e-01 
5.4184e-01 	 6.4429e-05 	 5.4190e-01 
5.4184e-01 	 6.5074e-05 	 5.4190e-01 
5.4184e-01 	 6.5821e-05 	 5.4191e-01 
5.4184e-01 	 6.6671e-05 	 5.4191e-01 
5.4184e-01 	 6.7621e-05 	 5.4191e-01 
5.4185e-01 	 6.8672e-05 	 5.4191e-01 
5.4185e-01 	 6.9821e-05 	 5.4192e-01 
5.4185e-01 	 7.1069e-05 	 5.4192e-01 
5.4185e-01 	 7.2414e-05 	 5.4192e-01 
5.4185e-01 	 7.3855e-05 	 5.4193e-01 
5.4185e-01 	 7.5391e-05 	 5.4193e-01 
5.4186e-01 	 7.7020e-05 	 5.4193e-01 
5.4186e-01 	 7.8742e-05 	 5.4194e-01 
5.4186e-01 	 8.0556e-05 	 5.4194e-01 
5.4186e-01 	 8.2459e-05 	 5.4195e-01 
5.4186e-01 	 8.4451e-05 	 5.4195e-01 
5.4187e-01 	 8.6531e-05 	 5.4195e-01 
5.4187e-01 	 8.8696e-05 	 5.4196e-01 
5.4187e-01 	 9.0946e-05 	 5.4196e-01 
5.4188e-01 	 9.3280e-05 	 5.4197e-01 
5.4188e-01 	 9.5695e-05 	 5.4197e-01 
5.4188e-01 	 9.8190e-05 	 5.4198e-01 
5.4188e-01 	 1.0076e-04 	 5.4199e-01 
5.4189e-01 	 1.0341e-04 	 5.4199e-01 
5.4189e-01 	 1.0614e-04 	 5.4200e-01 
5.4189e-01 	 1.0894e-04 	 5.4200e-01 
5.4190e-01 	 1.1181e-04 	 5.4201e-01 
5.4190e-01 	 1.1476e-04 	 5.4201e-01 
5.4190e-01 	 1.1777e-04 	 5.4202e-01 
5.4191e-01 	 1.2084e-04 	 5.4203e-01 
5.4191e-01 	 1.2399e-04 	 5.4203e-01 
5.4191e-01 	 1.2719e-04 	 5.4204e-01 
5.4192e-01 	 1.3046e-04 	 5.4205e-01 
5.4192e-01 	 1.3379e-04 	 5.4206e-01 
5.4193e-01 	 1.3718e-04 	 5.4206e-01 
5.4193e-01 	 1.4062e-04 	 5.4207e-01 
5.4193e-01 	 1.4411e-04 	 5.4208e-01 
5.4194e-01 	 1.4766e-04 	 5.4208e-01 
5.4194e-01 	 1.5126e-04 	 5.4209e-01 
5.4194e-01 	 1.5490e-04 	 5.4210e-01 
5.4195e-01 	 1.5859e-04 	 5.4211e-01 
5.4195e-01 	 1.6233e-04 	 5.4212e-01 
5.4196e-01 	 1.6611e-04 	 5.4212e-01 
5.4196e-01 	 1.6993e-04 	 5.4213e-01 
5.4197e-01 	 1.7378e-04 	 5.4214e-01 
5.4197e-01 	 1.7768e-04 	 5.4215e-01 
5.4197e-01 	 1.8160e-04 	 5.4216e-01 
5.4198e-01 	 1.8556e-04 	 5.4216e-01 
5.4198e-01 	 1.8955e-04 	 5.4217e-01 
5.4199e-01 	 1.9357e-04 	 5.4218e-01 
5.4199e-01 	 1.9761e-04 	 5.4219e-01 
5.4200e-01 	 2.0168e-04 	 5.4220e-01 
5.4200e-01 	 2.0576e-04 	 5.4221e-01 
5.4200e-01 	 2.0987e-04 	 5.4221e-01 
5.4201e-01 	 2.1399e-04 	 5.4222e-01 
5.4201e-01 	 2.1813e-04 	 5.4223e-01 
5.4202e-01 	 2.2229e-04 	 5.4224e-01 
5.4202e-01 	 2.2645e-04 	 5.4225e-01 
5.4203e-01 	 2.3062e-04 	 5.4226e-01 
5.4203e-01 	 2.3480e-04 	 5.4227e-01 
5.4203e-01 	 2.3899e-04 	 5.4227e-01 
5.4204e-01 	 2.4317e-04 	 5.4228e-01 
5.4204e-01 	 2.4736e-04 	 5.4229e-01 
5.4205e-01 	 2.5155e-04 	 5.4230e-01 
5.4205e-01 	 2.5573e-04 	 5.4231e-01 
5.4206e-01 	 2.5991e-04 	 5.4232e-01 
5.4206e-01 	 2.6408e-04 	 5.4233e-01 
5.4207e-01 	 2.6824e-04 	 5.4233e-01 
5.4207e-01 	 2.7239e-04 	 5.4234e-01 
5.4207e-01 	 2.7653e-04 	 5.4235e-01 
5.4208e-01 	 2.8065e-04 	 5.4236e-01 
5.4208e-01 	 2.8475e-04 	 5.4237e-01 
5.4209e-01 	 2.8883e-04 	 5.4238e-01 
5.4209e-01 	 2.9289e-04 	 5.4238e-01 
5.4210e-01 	 2.9693e-04 	 5.4239e-01 
5.4210e-01 	 3.0095e-04 	 5.4240e-01 
5.4210e-01 	 3.0493e-04 	 5.4241e-01 
5.4211e-01 	 3.0889e-04 	 5.4242e-01 
5.4211e-01 	 3.1281e-04 	 5.4242e-01 
5.4212e-01 	 3.1671e-04 	 5.4243e-01 
5.4212e-01 	 3.2057e-04 	 5.4244e-01 
5.4212e-01 	 3.2439e-04 	 5.4245e-01 
5.4213e-01 	 3.2817e-04 	 5.4246e-01 
5.4213e-01 	 3.3192e-04 	 5.4246e-01 
5.4214e-01 	 3.3562e-04 	 5.4247e-01 
5.4214e-01 	 3.3928e-04 	 5.4248e-01 
5.4214e-01 	 3.4290e-04 	 5.4249e-01 
5.4215e-01 	 3.4647e-04 	 5.4249e-01 
5.4215e-01 	 3.4999e-04 	 5.4250e-01 
5.4215e-01 	 3.5346e-04 	 5.4251e-01 
5.4216e-01 	 3.5688e-04 	 5.4251e-01 
5.4216e-01 	 3.6025e-04 	 5.4252e-01 
5.4216e-01 	 3.6356e-04 	 5.4253e-01 
5.4217e-01 	 3.6682e-04 	 5.4253e-01 
5.4217e-01 	 3.7002e-04 	 5.4254e-01 
5.4217e-01 	 3.7316e-04 	 5.4255e-01 
5.4218e-01 	 3.7624e-04 	 5.4255e-01 
5.4218e-01 	 3.7926e-04 	 5.4256e-01 
5.4218e-01 	 3.8222e-04 	 5.4256e-01 
5.4219e-01 	 3.8511e-04 	 5.4257e-01 
5.4219e-01 	 3.8794e-04 	 5.4258e-01 
5.4219e-01 	 3.9070e-04 	 5.4258e-01 
5.4219e-01 	 3.9340e-04 	 5.4259e-01 
5.4220e-01 	 3.9602e-04 	 5.4259e-01 
5.4220e-01 	 3.9858e-04 	 5.4260e-01 
5.4220e-01 	 4.0107e-04 	 5.4260e-01 
5.4220e-01 	 4.0348e-04 	 5.4261e-01 
5.4221e-01 	 4.0582e-04 	 5.4261e-01 
5.4221e-01 	 4.0809e-04 	 5.4262e-01 
5.4221e-01 	 4.1028e-04 	 5.4262e-01 
5.4221e-01 	 4.1240e-04 	 5.4262e-01 
5.4221e-01 	 4.1444e-04 	 5.4263e-01 
5.4222e-01 	 4.1641e-04 	 5.4263e-01 
5.4222e-01 	 4.1830e-04 	 5.4264e-01 
5.4222e-01 	 4.2010e-04 	 5.4264e-01 
5.4222e-01 	 4.2183e-04 	 5.4264e-01 
5.4222e-01 	 4.2348e-04 	 5.4265e-01 
5.4222e-01 	 4.2505e-04 	 5.4265e-01 
5.4223e-01 	 4.2654e-04 	 5.4265e-01 
5.4223e-01 	 4.2795e-04 	 5.4265e-01 
5.4223e-01 	 4.2927e-04 	 5.4266e-01 
5.4223e-01 	 4.3051e-04 	 5.4266e-01 
5.4223e-01 	 4.3167e-04 	 5.4266e-01 
5.4223e-01 	 4.3275e-04 	 5.4266e-01 
5.4223e-01 	 4.3374e-04 	 5.4267e-01 
5.4223e-01 	 4.3465e-04 	 5.4267e-01 
5.4223e-01 	 4.3547e-04 	 5.4267e-01 
5.4223e-01 	 4.3621e-04 	 5.4267e-01 
5.4223e-01 	 4.3687e-04 	 5.4267e-01 
5.4223e-01 	 4.3744e-04 	 5.4267e-01 
5.4223e-01 	 4.3792e-04 	 5.4267e-01 
5.4223e-01 	 4.3832e-04 	 5.4267e-01 
5.4224e-01 	 4.3864e-04 	 5.4267e-01 
