time 	 theta 	 theta_predicted 	 f_predicted
0.000 	 0.820 	 0.004 	 	 	 0.031 
0.050 	 0.801 	 0.004 	 	 	 0.027 
0.100 	 0.770 	 0.004 	 	 	 0.031 
0.150 	 0.725 	 0.004 	 	 	 0.031 
0.200 	 0.667 	 0.004 	 	 	 0.029 
0.250 	 0.594 	 0.004 	 	 	 0.030 
0.300 	 0.507 	 0.004 	 	 	 0.030 
0.350 	 0.410 	 0.004 	 	 	 0.032 
0.400 	 0.304 	 0.004 	 	 	 0.031 
0.450 	 0.196 	 0.004 	 	 	 0.027 
0.500 	 0.091 	 0.004 	 	 	 0.030 
0.550 	 -0.006 	 0.004 	 	 	 0.027 
0.600 	 -0.091 	 0.004 	 	 	 0.034 
0.650 	 -0.159 	 0.004 	 	 	 0.031 
0.700 	 -0.208 	 0.004 	 	 	 0.030 
0.750 	 -0.237 	 0.004 	 	 	 0.026 
0.800 	 -0.245 	 0.004 	 	 	 0.031 
0.850 	 -0.231 	 0.004 	 	 	 0.034 
0.900 	 -0.197 	 0.004 	 	 	 0.030 
0.950 	 -0.143 	 0.004 	 	 	 0.038 
1.000 	 -0.071 	 0.004 	 	 	 0.022 
1.050 	 0.017 	 0.004 	 	 	 0.031 
1.100 	 0.117 	 0.004 	 	 	 0.030 
1.150 	 0.223 	 0.004 	 	 	 0.032 
1.200 	 0.331 	 0.004 	 	 	 0.031 
1.250 	 0.435 	 0.004 	 	 	 0.030 
1.300 	 0.530 	 0.004 	 	 	 0.036 
1.350 	 0.613 	 0.004 	 	 	 0.030 
1.400 	 0.683 	 0.004 	 	 	 0.031 
1.450 	 0.738 	 0.004 	 	 	 0.031 
1.500 	 0.779 	 0.004 	 	 	 0.028 
1.550 	 0.807 	 0.004 	 	 	 0.034 
1.600 	 0.823 	 0.004 	 	 	 0.034 
1.650 	 0.829 	 0.004 	 	 	 0.033 
1.700 	 0.825 	 0.004 	 	 	 0.035 
1.750 	 0.810 	 0.004 	 	 	 0.035 
1.800 	 0.783 	 0.004 	 	 	 0.037 
1.850 	 0.743 	 0.004 	 	 	 0.031 
1.900 	 0.690 	 0.004 	 	 	 0.030 
1.950 	 0.623 	 0.004 	 	 	 0.026 
2.000 	 0.541 	 0.004 	 	 	 0.033 
2.050 	 0.447 	 0.004 	 	 	 0.024 
2.100 	 0.344 	 0.004 	 	 	 0.026 
2.150 	 0.236 	 0.004 	 	 	 0.030 
2.200 	 0.129 	 0.004 	 	 	 0.031 
2.250 	 0.029 	 0.004 	 	 	 0.030 
2.300 	 -0.061 	 0.004 	 	 	 0.031 
2.350 	 -0.136 	 0.004 	 	 	 0.033 
2.400 	 -0.192 	 0.004 	 	 	 0.030 
2.450 	 -0.228 	 0.004 	 	 	 0.030 
2.500 	 -0.244 	 0.004 	 	 	 0.031 
2.550 	 -0.239 	 0.004 	 	 	 0.031 
2.600 	 -0.212 	 0.004 	 	 	 0.034 
2.650 	 -0.166 	 0.004 	 	 	 0.029 
2.700 	 -0.100 	 0.004 	 	 	 0.030 
2.750 	 -0.017 	 0.004 	 	 	 0.030 
2.800 	 0.078 	 0.004 	 	 	 0.030 
2.850 	 0.183 	 0.004 	 	 	 0.031 
2.900 	 0.291 	 0.004 	 	 	 0.031 
2.950 	 0.397 	 0.004 	 	 	 0.025 
3.000 	 0.496 	 0.004 	 	 	 0.029 
3.050 	 0.584 	 0.004 	 	 	 0.030 
3.100 	 0.659 	 0.004 	 	 	 0.029 
3.150 	 0.719 	 0.004 	 	 	 0.030 
3.200 	 0.765 	 0.004 	 	 	 0.031 
3.250 	 0.798 	 0.004 	 	 	 0.031 
3.300 	 0.819 	 0.004 	 	 	 0.031 
3.350 	 0.828 	 0.004 	 	 	 0.035 
3.400 	 0.828 	 0.004 	 	 	 0.031 
3.450 	 0.816 	 0.004 	 	 	 0.028 
3.500 	 0.794 	 0.004 	 	 	 0.031 
3.550 	 0.760 	 0.004 	 	 	 0.036 
3.600 	 0.712 	 0.004 	 	 	 0.031 
3.650 	 0.649 	 0.004 	 	 	 0.023 
3.700 	 0.573 	 0.004 	 	 	 0.030 
3.750 	 0.483 	 0.004 	 	 	 0.031 
3.800 	 0.383 	 0.004 	 	 	 0.023 
3.850 	 0.277 	 0.004 	 	 	 0.031 
3.900 	 0.169 	 0.004 	 	 	 0.030 
3.950 	 0.065 	 0.004 	 	 	 0.028 
4.000 	 -0.029 	 0.004 	 	 	 0.031 
4.050 	 -0.110 	 0.004 	 	 	 0.029 
4.100 	 -0.173 	 0.004 	 	 	 0.036 
4.150 	 -0.217 	 0.004 	 	 	 0.031 
4.200 	 -0.241 	 0.004 	 	 	 0.031 
4.250 	 -0.243 	 0.004 	 	 	 0.030 
4.300 	 -0.225 	 0.004 	 	 	 0.030 
4.350 	 -0.185 	 0.004 	 	 	 0.027 
4.400 	 -0.126 	 0.004 	 	 	 0.030 
4.450 	 -0.050 	 0.004 	 	 	 0.031 
4.500 	 0.042 	 0.004 	 	 	 0.026 
4.550 	 0.144 	 0.004 	 	 	 0.029 
4.600 	 0.251 	 0.004 	 	 	 0.033 
4.650 	 0.358 	 0.004 	 	 	 0.031 
4.700 	 0.460 	 0.004 	 	 	 0.033 
4.750 	 0.553 	 0.004 	 	 	 0.031 
4.800 	 0.633 	 0.004 	 	 	 0.031 
4.850 	 0.698 	 0.004 	 	 	 0.031 
4.900 	 0.749 	 0.004 	 	 	 0.026 
4.950 	 0.787 	 0.004 	 	 	 0.034 
5.000 	 0.812 	 0.004 	 	 	 0.028 
5.050 	 0.826 	 0.004 	 	 	 0.028 
5.100 	 0.829 	 0.004 	 	 	 0.036 
5.150 	 0.822 	 0.004 	 	 	 0.037 
5.200 	 0.804 	 0.004 	 	 	 0.031 
5.250 	 0.774 	 0.004 	 	 	 0.031 
5.300 	 0.731 	 0.004 	 	 	 0.029 
5.350 	 0.674 	 0.004 	 	 	 0.031 
5.400 	 0.603 	 0.004 	 	 	 0.031 
5.450 	 0.518 	 0.004 	 	 	 0.030 
5.500 	 0.421 	 0.004 	 	 	 0.025 
5.550 	 0.317 	 0.004 	 	 	 0.026 
5.600 	 0.209 	 0.004 	 	 	 0.024 
5.650 	 0.103 	 0.004 	 	 	 0.031 
5.700 	 0.004 	 0.004 	 	 	 0.031 
5.750 	 -0.082 	 0.004 	 	 	 0.028 
5.800 	 -0.152 	 0.004 	 	 	 0.026 
5.850 	 -0.203 	 0.004 	 	 	 0.031 
5.900 	 -0.234 	 0.004 	 	 	 0.028 
5.950 	 -0.245 	 0.004 	 	 	 0.030 
6.000 	 -0.234 	 0.004 	 	 	 0.038 
6.050 	 -0.202 	 0.004 	 	 	 0.030 
6.100 	 -0.151 	 0.003 	 	 	 0.030 
6.150 	 -0.080 	 0.003 	 	 	 0.028 
6.200 	 0.006 	 0.003 	 	 	 0.031 
6.250 	 0.105 	 0.003 	 	 	 0.031 
6.300 	 0.211 	 0.003 	 	 	 0.031 
6.350 	 0.319 	 0.003 	 	 	 0.030 
6.400 	 0.423 	 0.003 	 	 	 0.030 
6.450 	 0.520 	 0.003 	 	 	 0.030 
6.500 	 0.604 	 0.003 	 	 	 0.030 
6.550 	 0.675 	 0.003 	 	 	 0.029 
6.600 	 0.732 	 0.003 	 	 	 0.034 
6.650 	 0.775 	 0.003 	 	 	 0.031 
6.700 	 0.804 	 0.003 	 	 	 0.031 
6.750 	 0.822 	 0.003 	 	 	 0.030 
6.800 	 0.829 	 0.003 	 	 	 0.030 
6.850 	 0.826 	 0.003 	 	 	 0.030 
6.900 	 0.812 	 0.003 	 	 	 0.028 
6.950 	 0.786 	 0.003 	 	 	 0.030 
7.000 	 0.749 	 0.003 	 	 	 0.029 
7.050 	 0.697 	 0.003 	 	 	 0.031 
7.100 	 0.631 	 0.003 	 	 	 0.034 
7.150 	 0.551 	 0.003 	 	 	 0.030 
7.200 	 0.458 	 0.003 	 	 	 0.030 
7.250 	 0.356 	 0.003 	 	 	 0.031 
7.300 	 0.249 	 0.003 	 	 	 0.031 
7.350 	 0.141 	 0.003 	 	 	 0.031 
7.400 	 0.040 	 0.003 	 	 	 0.031 
7.450 	 -0.051 	 0.003 	 	 	 0.031 
7.500 	 -0.128 	 0.003 	 	 	 0.029 
7.550 	 -0.186 	 0.003 	 	 	 0.025 
7.600 	 -0.225 	 0.003 	 	 	 0.031 
7.650 	 -0.243 	 0.003 	 	 	 0.024 
7.700 	 -0.241 	 0.003 	 	 	 0.030 
7.750 	 -0.217 	 0.003 	 	 	 0.030 
7.800 	 -0.172 	 0.003 	 	 	 0.030 
7.850 	 -0.108 	 0.003 	 	 	 0.030 
7.900 	 -0.028 	 0.003 	 	 	 0.025 
7.950 	 0.067 	 0.003 	 	 	 0.036 
8.000 	 0.171 	 0.003 	 	 	 0.037 
8.050 	 0.279 	 0.003 	 	 	 0.030 
8.100 	 0.385 	 0.003 	 	 	 0.031 
8.150 	 0.485 	 0.003 	 	 	 0.031 
8.200 	 0.575 	 0.003 	 	 	 0.031 
8.250 	 0.651 	 0.003 	 	 	 0.026 
8.300 	 0.713 	 0.003 	 	 	 0.037 
8.350 	 0.760 	 0.003 	 	 	 0.031 
8.400 	 0.795 	 0.003 	 	 	 0.030 
8.450 	 0.817 	 0.003 	 	 	 0.025 
8.500 	 0.828 	 0.003 	 	 	 0.023 
8.550 	 0.828 	 0.003 	 	 	 0.031 
8.600 	 0.818 	 0.003 	 	 	 0.029 
8.650 	 0.797 	 0.003 	 	 	 0.031 
8.700 	 0.764 	 0.003 	 	 	 0.023 
8.750 	 0.718 	 0.003 	 	 	 0.030 
8.800 	 0.657 	 0.003 	 	 	 0.031 
8.850 	 0.582 	 0.003 	 	 	 0.031 
8.900 	 0.494 	 0.003 	 	 	 0.030 
8.950 	 0.395 	 0.003 	 	 	 0.035 
9.000 	 0.289 	 0.003 	 	 	 0.031 
9.050 	 0.181 	 0.003 	 	 	 0.031 
9.100 	 0.077 	 0.003 	 	 	 0.035 
9.150 	 -0.019 	 0.003 	 	 	 0.026 
9.200 	 -0.101 	 0.003 	 	 	 0.033 
9.250 	 -0.167 	 0.003 	 	 	 0.029 
9.300 	 -0.213 	 0.003 	 	 	 0.027 
9.350 	 -0.239 	 0.003 	 	 	 0.031 
9.400 	 -0.244 	 0.003 	 	 	 0.030 
9.450 	 -0.228 	 0.003 	 	 	 0.031 
9.500 	 -0.191 	 0.003 	 	 	 0.031 
9.550 	 -0.134 	 0.003 	 	 	 0.031 
9.600 	 -0.060 	 0.003 	 	 	 0.031 
9.650 	 0.030 	 0.003 	 	 	 0.028 
9.700 	 0.131 	 0.003 	 	 	 0.031 
9.750 	 0.238 	 0.003 	 	 	 0.036 
9.800 	 0.346 	 0.003 	 	 	 0.032 
9.850 	 0.449 	 0.003 	 	 	 0.025 
9.900 	 0.543 	 0.003 	 	 	 0.031 
9.950 	 0.624 	 0.003 	 	 	 0.039 
10.000 	 0.691 	 0.003 	 	 	 0.030 
10.050 	 0.744 	 0.003 	 	 	 0.033 
10.100 	 0.783 	 0.003 	 	 	 0.030 
10.150 	 0.810 	 0.003 	 	 	 0.031 
10.200 	 0.825 	 0.003 	 	 	 0.031 
10.250 	 0.829 	 0.003 	 	 	 0.031 
10.300 	 0.823 	 0.003 	 	 	 0.031 
10.350 	 0.806 	 0.003 	 	 	 0.030 
10.400 	 0.778 	 0.003 	 	 	 0.027 
10.450 	 0.737 	 0.003 	 	 	 0.031 
10.500 	 0.681 	 0.003 	 	 	 0.032 
10.550 	 0.612 	 0.003 	 	 	 0.030 
10.600 	 0.528 	 0.003 	 	 	 0.038 
10.650 	 0.433 	 0.003 	 	 	 0.028 
10.700 	 0.329 	 0.003 	 	 	 0.030 
10.750 	 0.221 	 0.003 	 	 	 0.030 
10.800 	 0.115 	 0.003 	 	 	 0.032 
10.850 	 0.015 	 0.003 	 	 	 0.030 
10.900 	 -0.073 	 0.003 	 	 	 0.031 
10.950 	 -0.145 	 0.003 	 	 	 0.033 
11.000 	 -0.198 	 0.003 	 	 	 0.024 
11.050 	 -0.232 	 0.003 	 	 	 0.029 
11.100 	 -0.245 	 0.003 	 	 	 0.030 
11.150 	 -0.236 	 0.003 	 	 	 0.031 
11.200 	 -0.207 	 0.003 	 	 	 0.026 
11.250 	 -0.158 	 0.003 	 	 	 0.035 
11.300 	 -0.089 	 0.003 	 	 	 0.026 
11.350 	 -0.005 	 0.003 	 	 	 0.033 
11.400 	 0.093 	 0.003 	 	 	 0.030 
11.450 	 0.198 	 0.003 	 	 	 0.035 
11.500 	 0.306 	 0.003 	 	 	 0.031 
11.550 	 0.412 	 0.003 	 	 	 0.030 
11.600 	 0.509 	 0.003 	 	 	 0.031 
11.650 	 0.595 	 0.003 	 	 	 0.031 
11.700 	 0.668 	 0.003 	 	 	 0.037 
11.750 	 0.726 	 0.003 	 	 	 0.031 
11.800 	 0.770 	 0.003 	 	 	 0.028 
11.850 	 0.801 	 0.003 	 	 	 0.033 
11.900 	 0.821 	 0.003 	 	 	 0.030 
11.950 	 0.829 	 0.003 	 	 	 0.031 
12.000 	 0.827 	 0.003 	 	 	 0.031 
12.050 	 0.814 	 0.003 	 	 	 0.027 
12.100 	 0.790 	 0.003 	 	 	 0.031 
12.150 	 0.754 	 0.003 	 	 	 0.025 
12.200 	 0.704 	 0.003 	 	 	 0.030 
12.250 	 0.639 	 0.003 	 	 	 0.037 
12.300 	 0.561 	 0.003 	 	 	 0.028 
12.350 	 0.470 	 0.003 	 	 	 0.039 
12.400 	 0.368 	 0.003 	 	 	 0.030 
12.450 	 0.261 	 0.003 	 	 	 0.033 
12.500 	 0.154 	 0.003 	 	 	 0.031 
12.550 	 0.051 	 0.003 	 	 	 0.031 
12.600 	 -0.042 	 0.003 	 	 	 0.034 
12.650 	 -0.120 	 0.003 	 	 	 0.037 
12.700 	 -0.181 	 0.003 	 	 	 0.030 
12.750 	 -0.222 	 0.003 	 	 	 0.037 
12.800 	 -0.242 	 0.003 	 	 	 0.030 
12.850 	 -0.242 	 0.003 	 	 	 0.030 
12.900 	 -0.220 	 0.003 	 	 	 0.031 
12.950 	 -0.178 	 0.003 	 	 	 0.038 
13.000 	 -0.117 	 0.003 	 	 	 0.030 
13.050 	 -0.038 	 0.003 	 	 	 0.030 
13.100 	 0.055 	 0.003 	 	 	 0.022 
13.150 	 0.158 	 0.003 	 	 	 0.031 
13.200 	 0.266 	 0.003 	 	 	 0.034 
13.250 	 0.373 	 0.003 	 	 	 0.031 
13.300 	 0.474 	 0.003 	 	 	 0.023 
13.350 	 0.565 	 0.003 	 	 	 0.032 
13.400 	 0.643 	 0.003 	 	 	 0.030 
13.450 	 0.706 	 0.003 	 	 	 0.031 
13.500 	 0.756 	 0.003 	 	 	 0.024 
13.550 	 0.791 	 0.003 	 	 	 0.033 
13.600 	 0.815 	 0.003 	 	 	 0.031 
13.650 	 0.827 	 0.003 	 	 	 0.031 
13.700 	 0.829 	 0.003 	 	 	 0.030 
13.750 	 0.820 	 0.003 	 	 	 0.031 
13.800 	 0.800 	 0.003 	 	 	 0.030 
13.850 	 0.769 	 0.003 	 	 	 0.028 
13.900 	 0.724 	 0.003 	 	 	 0.031 
13.950 	 0.665 	 0.003 	 	 	 0.031 
14.000 	 0.592 	 0.003 	 	 	 0.030 
14.050 	 0.505 	 0.003 	 	 	 0.029 
14.100 	 0.407 	 0.003 	 	 	 0.031 
14.150 	 0.302 	 0.003 	 	 	 0.031 
14.200 	 0.193 	 0.003 	 	 	 0.030 
14.250 	 0.088 	 0.003 	 	 	 0.032 
14.300 	 -0.009 	 0.003 	 	 	 0.031 
14.350 	 -0.093 	 0.003 	 	 	 0.030 
14.400 	 -0.160 	 0.003 	 	 	 0.031 
14.450 	 -0.209 	 0.003 	 	 	 0.032 
14.500 	 -0.237 	 0.003 	 	 	 0.031 
14.550 	 -0.245 	 0.003 	 	 	 0.034 
14.600 	 -0.231 	 0.003 	 	 	 0.025 
14.650 	 -0.196 	 0.003 	 	 	 0.027 
14.700 	 -0.142 	 0.003 	 	 	 0.031 
14.750 	 -0.069 	 0.003 	 	 	 0.032 
14.800 	 0.019 	 0.003 	 	 	 0.031 
14.850 	 0.119 	 0.003 	 	 	 0.031 
14.900 	 0.226 	 0.003 	 	 	 0.036 
14.950 	 0.334 	 0.003 	 	 	 0.034 
15.000 	 0.438 	 0.003 	 	 	 0.034 
15.050 	 0.532 	 0.003 	 	 	 0.031 
15.100 	 0.615 	 0.003 	 	 	 0.031 
15.150 	 0.684 	 0.003 	 	 	 0.031 
15.200 	 0.739 	 0.003 	 	 	 0.031 
15.250 	 0.780 	 0.003 	 	 	 0.030 
15.300 	 0.807 	 0.003 	 	 	 0.031 
15.350 	 0.824 	 0.003 	 	 	 0.030 
15.400 	 0.829 	 0.003 	 	 	 0.032 
15.450 	 0.825 	 0.003 	 	 	 0.031 
15.500 	 0.809 	 0.003 	 	 	 0.025 
15.550 	 0.782 	 0.003 	 	 	 0.027 
15.600 	 0.742 	 0.003 	 	 	 0.031 
15.650 	 0.689 	 0.003 	 	 	 0.029 
15.700 	 0.621 	 0.003 	 	 	 0.031 
15.750 	 0.539 	 0.003 	 	 	 0.035 
15.800 	 0.445 	 0.003 	 	 	 0.037 
15.850 	 0.341 	 0.003 	 	 	 0.029 
15.900 	 0.234 	 0.003 	 	 	 0.031 
15.950 	 0.127 	 0.003 	 	 	 0.028 
16.000 	 0.026 	 0.003 	 	 	 0.031 
16.050 	 -0.063 	 0.003 	 	 	 0.024 
16.100 	 -0.137 	 0.003 	 	 	 0.031 
16.150 	 -0.193 	 0.003 	 	 	 0.032 
16.200 	 -0.229 	 0.003 	 	 	 0.031 
16.250 	 -0.244 	 0.003 	 	 	 0.031 
16.300 	 -0.238 	 0.003 	 	 	 0.031 
16.350 	 -0.212 	 0.003 	 	 	 0.030 
16.400 	 -0.164 	 0.003 	 	 	 0.030 
16.450 	 -0.098 	 0.003 	 	 	 0.031 
16.500 	 -0.015 	 0.003 	 	 	 0.031 
16.550 	 0.081 	 0.003 	 	 	 0.030 
16.600 	 0.186 	 0.003 	 	 	 0.031 
16.650 	 0.294 	 0.003 	 	 	 0.030 
16.700 	 0.400 	 0.003 	 	 	 0.038 
16.750 	 0.498 	 0.003 	 	 	 0.033 
16.800 	 0.586 	 0.003 	 	 	 0.025 
16.850 	 0.660 	 0.003 	 	 	 0.027 
16.900 	 0.720 	 0.003 	 	 	 0.030 
16.950 	 0.766 	 0.003 	 	 	 0.030 
17.000 	 0.798 	 0.003 	 	 	 0.031 
17.050 	 0.819 	 0.003 	 	 	 0.031 
17.100 	 0.829 	 0.003 	 	 	 0.031 
17.150 	 0.828 	 0.003 	 	 	 0.037 
17.200 	 0.816 	 0.003 	 	 	 0.023 
17.250 	 0.793 	 0.003 	 	 	 0.028 
17.300 	 0.758 	 0.003 	 	 	 0.030 
17.350 	 0.710 	 0.003 	 	 	 0.031 
17.400 	 0.648 	 0.003 	 	 	 0.027 
17.450 	 0.571 	 0.003 	 	 	 0.027 
17.500 	 0.481 	 0.003 	 	 	 0.030 
17.550 	 0.381 	 0.003 	 	 	 0.024 
17.600 	 0.274 	 0.003 	 	 	 0.032 
17.650 	 0.166 	 0.003 	 	 	 0.029 
17.700 	 0.062 	 0.003 	 	 	 0.027 
17.750 	 -0.032 	 0.003 	 	 	 0.031 
17.800 	 -0.112 	 0.003 	 	 	 0.030 
17.850 	 -0.175 	 0.003 	 	 	 0.030 
17.900 	 -0.218 	 0.003 	 	 	 0.030 
17.950 	 -0.241 	 0.003 	 	 	 0.036 
18.000 	 -0.243 	 0.003 	 	 	 0.035 
18.050 	 -0.224 	 0.003 	 	 	 0.030 
18.100 	 -0.184 	 0.003 	 	 	 0.030 
18.150 	 -0.125 	 0.003 	 	 	 0.029 
18.200 	 -0.048 	 0.003 	 	 	 0.037 
18.250 	 0.044 	 0.003 	 	 	 0.031 
18.300 	 0.146 	 0.003 	 	 	 0.031 
18.350 	 0.254 	 0.003 	 	 	 0.030 
18.400 	 0.361 	 0.003 	 	 	 0.030 
18.450 	 0.463 	 0.003 	 	 	 0.031 
18.500 	 0.555 	 0.003 	 	 	 0.028 
18.550 	 0.634 	 0.003 	 	 	 0.031 
18.600 	 0.700 	 0.003 	 	 	 0.031 
18.650 	 0.751 	 0.003 	 	 	 0.032 
18.700 	 0.788 	 0.003 	 	 	 0.031 
18.750 	 0.813 	 0.003 	 	 	 0.030 
18.800 	 0.826 	 0.003 	 	 	 0.030 
18.850 	 0.829 	 0.003 	 	 	 0.031 
18.900 	 0.822 	 0.003 	 	 	 0.035 
18.950 	 0.803 	 0.003 	 	 	 0.030 
19.000 	 0.773 	 0.003 	 	 	 0.032 
19.050 	 0.730 	 0.003 	 	 	 0.025 
19.100 	 0.673 	 0.003 	 	 	 0.032 
19.150 	 0.601 	 0.003 	 	 	 0.031 
19.200 	 0.516 	 0.003 	 	 	 0.027 
19.250 	 0.419 	 0.003 	 	 	 0.031 
19.300 	 0.314 	 0.003 	 	 	 0.037 
19.350 	 0.206 	 0.003 	 	 	 0.034 
19.400 	 0.100 	 0.003 	 	 	 0.030 
19.450 	 0.002 	 0.003 	 	 	 0.023 
19.500 	 -0.084 	 0.003 	 	 	 0.031 
19.550 	 -0.153 	 0.003 	 	 	 0.029 
19.600 	 -0.204 	 0.003 	 	 	 0.030 
19.650 	 -0.235 	 0.003 	 	 	 0.032 
19.700 	 -0.245 	 0.003 	 	 	 0.030 
19.750 	 -0.233 	 0.003 	 	 	 0.030 
19.800 	 -0.201 	 0.003 	 	 	 0.024 
19.850 	 -0.149 	 0.003 	 	 	 0.036 
19.900 	 -0.078 	 0.003 	 	 	 0.024 
19.950 	 0.008 	 0.003 	 	 	 0.033 
20.000 	 0.107 	 0.003 	 	 	 0.031 
20.050 	 0.213 	 0.003 	 	 	 0.035 
20.100 	 0.321 	 0.003 	 	 	 0.030 
20.150 	 0.426 	 0.003 	 	 	 0.031 
20.200 	 0.522 	 0.003 	 	 	 0.028 
20.250 	 0.606 	 0.003 	 	 	 0.031 
20.300 	 0.677 	 0.003 	 	 	 0.028 
20.350 	 0.733 	 0.003 	 	 	 0.031 
20.400 	 0.775 	 0.003 	 	 	 0.033 
20.450 	 0.805 	 0.003 	 	 	 0.031 
20.500 	 0.822 	 0.003 	 	 	 0.031 
20.550 	 0.829 	 0.003 	 	 	 0.025 
20.600 	 0.826 	 0.003 	 	 	 0.031 
20.650 	 0.811 	 0.003 	 	 	 0.033 
20.700 	 0.786 	 0.003 	 	 	 0.031 
20.750 	 0.747 	 0.003 	 	 	 0.031 
20.800 	 0.696 	 0.003 	 	 	 0.031 
20.850 	 0.629 	 0.003 	 	 	 0.030 
20.900 	 0.549 	 0.003 	 	 	 0.030 
20.950 	 0.456 	 0.003 	 	 	 0.035 
21.000 	 0.354 	 0.003 	 	 	 0.030 
21.050 	 0.246 	 0.003 	 	 	 0.030 
21.100 	 0.139 	 0.003 	 	 	 0.030 
21.150 	 0.037 	 0.003 	 	 	 0.030 
21.200 	 -0.054 	 0.003 	 	 	 0.031 
21.250 	 -0.130 	 0.003 	 	 	 0.026 
21.300 	 -0.188 	 0.003 	 	 	 0.033 
21.350 	 -0.226 	 0.003 	 	 	 0.030 
21.400 	 -0.244 	 0.003 	 	 	 0.031 
21.450 	 -0.240 	 0.003 	 	 	 0.030 
21.500 	 -0.216 	 0.003 	 	 	 0.031 
21.550 	 -0.171 	 0.003 	 	 	 0.031 
21.600 	 -0.107 	 0.003 	 	 	 0.030 
21.650 	 -0.025 	 0.003 	 	 	 0.032 
21.700 	 0.069 	 0.003 	 	 	 0.024 
21.750 	 0.173 	 0.003 	 	 	 0.031 
21.800 	 0.281 	 0.003 	 	 	 0.031 
21.850 	 0.388 	 0.003 	 	 	 0.031 
21.900 	 0.488 	 0.003 	 	 	 0.030 
21.950 	 0.577 	 0.003 	 	 	 0.033 
22.000 	 0.652 	 0.003 	 	 	 0.029 
22.050 	 0.714 	 0.003 	 	 	 0.028 
22.100 	 0.761 	 0.003 	 	 	 0.031 
22.150 	 0.795 	 0.003 	 	 	 0.031 
22.200 	 0.817 	 0.003 	 	 	 0.031 
22.250 	 0.828 	 0.003 	 	 	 0.028 
22.300 	 0.828 	 0.003 	 	 	 0.031 
22.350 	 0.818 	 0.003 	 	 	 0.034 
22.400 	 0.797 	 0.003 	 	 	 0.031 
22.450 	 0.763 	 0.003 	 	 	 0.031 
22.500 	 0.716 	 0.003 	 	 	 0.036 
22.550 	 0.656 	 0.003 	 	 	 0.030 
22.600 	 0.580 	 0.003 	 	 	 0.028 
22.650 	 0.492 	 0.003 	 	 	 0.031 
22.700 	 0.393 	 0.003 	 	 	 0.031 
22.750 	 0.286 	 0.003 	 	 	 0.031 
22.800 	 0.178 	 0.003 	 	 	 0.030 
22.850 	 0.074 	 0.003 	 	 	 0.031 
22.900 	 -0.021 	 0.003 	 	 	 0.026 
22.950 	 -0.103 	 0.003 	 	 	 0.030 
23.000 	 -0.168 	 0.003 	 	 	 0.031 
23.050 	 -0.214 	 0.003 	 	 	 0.030 
23.100 	 -0.240 	 0.003 	 	 	 0.030 
23.150 	 -0.244 	 0.003 	 	 	 0.034 
23.200 	 -0.227 	 0.003 	 	 	 0.031 
23.250 	 -0.190 	 0.003 	 	 	 0.030 
23.300 	 -0.133 	 0.003 	 	 	 0.031 
23.350 	 -0.057 	 0.003 	 	 	 0.031 
23.400 	 0.033 	 0.003 	 	 	 0.038 
23.450 	 0.134 	 0.003 	 	 	 0.031 
23.500 	 0.241 	 0.003 	 	 	 0.030 
23.550 	 0.349 	 0.003 	 	 	 0.035 
23.600 	 0.452 	 0.003 	 	 	 0.031 
23.650 	 0.545 	 0.003 	 	 	 0.032 
23.700 	 0.626 	 0.003 	 	 	 0.030 
23.750 	 0.693 	 0.003 	 	 	 0.031 
23.800 	 0.745 	 0.003 	 	 	 0.023 
23.850 	 0.784 	 0.003 	 	 	 0.027 
23.900 	 0.810 	 0.003 	 	 	 0.031 
23.950 	 0.825 	 0.003 	 	 	 0.024 
24.000 	 0.829 	 0.003 	 	 	 0.030 
24.050 	 0.823 	 0.003 	 	 	 0.031 
24.100 	 0.806 	 0.003 	 	 	 0.031 
24.150 	 0.777 	 0.003 	 	 	 0.031 
24.200 	 0.735 	 0.003 	 	 	 0.031 
24.250 	 0.680 	 0.003 	 	 	 0.031 
24.300 	 0.610 	 0.003 	 	 	 0.035 
24.350 	 0.526 	 0.003 	 	 	 0.029 
24.400 	 0.430 	 0.003 	 	 	 0.031 
24.450 	 0.326 	 0.003 	 	 	 0.030 
24.500 	 0.218 	 0.003 	 	 	 0.030 
24.550 	 0.112 	 0.003 	 	 	 0.030 
24.600 	 0.013 	 0.003 	 	 	 0.031 
24.650 	 -0.075 	 0.003 	 	 	 0.032 
24.700 	 -0.146 	 0.003 	 	 	 0.035 
24.750 	 -0.199 	 0.003 	 	 	 0.030 
24.800 	 -0.232 	 0.003 	 	 	 0.031 
24.850 	 -0.245 	 0.003 	 	 	 0.030 
24.900 	 -0.236 	 0.003 	 	 	 0.032 
24.950 	 -0.206 	 0.003 	 	 	 0.023 
25.000 	 -0.156 	 0.003 	 	 	 0.030 
25.050 	 -0.087 	 0.003 	 	 	 0.032 
25.100 	 -0.002 	 0.003 	 	 	 0.030 
25.150 	 0.095 	 0.003 	 	 	 0.029 
25.200 	 0.201 	 0.003 	 	 	 0.027 
25.250 	 0.309 	 0.003 	 	 	 0.031 
25.300 	 0.414 	 0.003 	 	 	 0.037 
25.350 	 0.512 	 0.003 	 	 	 0.036 
25.400 	 0.597 	 0.003 	 	 	 0.030 
25.450 	 0.670 	 0.003 	 	 	 0.031 
25.500 	 0.727 	 0.003 	 	 	 0.031 
25.550 	 0.771 	 0.003 	 	 	 0.037 
25.600 	 0.802 	 0.003 	 	 	 0.036 
25.650 	 0.821 	 0.003 	 	 	 0.035 
25.700 	 0.829 	 0.003 	 	 	 0.029 
25.750 	 0.827 	 0.003 	 	 	 0.031 
25.800 	 0.814 	 0.003 	 	 	 0.028 
25.850 	 0.789 	 0.003 	 	 	 0.029 
25.900 	 0.753 	 0.003 	 	 	 0.022 
25.950 	 0.702 	 0.003 	 	 	 0.023 
26.000 	 0.638 	 0.003 	 	 	 0.024 
26.050 	 0.559 	 0.003 	 	 	 0.031 
26.100 	 0.467 	 0.003 	 	 	 0.029 
26.150 	 0.366 	 0.003 	 	 	 0.027 
26.200 	 0.259 	 0.003 	 	 	 0.038 
26.250 	 0.151 	 0.003 	 	 	 0.030 
26.300 	 0.048 	 0.003 	 	 	 0.031 
26.350 	 -0.044 	 0.003 	 	 	 0.024 
26.400 	 -0.122 	 0.003 	 	 	 0.030 
26.450 	 -0.182 	 0.003 	 	 	 0.030 
26.500 	 -0.223 	 0.003 	 	 	 0.038 
26.550 	 -0.243 	 0.003 	 	 	 0.031 
26.600 	 -0.242 	 0.003 	 	 	 0.031 
26.650 	 -0.220 	 0.003 	 	 	 0.030 
26.700 	 -0.177 	 0.003 	 	 	 0.030 
26.750 	 -0.115 	 0.003 	 	 	 0.027 
26.800 	 -0.036 	 0.003 	 	 	 0.023 
26.850 	 0.058 	 0.003 	 	 	 0.032 
26.900 	 0.161 	 0.003 	 	 	 0.031 
26.950 	 0.269 	 0.003 	 	 	 0.031 
27.000 	 0.376 	 0.003 	 	 	 0.025 
27.050 	 0.477 	 0.003 	 	 	 0.034 
27.100 	 0.567 	 0.003 	 	 	 0.031 
27.150 	 0.644 	 0.003 	 	 	 0.031 
27.200 	 0.708 	 0.003 	 	 	 0.025 
27.250 	 0.757 	 0.003 	 	 	 0.030 
27.300 	 0.792 	 0.003 	 	 	 0.030 
27.350 	 0.815 	 0.003 	 	 	 0.031 
27.400 	 0.827 	 0.003 	 	 	 0.030 
27.450 	 0.829 	 0.003 	 	 	 0.031 
27.500 	 0.820 	 0.003 	 	 	 0.026 
27.550 	 0.800 	 0.003 	 	 	 0.030 
27.600 	 0.768 	 0.003 	 	 	 0.027 
27.650 	 0.723 	 0.003 	 	 	 0.033 
27.700 	 0.663 	 0.003 	 	 	 0.030 
27.750 	 0.590 	 0.003 	 	 	 0.029 
27.800 	 0.503 	 0.003 	 	 	 0.031 
27.850 	 0.404 	 0.003 	 	 	 0.030 
27.900 	 0.299 	 0.003 	 	 	 0.024 
27.950 	 0.191 	 0.003 	 	 	 0.032 
28.000 	 0.086 	 0.003 	 	 	 0.032 
28.050 	 -0.011 	 0.003 	 	 	 0.032 
28.100 	 -0.095 	 0.003 	 	 	 0.030 
28.150 	 -0.162 	 0.003 	 	 	 0.030 
28.200 	 -0.210 	 0.003 	 	 	 0.031 
28.250 	 -0.238 	 0.003 	 	 	 0.031 
28.300 	 -0.244 	 0.003 	 	 	 0.027 
28.350 	 -0.230 	 0.003 	 	 	 0.028 
28.400 	 -0.195 	 0.003 	 	 	 0.031 
28.450 	 -0.140 	 0.003 	 	 	 0.026 
28.500 	 -0.067 	 0.003 	 	 	 0.023 
28.550 	 0.022 	 0.003 	 	 	 0.030 
28.600 	 0.122 	 0.003 	 	 	 0.038 
28.650 	 0.229 	 0.003 	 	 	 0.030 
28.700 	 0.337 	 0.003 	 	 	 0.036 
28.750 	 0.440 	 0.003 	 	 	 0.031 
28.800 	 0.535 	 0.003 	 	 	 0.030 
28.850 	 0.617 	 0.003 	 	 	 0.031 
28.900 	 0.686 	 0.003 	 	 	 0.031 
28.950 	 0.740 	 0.003 	 	 	 0.030 
29.000 	 0.780 	 0.003 	 	 	 0.032 
29.050 	 0.808 	 0.003 	 	 	 0.029 
29.100 	 0.824 	 0.003 	 	 	 0.031 
29.150 	 0.829 	 0.003 	 	 	 0.034 
29.200 	 0.824 	 0.003 	 	 	 0.031 
29.250 	 0.808 	 0.003 	 	 	 0.030 
29.300 	 0.781 	 0.003 	 	 	 0.033 
29.350 	 0.741 	 0.003 	 	 	 0.031 
29.400 	 0.687 	 0.003 	 	 	 0.030 
29.450 	 0.619 	 0.003 	 	 	 0.033 
29.500 	 0.537 	 0.003 	 	 	 0.030 
29.550 	 0.442 	 0.003 	 	 	 0.031 
29.600 	 0.339 	 0.003 	 	 	 0.032 
29.650 	 0.231 	 0.003 	 	 	 0.030 
29.700 	 0.124 	 0.003 	 	 	 0.031 
29.750 	 0.024 	 0.003 	 	 	 0.025 
29.800 	 -0.065 	 0.003 	 	 	 0.030 
29.850 	 -0.139 	 0.003 	 	 	 0.036 
29.900 	 -0.194 	 0.003 	 	 	 0.027 
29.950 	 -0.230 	 0.003 	 	 	 0.029 
30.000 	 -0.244 	 0.003 	 	 	 0.031 
30.050 	 -0.238 	 0.003 	 	 	 0.030 
30.100 	 -0.211 	 0.003 	 	 	 0.031 
30.150 	 -0.163 	 0.003 	 	 	 0.033 
30.200 	 -0.096 	 0.003 	 	 	 0.030 
30.250 	 -0.013 	 0.003 	 	 	 0.037 
30.300 	 0.084 	 0.003 	 	 	 0.038 
30.350 	 0.189 	 0.003 	 	 	 0.031 
30.400 	 0.297 	 0.003 	 	 	 0.034 
30.450 	 0.402 	 0.003 	 	 	 0.031 
30.500 	 0.501 	 0.003 	 	 	 0.030 
30.550 	 0.588 	 0.003 	 	 	 0.032 
30.600 	 0.662 	 0.003 	 	 	 0.031 
30.650 	 0.722 	 0.003 	 	 	 0.031 
30.700 	 0.767 	 0.003 	 	 	 0.028 
30.750 	 0.799 	 0.003 	 	 	 0.030 
30.800 	 0.819 	 0.003 	 	 	 0.030 
30.850 	 0.829 	 0.003 	 	 	 0.031 
30.900 	 0.827 	 0.003 	 	 	 0.027 
30.950 	 0.816 	 0.003 	 	 	 0.031 
31.000 	 0.793 	 0.003 	 	 	 0.024 
31.050 	 0.757 	 0.003 	 	 	 0.033 
31.100 	 0.709 	 0.003 	 	 	 0.031 
31.150 	 0.646 	 0.003 	 	 	 0.030 
31.200 	 0.569 	 0.003 	 	 	 0.031 
31.250 	 0.478 	 0.003 	 	 	 0.028 
31.300 	 0.378 	 0.003 	 	 	 0.031 
31.350 	 0.271 	 0.003 	 	 	 0.030 
31.400 	 0.163 	 0.003 	 	 	 0.038 
31.450 	 0.060 	 0.003 	 	 	 0.027 
31.500 	 -0.034 	 0.003 	 	 	 0.031 
31.550 	 -0.113 	 0.003 	 	 	 0.030 
31.600 	 -0.176 	 0.003 	 	 	 0.031 
31.650 	 -0.219 	 0.003 	 	 	 0.030 
31.700 	 -0.241 	 0.003 	 	 	 0.036 
31.750 	 -0.243 	 0.003 	 	 	 0.031 
31.800 	 -0.223 	 0.003 	 	 	 0.030 
31.850 	 -0.183 	 0.003 	 	 	 0.031 
31.900 	 -0.123 	 0.003 	 	 	 0.030 
31.950 	 -0.046 	 0.003 	 	 	 0.034 
32.000 	 0.047 	 0.003 	 	 	 0.036 
32.050 	 0.149 	 0.003 	 	 	 0.031 
32.100 	 0.256 	 0.003 	 	 	 0.030 
32.150 	 0.364 	 0.003 	 	 	 0.030 
32.200 	 0.465 	 0.003 	 	 	 0.028 
32.250 	 0.557 	 0.003 	 	 	 0.034 
32.300 	 0.636 	 0.003 	 	 	 0.031 
32.350 	 0.701 	 0.003 	 	 	 0.031 
32.400 	 0.752 	 0.003 	 	 	 0.031 
32.450 	 0.789 	 0.003 	 	 	 0.026 
32.500 	 0.813 	 0.003 	 	 	 0.030 
32.550 	 0.826 	 0.003 	 	 	 0.031 
32.600 	 0.829 	 0.003 	 	 	 0.030 
32.650 	 0.821 	 0.003 	 	 	 0.032 
32.700 	 0.803 	 0.003 	 	 	 0.023 
32.750 	 0.772 	 0.003 	 	 	 0.030 
32.800 	 0.728 	 0.003 	 	 	 0.030 
32.850 	 0.671 	 0.003 	 	 	 0.032 
32.900 	 0.599 	 0.003 	 	 	 0.025 
32.950 	 0.513 	 0.003 	 	 	 0.033 
33.000 	 0.416 	 0.003 	 	 	 0.030 
33.050 	 0.311 	 0.003 	 	 	 0.029 
33.100 	 0.203 	 0.003 	 	 	 0.031 
33.150 	 0.097 	 0.003 	 	 	 0.030 
33.200 	 -0.000 	 0.003 	 	 	 0.029 
33.250 	 -0.086 	 0.003 	 	 	 0.031 
33.300 	 -0.155 	 0.003 	 	 	 0.031 
33.350 	 -0.205 	 0.003 	 	 	 0.030 
33.400 	 -0.235 	 0.003 	 	 	 0.028 
33.450 	 -0.245 	 0.003 	 	 	 0.031 
33.500 	 -0.233 	 0.003 	 	 	 0.030 
33.550 	 -0.200 	 0.003 	 	 	 0.030 
33.600 	 -0.147 	 0.003 	 	 	 0.027 
33.650 	 -0.076 	 0.003 	 	 	 0.025 
33.700 	 0.011 	 0.003 	 	 	 0.037 
33.750 	 0.110 	 0.003 	 	 	 0.031 
33.800 	 0.216 	 0.003 	 	 	 0.031 
33.850 	 0.324 	 0.003 	 	 	 0.031 
33.900 	 0.428 	 0.003 	 	 	 0.023 
33.950 	 0.524 	 0.003 	 	 	 0.037 
34.000 	 0.608 	 0.003 	 	 	 0.031 
34.050 	 0.679 	 0.003 	 	 	 0.032 
34.100 	 0.734 	 0.003 	 	 	 0.026 
34.150 	 0.776 	 0.003 	 	 	 0.031 
34.200 	 0.805 	 0.003 	 	 	 0.038 
34.250 	 0.823 	 0.003 	 	 	 0.032 
34.300 	 0.829 	 0.003 	 	 	 0.031 
34.350 	 0.825 	 0.003 	 	 	 0.032 
34.400 	 0.811 	 0.003 	 	 	 0.026 
34.450 	 0.785 	 0.003 	 	 	 0.031 
34.500 	 0.746 	 0.003 	 	 	 0.031 
34.550 	 0.694 	 0.003 	 	 	 0.031 
34.600 	 0.627 	 0.003 	 	 	 0.031 
34.650 	 0.547 	 0.003 	 	 	 0.031 
34.700 	 0.454 	 0.003 	 	 	 0.029 
34.750 	 0.351 	 0.003 	 	 	 0.028 
34.800 	 0.243 	 0.003 	 	 	 0.033 
34.850 	 0.136 	 0.003 	 	 	 0.034 
34.900 	 0.035 	 0.003 	 	 	 0.030 
34.950 	 -0.056 	 0.003 	 	 	 0.031 
35.000 	 -0.131 	 0.003 	 	 	 0.030 
35.050 	 -0.189 	 0.003 	 	 	 0.031 
35.100 	 -0.227 	 0.003 	 	 	 0.026 
35.150 	 -0.244 	 0.003 	 	 	 0.030 
35.200 	 -0.240 	 0.003 	 	 	 0.031 
35.250 	 -0.215 	 0.003 	 	 	 0.031 
35.300 	 -0.169 	 0.003 	 	 	 0.037 
35.350 	 -0.105 	 0.003 	 	 	 0.031 
35.400 	 -0.023 	 0.003 	 	 	 0.030 
35.450 	 0.072 	 0.003 	 	 	 0.026 
35.500 	 0.176 	 0.003 	 	 	 0.034 
35.550 	 0.284 	 0.003 	 	 	 0.033 
35.600 	 0.390 	 0.003 	 	 	 0.037 
35.650 	 0.490 	 0.003 	 	 	 0.036 
35.700 	 0.579 	 0.003 	 	 	 0.030 
35.750 	 0.654 	 0.003 	 	 	 0.030 
35.800 	 0.715 	 0.003 	 	 	 0.031 
35.850 	 0.762 	 0.003 	 	 	 0.030 
35.900 	 0.796 	 0.003 	 	 	 0.032 
35.950 	 0.818 	 0.003 	 	 	 0.032 
36.000 	 0.828 	 0.003 	 	 	 0.031 
36.050 	 0.828 	 0.003 	 	 	 0.030 
36.100 	 0.818 	 0.003 	 	 	 0.023 
36.150 	 0.796 	 0.003 	 	 	 0.025 
36.200 	 0.762 	 0.003 	 	 	 0.031 
36.250 	 0.715 	 0.003 	 	 	 0.031 
36.300 	 0.654 	 0.003 	 	 	 0.036 
36.350 	 0.578 	 0.003 	 	 	 0.030 
36.400 	 0.489 	 0.003 	 	 	 0.031 
36.450 	 0.390 	 0.003 	 	 	 0.027 
36.500 	 0.284 	 0.003 	 	 	 0.023 
36.550 	 0.176 	 0.003 	 	 	 0.031 
36.600 	 0.071 	 0.003 	 	 	 0.030 
36.650 	 -0.024 	 0.003 	 	 	 0.031 
36.700 	 -0.105 	 0.003 	 	 	 0.031 
36.750 	 -0.170 	 0.003 	 	 	 0.029 
36.800 	 -0.215 	 0.003 	 	 	 0.030 
36.850 	 -0.240 	 0.003 	 	 	 0.030 
36.900 	 -0.244 	 0.003 	 	 	 0.031 
36.950 	 -0.227 	 0.003 	 	 	 0.031 
37.000 	 -0.189 	 0.003 	 	 	 0.030 
37.050 	 -0.131 	 0.003 	 	 	 0.030 
37.100 	 -0.055 	 0.003 	 	 	 0.031 
37.150 	 0.035 	 0.003 	 	 	 0.031 
37.200 	 0.137 	 0.003 	 	 	 0.032 
37.250 	 0.244 	 0.003 	 	 	 0.031 
37.300 	 0.351 	 0.003 	 	 	 0.035 
37.350 	 0.454 	 0.003 	 	 	 0.026 
37.400 	 0.547 	 0.003 	 	 	 0.030 
37.450 	 0.628 	 0.003 	 	 	 0.033 
37.500 	 0.694 	 0.003 	 	 	 0.031 
37.550 	 0.747 	 0.003 	 	 	 0.029 
37.600 	 0.785 	 0.003 	 	 	 0.031 
37.650 	 0.811 	 0.003 	 	 	 0.038 
37.700 	 0.825 	 0.003 	 	 	 0.028 
37.750 	 0.829 	 0.003 	 	 	 0.030 
37.800 	 0.823 	 0.003 	 	 	 0.031 
37.850 	 0.805 	 0.003 	 	 	 0.029 
37.900 	 0.776 	 0.003 	 	 	 0.030 
37.950 	 0.734 	 0.003 	 	 	 0.032 
38.000 	 0.678 	 0.003 	 	 	 0.032 
38.050 	 0.608 	 0.003 	 	 	 0.031 
38.100 	 0.524 	 0.003 	 	 	 0.027 
38.150 	 0.428 	 0.003 	 	 	 0.031 
38.200 	 0.324 	 0.003 	 	 	 0.031 
38.250 	 0.216 	 0.003 	 	 	 0.024 
38.300 	 0.109 	 0.003 	 	 	 0.031 
38.350 	 0.010 	 0.003 	 	 	 0.030 
38.400 	 -0.077 	 0.003 	 	 	 0.026 
38.450 	 -0.148 	 0.003 	 	 	 0.030 
38.500 	 -0.200 	 0.003 	 	 	 0.035 
38.550 	 -0.233 	 0.003 	 	 	 0.035 
38.600 	 -0.245 	 0.003 	 	 	 0.031 
38.650 	 -0.235 	 0.003 	 	 	 0.032 
38.700 	 -0.205 	 0.003 	 	 	 0.031 
38.750 	 -0.155 	 0.003 	 	 	 0.030 
38.800 	 -0.085 	 0.003 	 	 	 0.030 
38.850 	 0.000 	 0.003 	 	 	 0.030 
38.900 	 0.098 	 0.003 	 	 	 0.030 
38.950 	 0.204 	 0.003 	 	 	 0.031 
39.000 	 0.312 	 0.003 	 	 	 0.028 
39.050 	 0.417 	 0.003 	 	 	 0.030 
39.100 	 0.514 	 0.003 	 	 	 0.035 
39.150 	 0.599 	 0.003 	 	 	 0.030 
39.200 	 0.671 	 0.003 	 	 	 0.027 
39.250 	 0.729 	 0.003 	 	 	 0.030 
39.300 	 0.772 	 0.003 	 	 	 0.030 
39.350 	 0.803 	 0.003 	 	 	 0.029 
39.400 	 0.821 	 0.003 	 	 	 0.030 
39.450 	 0.829 	 0.003 	 	 	 0.034 
39.500 	 0.826 	 0.003 	 	 	 0.033 
39.550 	 0.813 	 0.003 	 	 	 0.037 
39.600 	 0.788 	 0.003 	 	 	 0.031 
39.650 	 0.751 	 0.003 	 	 	 0.029 
39.700 	 0.701 	 0.003 	 	 	 0.032 
39.750 	 0.636 	 0.003 	 	 	 0.030 
39.800 	 0.557 	 0.003 	 	 	 0.028 
39.850 	 0.465 	 0.003 	 	 	 0.025 
39.900 	 0.363 	 0.003 	 	 	 0.031 
39.950 	 0.256 	 0.003 	 	 	 0.031 
40.000 	 0.148 	 0.003 	 	 	 0.030 
40.050 	 0.046 	 0.003 	 	 	 0.030 
40.100 	 -0.046 	 0.003 	 	 	 0.030 
40.150 	 -0.123 	 0.003 	 	 	 0.028 
40.200 	 -0.183 	 0.003 	 	 	 0.031 
40.250 	 -0.223 	 0.003 	 	 	 0.034 
40.300 	 -0.243 	 0.003 	 	 	 0.031 
40.350 	 -0.241 	 0.003 	 	 	 0.036 
40.400 	 -0.219 	 0.003 	 	 	 0.031 
40.450 	 -0.176 	 0.003 	 	 	 0.038 
40.500 	 -0.113 	 0.003 	 	 	 0.032 
40.550 	 -0.033 	 0.003 	 	 	 0.031 
40.600 	 0.060 	 0.003 	 	 	 0.035 
40.650 	 0.164 	 0.003 	 	 	 0.035 
40.700 	 0.272 	 0.003 	 	 	 0.030 
40.750 	 0.378 	 0.003 	 	 	 0.030 
40.800 	 0.479 	 0.003 	 	 	 0.031 
40.850 	 0.569 	 0.003 	 	 	 0.039 
40.900 	 0.646 	 0.003 	 	 	 0.037 
40.950 	 0.709 	 0.003 	 	 	 0.031 
41.000 	 0.758 	 0.003 	 	 	 0.031 
41.050 	 0.793 	 0.003 	 	 	 0.030 
41.100 	 0.816 	 0.003 	 	 	 0.038 
41.150 	 0.827 	 0.003 	 	 	 0.030 
41.200 	 0.829 	 0.003 	 	 	 0.031 
41.250 	 0.819 	 0.003 	 	 	 0.038 
41.300 	 0.799 	 0.003 	 	 	 0.023 
41.350 	 0.767 	 0.003 	 	 	 0.037 
41.400 	 0.721 	 0.003 	 	 	 0.035 
41.450 	 0.662 	 0.003 	 	 	 0.030 
41.500 	 0.588 	 0.003 	 	 	 0.031 
41.550 	 0.500 	 0.003 	 	 	 0.030 
41.600 	 0.402 	 0.003 	 	 	 0.030 
41.650 	 0.296 	 0.003 	 	 	 0.035 
41.700 	 0.188 	 0.003 	 	 	 0.026 
41.750 	 0.083 	 0.003 	 	 	 0.032 
41.800 	 -0.013 	 0.003 	 	 	 0.030 
41.850 	 -0.097 	 0.003 	 	 	 0.029 
41.900 	 -0.163 	 0.003 	 	 	 0.031 
41.950 	 -0.211 	 0.003 	 	 	 0.030 
42.000 	 -0.238 	 0.003 	 	 	 0.031 
42.050 	 -0.244 	 0.003 	 	 	 0.031 
42.100 	 -0.230 	 0.003 	 	 	 0.036 
42.150 	 -0.194 	 0.003 	 	 	 0.027 
42.200 	 -0.139 	 0.003 	 	 	 0.030 
42.250 	 -0.065 	 0.003 	 	 	 0.031 
42.300 	 0.024 	 0.003 	 	 	 0.029 
42.350 	 0.125 	 0.003 	 	 	 0.030 
42.400 	 0.231 	 0.003 	 	 	 0.024 
42.450 	 0.339 	 0.003 	 	 	 0.030 
42.500 	 0.443 	 0.003 	 	 	 0.030 
42.550 	 0.537 	 0.003 	 	 	 0.031 
42.600 	 0.619 	 0.003 	 	 	 0.026 
42.650 	 0.687 	 0.003 	 	 	 0.030 
42.700 	 0.741 	 0.003 	 	 	 0.031 
42.750 	 0.781 	 0.003 	 	 	 0.030 
42.800 	 0.809 	 0.003 	 	 	 0.030 
42.850 	 0.824 	 0.003 	 	 	 0.030 
42.900 	 0.829 	 0.003 	 	 	 0.030 
42.950 	 0.824 	 0.003 	 	 	 0.031 
43.000 	 0.808 	 0.003 	 	 	 0.028 
43.050 	 0.780 	 0.003 	 	 	 0.033 
43.100 	 0.740 	 0.003 	 	 	 0.030 
43.150 	 0.685 	 0.003 	 	 	 0.034 
43.200 	 0.617 	 0.003 	 	 	 0.033 
43.250 	 0.534 	 0.003 	 	 	 0.030 
43.300 	 0.440 	 0.003 	 	 	 0.030 
43.350 	 0.336 	 0.003 	 	 	 0.034 
43.400 	 0.228 	 0.003 	 	 	 0.030 
43.450 	 0.121 	 0.003 	 	 	 0.031 
43.500 	 0.021 	 0.003 	 	 	 0.030 
43.550 	 -0.067 	 0.003 	 	 	 0.027 
43.600 	 -0.140 	 0.003 	 	 	 0.031 
43.650 	 -0.195 	 0.003 	 	 	 0.030 
43.700 	 -0.230 	 0.003 	 	 	 0.031 
43.750 	 -0.245 	 0.003 	 	 	 0.034 
43.800 	 -0.238 	 0.003 	 	 	 0.031 
43.850 	 -0.210 	 0.003 	 	 	 0.031 
43.900 	 -0.161 	 0.003 	 	 	 0.030 
43.950 	 -0.094 	 0.003 	 	 	 0.031 
44.000 	 -0.011 	 0.003 	 	 	 0.031 
44.050 	 0.086 	 0.003 	 	 	 0.035 
44.100 	 0.191 	 0.003 	 	 	 0.030 
44.150 	 0.299 	 0.003 	 	 	 0.024 
44.200 	 0.405 	 0.003 	 	 	 0.031 
44.250 	 0.503 	 0.003 	 	 	 0.031 
44.300 	 0.590 	 0.003 	 	 	 0.024 
44.350 	 0.664 	 0.003 	 	 	 0.032 
44.400 	 0.723 	 0.003 	 	 	 0.031 
44.450 	 0.768 	 0.003 	 	 	 0.024 
44.500 	 0.800 	 0.003 	 	 	 0.031 
44.550 	 0.820 	 0.003 	 	 	 0.035 
44.600 	 0.829 	 0.003 	 	 	 0.030 
44.650 	 0.827 	 0.003 	 	 	 0.031 
44.700 	 0.815 	 0.003 	 	 	 0.031 
44.750 	 0.792 	 0.003 	 	 	 0.037 
44.800 	 0.756 	 0.003 	 	 	 0.030 
44.850 	 0.707 	 0.003 	 	 	 0.030 
44.900 	 0.644 	 0.003 	 	 	 0.031 
44.950 	 0.567 	 0.003 	 	 	 0.031 
45.000 	 0.476 	 0.003 	 	 	 0.031 
45.050 	 0.375 	 0.003 	 	 	 0.031 
45.100 	 0.268 	 0.003 	 	 	 0.031 
45.150 	 0.161 	 0.003 	 	 	 0.028 
45.200 	 0.057 	 0.003 	 	 	 0.026 
45.250 	 -0.036 	 0.003 	 	 	 0.033 
45.300 	 -0.115 	 0.003 	 	 	 0.039 
45.350 	 -0.177 	 0.003 	 	 	 0.035 
45.400 	 -0.220 	 0.003 	 	 	 0.034 
45.450 	 -0.242 	 0.003 	 	 	 0.030 
45.500 	 -0.243 	 0.003 	 	 	 0.031 
45.550 	 -0.222 	 0.003 	 	 	 0.030 
45.600 	 -0.182 	 0.003 	 	 	 0.022 
45.650 	 -0.121 	 0.003 	 	 	 0.031 
45.700 	 -0.043 	 0.003 	 	 	 0.030 
45.750 	 0.049 	 0.003 	 	 	 0.031 
45.800 	 0.152 	 0.003 	 	 	 0.030 
45.850 	 0.259 	 0.003 	 	 	 0.031 
45.900 	 0.366 	 0.003 	 	 	 0.028 
45.950 	 0.468 	 0.003 	 	 	 0.029 
46.000 	 0.559 	 0.003 	 	 	 0.025 
46.050 	 0.638 	 0.003 	 	 	 0.034 
46.100 	 0.703 	 0.003 	 	 	 0.037 
46.150 	 0.753 	 0.003 	 	 	 0.030 
46.200 	 0.789 	 0.003 	 	 	 0.036 
46.250 	 0.814 	 0.003 	 	 	 0.034 
46.300 	 0.827 	 0.003 	 	 	 0.031 
46.350 	 0.829 	 0.003 	 	 	 0.029 
46.400 	 0.821 	 0.003 	 	 	 0.025 
46.450 	 0.802 	 0.003 	 	 	 0.029 
46.500 	 0.771 	 0.003 	 	 	 0.030 
46.550 	 0.727 	 0.003 	 	 	 0.030 
46.600 	 0.669 	 0.003 	 	 	 0.031 
46.650 	 0.597 	 0.003 	 	 	 0.032 
46.700 	 0.511 	 0.003 	 	 	 0.031 
46.750 	 0.414 	 0.003 	 	 	 0.031 
46.800 	 0.309 	 0.003 	 	 	 0.030 
46.850 	 0.200 	 0.003 	 	 	 0.031 
46.900 	 0.095 	 0.003 	 	 	 0.023 
46.950 	 -0.003 	 0.003 	 	 	 0.038 
47.000 	 -0.088 	 0.003 	 	 	 0.031 
47.050 	 -0.156 	 0.003 	 	 	 0.025 
47.100 	 -0.206 	 0.003 	 	 	 0.031 
47.150 	 -0.236 	 0.003 	 	 	 0.031 
47.200 	 -0.245 	 0.003 	 	 	 0.031 
47.250 	 -0.232 	 0.003 	 	 	 0.031 
47.300 	 -0.199 	 0.003 	 	 	 0.031 
47.350 	 -0.146 	 0.003 	 	 	 0.024 
47.400 	 -0.074 	 0.003 	 	 	 0.030 
47.450 	 0.013 	 0.003 	 	 	 0.031 
47.500 	 0.113 	 0.003 	 	 	 0.024 
47.550 	 0.219 	 0.003 	 	 	 0.032 
47.600 	 0.327 	 0.003 	 	 	 0.031 
47.650 	 0.431 	 0.003 	 	 	 0.030 
47.700 	 0.527 	 0.003 	 	 	 0.030 
47.750 	 0.610 	 0.003 	 	 	 0.032 
47.800 	 0.680 	 0.003 	 	 	 0.031 
47.850 	 0.736 	 0.003 	 	 	 0.034 
47.900 	 0.777 	 0.003 	 	 	 0.036 
47.950 	 0.806 	 0.003 	 	 	 0.031 
48.000 	 0.823 	 0.003 	 	 	 0.038 
48.050 	 0.829 	 0.003 	 	 	 0.031 
48.100 	 0.825 	 0.003 	 	 	 0.031 
48.150 	 0.810 	 0.003 	 	 	 0.029 
48.200 	 0.784 	 0.003 	 	 	 0.034 
48.250 	 0.745 	 0.003 	 	 	 0.030 
48.300 	 0.692 	 0.003 	 	 	 0.030 
48.350 	 0.626 	 0.003 	 	 	 0.031 
48.400 	 0.544 	 0.003 	 	 	 0.027 
48.450 	 0.451 	 0.003 	 	 	 0.031 
48.500 	 0.348 	 0.003 	 	 	 0.031 
48.550 	 0.241 	 0.003 	 	 	 0.031 
48.600 	 0.133 	 0.003 	 	 	 0.030 
48.650 	 0.032 	 0.003 	 	 	 0.030 
48.700 	 -0.058 	 0.003 	 	 	 0.032 
48.750 	 -0.133 	 0.003 	 	 	 0.032 
48.800 	 -0.190 	 0.003 	 	 	 0.030 
48.850 	 -0.227 	 0.003 	 	 	 0.031 
48.900 	 -0.244 	 0.003 	 	 	 0.030 
48.950 	 -0.239 	 0.003 	 	 	 0.034 
49.000 	 -0.214 	 0.003 	 	 	 0.031 
49.050 	 -0.168 	 0.003 	 	 	 0.031 
49.100 	 -0.103 	 0.003 	 	 	 0.032 
49.150 	 -0.021 	 0.003 	 	 	 0.024 
49.200 	 0.075 	 0.003 	 	 	 0.031 
49.250 	 0.179 	 0.003 	 	 	 0.031 
49.300 	 0.287 	 0.003 	 	 	 0.031 
49.350 	 0.393 	 0.003 	 	 	 0.023 
49.400 	 0.492 	 0.003 	 	 	 0.027 
49.450 	 0.581 	 0.003 	 	 	 0.030 
49.500 	 0.656 	 0.003 	 	 	 0.031 
49.550 	 0.717 	 0.003 	 	 	 0.030 
49.600 	 0.763 	 0.003 	 	 	 0.030 
49.650 	 0.797 	 0.003 	 	 	 0.032 
49.700 	 0.818 	 0.003 	 	 	 0.033 
49.750 	 0.828 	 0.003 	 	 	 0.030 
49.800 	 0.828 	 0.003 	 	 	 0.031 
49.850 	 0.817 	 0.003 	 	 	 0.031 
49.900 	 0.795 	 0.003 	 	 	 0.038 
49.950 	 0.761 	 0.003 	 	 	 0.032 
50.000 	 0.714 	 0.003 	 	 	 0.030 
50.050 	 0.652 	 0.003 	 	 	 0.031 
50.100 	 0.576 	 0.003 	 	 	 0.030 
50.150 	 0.487 	 0.003 	 	 	 0.028 
50.200 	 0.387 	 0.003 	 	 	 0.023 
50.250 	 0.281 	 0.003 	 	 	 0.026 
50.300 	 0.173 	 0.003 	 	 	 0.029 
50.350 	 0.069 	 0.003 	 	 	 0.029 
50.400 	 -0.026 	 0.003 	 	 	 0.033 
50.450 	 -0.107 	 0.003 	 	 	 0.031 
50.500 	 -0.171 	 0.003 	 	 	 0.023 
50.550 	 -0.216 	 0.003 	 	 	 0.030 
50.600 	 -0.240 	 0.003 	 	 	 0.039 
50.650 	 -0.244 	 0.003 	 	 	 0.030 
50.700 	 -0.226 	 0.003 	 	 	 0.030 
50.750 	 -0.187 	 0.003 	 	 	 0.030 
50.800 	 -0.129 	 0.003 	 	 	 0.029 
50.850 	 -0.053 	 0.003 	 	 	 0.031 
50.900 	 0.038 	 0.003 	 	 	 0.034 
50.950 	 0.139 	 0.003 	 	 	 0.035 
51.000 	 0.247 	 0.003 	 	 	 0.031 
51.050 	 0.354 	 0.003 	 	 	 0.031 
51.100 	 0.457 	 0.003 	 	 	 0.031 
51.150 	 0.549 	 0.003 	 	 	 0.031 
51.200 	 0.630 	 0.003 	 	 	 0.030 
51.250 	 0.696 	 0.003 	 	 	 0.036 
51.300 	 0.748 	 0.003 	 	 	 0.031 
51.350 	 0.786 	 0.003 	 	 	 0.031 
51.400 	 0.811 	 0.003 	 	 	 0.036 
51.450 	 0.826 	 0.003 	 	 	 0.033 
51.500 	 0.829 	 0.003 	 	 	 0.030 
51.550 	 0.822 	 0.003 	 	 	 0.024 
51.600 	 0.805 	 0.003 	 	 	 0.031 
51.650 	 0.775 	 0.003 	 	 	 0.028 
51.700 	 0.733 	 0.003 	 	 	 0.031 
51.750 	 0.677 	 0.003 	 	 	 0.033 
51.800 	 0.606 	 0.003 	 	 	 0.031 
51.850 	 0.522 	 0.003 	 	 	 0.031 
51.900 	 0.425 	 0.003 	 	 	 0.033 
51.950 	 0.321 	 0.003 	 	 	 0.032 
52.000 	 0.213 	 0.003 	 	 	 0.029 
52.050 	 0.107 	 0.003 	 	 	 0.030 
52.100 	 0.008 	 0.003 	 	 	 0.028 
52.150 	 -0.079 	 0.003 	 	 	 0.035 
52.200 	 -0.149 	 0.003 	 	 	 0.030 
52.250 	 -0.202 	 0.003 	 	 	 0.031 
52.300 	 -0.234 	 0.003 	 	 	 0.031 
52.350 	 -0.245 	 0.003 	 	 	 0.031 
52.400 	 -0.235 	 0.003 	 	 	 0.031 
52.450 	 -0.204 	 0.003 	 	 	 0.031 
52.500 	 -0.153 	 0.003 	 	 	 0.029 
52.550 	 -0.083 	 0.003 	 	 	 0.031 
52.600 	 0.002 	 0.003 	 	 	 0.025 
52.650 	 0.101 	 0.003 	 	 	 0.030 
52.700 	 0.206 	 0.003 	 	 	 0.035 
52.750 	 0.315 	 0.003 	 	 	 0.029 
52.800 	 0.419 	 0.003 	 	 	 0.031 
52.850 	 0.516 	 0.003 	 	 	 0.027 
52.900 	 0.601 	 0.003 	 	 	 0.029 
52.950 	 0.673 	 0.003 	 	 	 0.024 
53.000 	 0.730 	 0.003 	 	 	 0.031 
53.050 	 0.773 	 0.003 	 	 	 0.034 
53.100 	 0.803 	 0.003 	 	 	 0.030 
53.150 	 0.822 	 0.003 	 	 	 0.035 
53.200 	 0.829 	 0.003 	 	 	 0.031 
53.250 	 0.826 	 0.003 	 	 	 0.035 
53.300 	 0.813 	 0.003 	 	 	 0.030 
53.350 	 0.788 	 0.003 	 	 	 0.031 
53.400 	 0.750 	 0.003 	 	 	 0.026 
53.450 	 0.699 	 0.003 	 	 	 0.031 
53.500 	 0.634 	 0.003 	 	 	 0.031 
53.550 	 0.555 	 0.003 	 	 	 0.032 
53.600 	 0.462 	 0.003 	 	 	 0.031 
53.650 	 0.360 	 0.003 	 	 	 0.034 
53.700 	 0.253 	 0.003 	 	 	 0.031 
53.750 	 0.146 	 0.003 	 	 	 0.033 
53.800 	 0.044 	 0.003 	 	 	 0.030 
53.850 	 -0.048 	 0.003 	 	 	 0.024 
53.900 	 -0.125 	 0.003 	 	 	 0.034 
53.950 	 -0.184 	 0.003 	 	 	 0.038 
54.000 	 -0.224 	 0.003 	 	 	 0.031 
54.050 	 -0.243 	 0.003 	 	 	 0.031 
54.100 	 -0.241 	 0.003 	 	 	 0.031 
54.150 	 -0.218 	 0.003 	 	 	 0.031 
54.200 	 -0.174 	 0.003 	 	 	 0.030 
54.250 	 -0.111 	 0.003 	 	 	 0.031 
54.300 	 -0.031 	 0.003 	 	 	 0.029 
54.350 	 0.063 	 0.003 	 	 	 0.031 
54.400 	 0.167 	 0.003 	 	 	 0.031 
54.450 	 0.274 	 0.003 	 	 	 0.031 
54.500 	 0.381 	 0.003 	 	 	 0.027 
54.550 	 0.481 	 0.003 	 	 	 0.028 
54.600 	 0.571 	 0.003 	 	 	 0.032 
54.650 	 0.648 	 0.003 	 	 	 0.031 
54.700 	 0.710 	 0.003 	 	 	 0.029 
54.750 	 0.759 	 0.003 	 	 	 0.031 
54.800 	 0.794 	 0.003 	 	 	 0.037 
54.850 	 0.816 	 0.003 	 	 	 0.028 
54.900 	 0.828 	 0.003 	 	 	 0.030 
54.950 	 0.828 	 0.003 	 	 	 0.031 
55.000 	 0.819 	 0.003 	 	 	 0.027 
55.050 	 0.798 	 0.003 	 	 	 0.037 
55.100 	 0.766 	 0.003 	 	 	 0.031 
55.150 	 0.720 	 0.003 	 	 	 0.030 
55.200 	 0.660 	 0.003 	 	 	 0.031 
55.250 	 0.586 	 0.003 	 	 	 0.031 
55.300 	 0.498 	 0.003 	 	 	 0.031 
55.350 	 0.399 	 0.003 	 	 	 0.033 
55.400 	 0.293 	 0.003 	 	 	 0.029 
55.450 	 0.185 	 0.003 	 	 	 0.030 
55.500 	 0.081 	 0.003 	 	 	 0.031 
55.550 	 -0.016 	 0.003 	 	 	 0.030 
55.600 	 -0.098 	 0.003 	 	 	 0.031 
55.650 	 -0.165 	 0.003 	 	 	 0.030 
55.700 	 -0.212 	 0.003 	 	 	 0.033 
55.750 	 -0.238 	 0.003 	 	 	 0.025 
55.800 	 -0.244 	 0.003 	 	 	 0.032 
55.850 	 -0.229 	 0.003 	 	 	 0.031 
55.900 	 -0.193 	 0.003 	 	 	 0.026 
55.950 	 -0.137 	 0.003 	 	 	 0.030 
56.000 	 -0.063 	 0.003 	 	 	 0.030 
56.050 	 0.027 	 0.003 	 	 	 0.031 
56.100 	 0.127 	 0.003 	 	 	 0.029 
56.150 	 0.234 	 0.003 	 	 	 0.029 
56.200 	 0.342 	 0.003 	 	 	 0.030 
56.250 	 0.445 	 0.003 	 	 	 0.033 
56.300 	 0.539 	 0.003 	 	 	 0.031 
56.350 	 0.621 	 0.003 	 	 	 0.030 
56.400 	 0.689 	 0.003 	 	 	 0.031 
56.450 	 0.742 	 0.003 	 	 	 0.032 
56.500 	 0.782 	 0.003 	 	 	 0.030 
56.550 	 0.809 	 0.003 	 	 	 0.025 
56.600 	 0.825 	 0.003 	 	 	 0.031 
56.650 	 0.829 	 0.003 	 	 	 0.030 
56.700 	 0.824 	 0.003 	 	 	 0.027 
56.750 	 0.807 	 0.003 	 	 	 0.030 
56.800 	 0.779 	 0.003 	 	 	 0.028 
56.850 	 0.739 	 0.003 	 	 	 0.038 
56.900 	 0.684 	 0.003 	 	 	 0.036 
56.950 	 0.615 	 0.003 	 	 	 0.035 
57.000 	 0.532 	 0.003 	 	 	 0.033 
57.050 	 0.437 	 0.003 	 	 	 0.031 
57.100 	 0.333 	 0.003 	 	 	 0.030 
57.150 	 0.225 	 0.003 	 	 	 0.029 
57.200 	 0.119 	 0.003 	 	 	 0.030 
57.250 	 0.019 	 0.003 	 	 	 0.024 
57.300 	 -0.069 	 0.003 	 	 	 0.030 
57.350 	 -0.142 	 0.003 	 	 	 0.029 
57.400 	 -0.197 	 0.003 	 	 	 0.030 
57.450 	 -0.231 	 0.003 	 	 	 0.030 
57.500 	 -0.245 	 0.003 	 	 	 0.031 
57.550 	 -0.237 	 0.003 	 	 	 0.031 
57.600 	 -0.209 	 0.003 	 	 	 0.034 
57.650 	 -0.160 	 0.003 	 	 	 0.030 
57.700 	 -0.092 	 0.003 	 	 	 0.031 
57.750 	 -0.008 	 0.003 	 	 	 0.031 
57.800 	 0.089 	 0.003 	 	 	 0.031 
57.850 	 0.194 	 0.003 	 	 	 0.031 
57.900 	 0.302 	 0.003 	 	 	 0.030 
57.950 	 0.408 	 0.003 	 	 	 0.031 
58.000 	 0.506 	 0.003 	 	 	 0.030 
58.050 	 0.592 	 0.003 	 	 	 0.030 
58.100 	 0.665 	 0.003 	 	 	 0.029 
58.150 	 0.724 	 0.003 	 	 	 0.030 
58.200 	 0.769 	 0.003 	 	 	 0.027 
58.250 	 0.800 	 0.003 	 	 	 0.031 
58.300 	 0.820 	 0.003 	 	 	 0.036 
58.350 	 0.829 	 0.003 	 	 	 0.036 
58.400 	 0.827 	 0.003 	 	 	 0.031 
58.450 	 0.815 	 0.003 	 	 	 0.038 
58.500 	 0.791 	 0.003 	 	 	 0.030 
58.550 	 0.755 	 0.003 	 	 	 0.031 
58.600 	 0.706 	 0.003 	 	 	 0.030 
58.650 	 0.642 	 0.003 	 	 	 0.031 
58.700 	 0.564 	 0.003 	 	 	 0.030 
58.750 	 0.474 	 0.003 	 	 	 0.030 
58.800 	 0.373 	 0.003 	 	 	 0.031 
58.850 	 0.266 	 0.003 	 	 	 0.031 
58.900 	 0.158 	 0.003 	 	 	 0.031 
58.950 	 0.055 	 0.003 	 	 	 0.027 
59.000 	 -0.038 	 0.003 	 	 	 0.031 
59.050 	 -0.117 	 0.003 	 	 	 0.026 
59.100 	 -0.179 	 0.003 	 	 	 0.031 
59.150 	 -0.221 	 0.003 	 	 	 0.031 
59.200 	 -0.242 	 0.003 	 	 	 0.025 
59.250 	 -0.242 	 0.003 	 	 	 0.031 
59.300 	 -0.222 	 0.003 	 	 	 0.031 
59.350 	 -0.180 	 0.003 	 	 	 0.031 
59.400 	 -0.119 	 0.003 	 	 	 0.029 
59.450 	 -0.041 	 0.003 	 	 	 0.030 
59.500 	 0.051 	 0.003 	 	 	 0.031 
59.550 	 0.154 	 0.003 	 	 	 0.037 
59.600 	 0.262 	 0.003 	 	 	 0.032 
59.650 	 0.369 	 0.003 	 	 	 0.031 
59.700 	 0.470 	 0.003 	 	 	 0.031 
59.750 	 0.561 	 0.003 	 	 	 0.030 
59.800 	 0.640 	 0.003 	 	 	 0.031 
59.850 	 0.704 	 0.003 	 	 	 0.031 
59.900 	 0.754 	 0.003 	 	 	 0.025 
59.950 	 0.790 	 0.003 	 	 	 0.030 
60.000 	 0.814 	 0.003 	 	 	 0.038 
60.050 	 0.827 	 0.003 	 	 	 0.030 
60.100 	 0.829 	 0.003 	 	 	 0.026 
60.150 	 0.821 	 0.003 	 	 	 0.025 
60.200 	 0.801 	 0.003 	 	 	 0.031 
60.250 	 0.770 	 0.003 	 	 	 0.030 
60.300 	 0.726 	 0.003 	 	 	 0.030 
60.350 	 0.668 	 0.003 	 	 	 0.035 
60.400 	 0.595 	 0.003 	 	 	 0.033 
60.450 	 0.509 	 0.003 	 	 	 0.036 
60.500 	 0.411 	 0.003 	 	 	 0.031 
60.550 	 0.306 	 0.003 	 	 	 0.026 
60.600 	 0.198 	 0.003 	 	 	 0.038 
60.650 	 0.092 	 0.003 	 	 	 0.030 
60.700 	 -0.005 	 0.003 	 	 	 0.031 
60.750 	 -0.090 	 0.003 	 	 	 0.026 
60.800 	 -0.158 	 0.003 	 	 	 0.030 
60.850 	 -0.207 	 0.003 	 	 	 0.034 
60.900 	 -0.236 	 0.003 	 	 	 0.031 
60.950 	 -0.245 	 0.003 	 	 	 0.031 
61.000 	 -0.232 	 0.003 	 	 	 0.031 
61.050 	 -0.198 	 0.003 	 	 	 0.027 
61.100 	 -0.144 	 0.003 	 	 	 0.030 
61.150 	 -0.072 	 0.003 	 	 	 0.036 
61.200 	 0.016 	 0.003 	 	 	 0.030 
61.250 	 0.115 	 0.003 	 	 	 0.030 
61.300 	 0.222 	 0.003 	 	 	 0.026 
61.350 	 0.330 	 0.003 	 	 	 0.031 
61.400 	 0.434 	 0.003 	 	 	 0.027 
61.450 	 0.529 	 0.003 	 	 	 0.029 
61.500 	 0.612 	 0.003 	 	 	 0.031 
61.550 	 0.682 	 0.003 	 	 	 0.030 
61.600 	 0.737 	 0.003 	 	 	 0.031 
61.650 	 0.778 	 0.003 	 	 	 0.031 
61.700 	 0.807 	 0.003 	 	 	 0.030 
61.750 	 0.823 	 0.003 	 	 	 0.030 
61.800 	 0.829 	 0.003 	 	 	 0.026 
61.850 	 0.825 	 0.003 	 	 	 0.031 
61.900 	 0.810 	 0.003 	 	 	 0.031 
61.950 	 0.783 	 0.003 	 	 	 0.033 
62.000 	 0.744 	 0.003 	 	 	 0.029 
62.050 	 0.691 	 0.003 	 	 	 0.028 
62.100 	 0.624 	 0.003 	 	 	 0.033 
62.150 	 0.542 	 0.003 	 	 	 0.023 
62.200 	 0.448 	 0.003 	 	 	 0.029 
62.250 	 0.346 	 0.003 	 	 	 0.031 
62.300 	 0.238 	 0.003 	 	 	 0.030 
62.350 	 0.131 	 0.003 	 	 	 0.031 
62.400 	 0.030 	 0.003 	 	 	 0.036 
62.450 	 -0.060 	 0.003 	 	 	 0.030 
62.500 	 -0.135 	 0.003 	 	 	 0.030 
62.550 	 -0.191 	 0.003 	 	 	 0.031 
62.600 	 -0.228 	 0.003 	 	 	 0.031 
62.650 	 -0.244 	 0.003 	 	 	 0.030 
62.700 	 -0.239 	 0.003 	 	 	 0.031 
62.750 	 -0.213 	 0.003 	 	 	 0.031 
62.800 	 -0.167 	 0.003 	 	 	 0.030 
62.850 	 -0.101 	 0.003 	 	 	 0.031 
62.900 	 -0.019 	 0.003 	 	 	 0.031 
62.950 	 0.077 	 0.003 	 	 	 0.031 
63.000 	 0.182 	 0.003 	 	 	 0.031 
63.050 	 0.290 	 0.003 	 	 	 0.027 
63.100 	 0.396 	 0.003 	 	 	 0.031 
63.150 	 0.495 	 0.003 	 	 	 0.033 
63.200 	 0.583 	 0.003 	 	 	 0.032 
63.250 	 0.658 	 0.003 	 	 	 0.037 
63.300 	 0.718 	 0.003 	 	 	 0.031 
63.350 	 0.764 	 0.003 	 	 	 0.031 
63.400 	 0.797 	 0.003 	 	 	 0.030 
63.450 	 0.818 	 0.003 	 	 	 0.030 
63.500 	 0.828 	 0.003 	 	 	 0.034 
63.550 	 0.828 	 0.003 	 	 	 0.025 
63.600 	 0.817 	 0.003 	 	 	 0.031 
63.650 	 0.794 	 0.003 	 	 	 0.032 
63.700 	 0.760 	 0.003 	 	 	 0.032 
63.750 	 0.712 	 0.003 	 	 	 0.023 
63.800 	 0.650 	 0.003 	 	 	 0.030 
63.850 	 0.574 	 0.003 	 	 	 0.030 
63.900 	 0.485 	 0.003 	 	 	 0.032 
63.950 	 0.385 	 0.003 	 	 	 0.030 
64.000 	 0.278 	 0.003 	 	 	 0.030 
64.050 	 0.170 	 0.003 	 	 	 0.023 
64.100 	 0.066 	 0.003 	 	 	 0.027 
64.150 	 -0.028 	 0.003 	 	 	 0.031 
64.200 	 -0.109 	 0.003 	 	 	 0.028 
64.250 	 -0.172 	 0.003 	 	 	 0.033 
64.300 	 -0.217 	 0.003 	 	 	 0.030 
64.350 	 -0.241 	 0.003 	 	 	 0.031 
64.400 	 -0.243 	 0.003 	 	 	 0.037 
64.450 	 -0.225 	 0.003 	 	 	 0.031 
64.500 	 -0.186 	 0.003 	 	 	 0.028 
64.550 	 -0.127 	 0.003 	 	 	 0.031 
64.600 	 -0.051 	 0.003 	 	 	 0.023 
64.650 	 0.040 	 0.003 	 	 	 0.030 
64.700 	 0.142 	 0.003 	 	 	 0.031 
64.750 	 0.249 	 0.003 	 	 	 0.030 
64.800 	 0.357 	 0.003 	 	 	 0.030 
64.850 	 0.459 	 0.003 	 	 	 0.031 
64.900 	 0.552 	 0.003 	 	 	 0.029 
64.950 	 0.631 	 0.003 	 	 	 0.029 
65.000 	 0.697 	 0.003 	 	 	 0.033 
65.050 	 0.749 	 0.003 	 	 	 0.033 
65.100 	 0.787 	 0.003 	 	 	 0.030 
65.150 	 0.812 	 0.003 	 	 	 0.028 
65.200 	 0.826 	 0.003 	 	 	 0.030 
65.250 	 0.829 	 0.003 	 	 	 0.030 
65.300 	 0.822 	 0.003 	 	 	 0.031 
65.350 	 0.804 	 0.003 	 	 	 0.031 
65.400 	 0.774 	 0.003 	 	 	 0.034 
65.450 	 0.732 	 0.003 	 	 	 0.030 
65.500 	 0.675 	 0.003 	 	 	 0.025 
65.550 	 0.604 	 0.003 	 	 	 0.033 
65.600 	 0.519 	 0.003 	 	 	 0.030 
65.650 	 0.423 	 0.003 	 	 	 0.031 
65.700 	 0.318 	 0.003 	 	 	 0.031 
65.750 	 0.210 	 0.003 	 	 	 0.032 
65.800 	 0.104 	 0.003 	 	 	 0.030 
65.850 	 0.006 	 0.003 	 	 	 0.035 
65.900 	 -0.081 	 0.003 	 	 	 0.032 
65.950 	 -0.151 	 0.003 	 	 	 0.036 
66.000 	 -0.203 	 0.003 	 	 	 0.031 
66.050 	 -0.234 	 0.003 	 	 	 0.024 
66.100 	 -0.245 	 0.003 	 	 	 0.030 
66.150 	 -0.234 	 0.003 	 	 	 0.032 
66.200 	 -0.203 	 0.003 	 	 	 0.031 
66.250 	 -0.151 	 0.003 	 	 	 0.030 
66.300 	 -0.081 	 0.003 	 	 	 0.032 
66.350 	 0.005 	 0.003 	 	 	 0.030 
66.400 	 0.103 	 0.003 	 	 	 0.030 
66.450 	 0.209 	 0.003 	 	 	 0.031 
66.500 	 0.317 	 0.003 	 	 	 0.033 
66.550 	 0.422 	 0.003 	 	 	 0.033 
66.600 	 0.518 	 0.003 	 	 	 0.030 
66.650 	 0.603 	 0.003 	 	 	 0.030 
66.700 	 0.675 	 0.003 	 	 	 0.031 
66.750 	 0.731 	 0.003 	 	 	 0.031 
66.800 	 0.774 	 0.003 	 	 	 0.030 
66.850 	 0.804 	 0.003 	 	 	 0.031 
66.900 	 0.822 	 0.003 	 	 	 0.032 
66.950 	 0.829 	 0.003 	 	 	 0.024 
67.000 	 0.826 	 0.003 	 	 	 0.033 
67.050 	 0.812 	 0.003 	 	 	 0.031 
67.100 	 0.787 	 0.003 	 	 	 0.037 
67.150 	 0.749 	 0.003 	 	 	 0.030 
67.200 	 0.698 	 0.003 	 	 	 0.023 
67.250 	 0.632 	 0.003 	 	 	 0.031 
67.300 	 0.552 	 0.003 	 	 	 0.031 
67.350 	 0.460 	 0.003 	 	 	 0.031 
67.400 	 0.358 	 0.003 	 	 	 0.031 
67.450 	 0.250 	 0.003 	 	 	 0.031 
67.500 	 0.143 	 0.003 	 	 	 0.031 
67.550 	 0.041 	 0.003 	 	 	 0.030 
67.600 	 -0.050 	 0.003 	 	 	 0.028 
67.650 	 -0.127 	 0.003 	 	 	 0.028 
67.700 	 -0.186 	 0.003 	 	 	 0.031 
67.750 	 -0.225 	 0.003 	 	 	 0.028 
67.800 	 -0.243 	 0.003 	 	 	 0.031 
67.850 	 -0.241 	 0.003 	 	 	 0.034 
67.900 	 -0.217 	 0.003 	 	 	 0.032 
67.950 	 -0.173 	 0.003 	 	 	 0.030 
